#! /c/Source/iverilog-install/bin/vvp
:ivl_version "12.0 (devel)" "(s20150603-1110-g18392a46)";
:ivl_delay_selection "TYPICAL";
:vpi_time_precision + 0;
:vpi_module "C:\iverilog\lib\ivl\system.vpi";
:vpi_module "C:\iverilog\lib\ivl\vhdl_sys.vpi";
:vpi_module "C:\iverilog\lib\ivl\vhdl_textio.vpi";
:vpi_module "C:\iverilog\lib\ivl\v2005_math.vpi";
:vpi_module "C:\iverilog\lib\ivl\va_math.vpi";
S_00000189e1896200 .scope module, "A2" "A2" 2 2;
 .timescale 0 0;
    .port_info 0 /INPUT 1 "clk";
    .port_info 1 /INPUT 1 "rst";
    .port_info 2 /INPUT 32 "data";
    .port_info 3 /OUTPUT 32 "result";
    .port_info 4 /OUTPUT 16 "ad";
    .port_info 5 /OUTPUT 1 "finish_flag";
v00000189e1a31aa0_0 .var "a1_0", 31 0;
v00000189e1a2ff20_0 .var "a1_1", 31 0;
v00000189e1a30ba0_0 .var "a2_0", 31 0;
v00000189e1a31b40_0 .var "a2_1", 31 0;
v00000189e1a310a0_0 .var "a3_0", 31 0;
v00000189e1a2fd40_0 .var "a3_1", 31 0;
v00000189e1a30c40_0 .var "a4_0", 31 0;
v00000189e1a30560_0 .var "a4_1", 31 0;
v00000189e1a30600_0 .var "a5_0", 31 0;
v00000189e1a2fde0_0 .var "a5_1", 31 0;
v00000189e1a315a0_0 .var "a6_0", 31 0;
v00000189e1a304c0_0 .var "a6_1", 31 0;
v00000189e1a30420_0 .var "a7_0", 31 0;
v00000189e1a2fe80_0 .var "a7_1", 31 0;
v00000189e1a2fa20_0 .var "a8_0", 31 0;
v00000189e1a31be0_0 .var "a8_1", 31 0;
v00000189e1a30240_0 .var "ad", 15 0;
v00000189e1a31d20_0 .var "b1_1", 31 0;
v00000189e1a2fb60_0 .var "b1_2", 31 0;
v00000189e1a30ce0_0 .var "b2_1", 31 0;
v00000189e1a302e0_0 .var "b2_2", 31 0;
v00000189e1a30e20_0 .var "b3_1", 31 0;
v00000189e1a34430_0 .var "b3_2", 31 0;
v00000189e1a35970_0 .var "b4_1", 31 0;
v00000189e1a34e30_0 .var "b4_2", 31 0;
v00000189e1a35470_0 .var "b5_1", 31 0;
v00000189e1a34a70_0 .var "b5_2", 31 0;
v00000189e1a34750_0 .var "b6_1", 31 0;
v00000189e1a346b0_0 .var "b6_2", 31 0;
v00000189e1a34bb0_0 .var "b7_1", 31 0;
v00000189e1a349d0_0 .var "b7_2", 31 0;
v00000189e1a347f0_0 .var "b8_1", 31 0;
v00000189e1a35dd0_0 .var "b8_2", 31 0;
o00000189e19f0b38 .functor BUFZ 1, C4<z>; HiZ drive
v00000189e1a34cf0_0 .net "clk", 0 0, o00000189e19f0b38;  0 drivers
o00000189e19f5758 .functor BUFZ 32, C4<zzzzzzzzzzzzzzzzzzzzzzzzzzzzzzzz>; HiZ drive
v00000189e1a33fd0_0 .net "data", 31 0, o00000189e19f5758;  0 drivers
v00000189e1a356f0_0 .var "finish_flag", 0 0;
v00000189e1a34d90_0 .var "gm", 31 0;
v00000189e1a35510_0 .net "out", 31 0, L_00000189e1a44f10;  1 drivers
v00000189e1a35790_0 .net "out_0", 31 0, L_00000189e1a34930;  1 drivers
v00000189e1a33c10_0 .net "out_1", 31 0, L_00000189e1a33df0;  1 drivers
v00000189e1a35a10_0 .net "out_2", 31 0, L_00000189e1a34610;  1 drivers
v00000189e1a350b0_0 .net "out_3", 31 0, L_00000189e1a37310;  1 drivers
v00000189e1a34ed0_0 .net "out_4", 31 0, L_00000189e1a3beb0;  1 drivers
v00000189e1a33990_0 .net "out_5", 31 0, L_00000189e1a3d670;  1 drivers
v00000189e1a35ab0_0 .net "out_6", 31 0, L_00000189e1a3e570;  1 drivers
v00000189e1a33a30_0 .net "out_7", 31 0, L_00000189e1a3e430;  1 drivers
v00000189e1a35330_0 .var "ppl_0", 31 0;
v00000189e1a35830_0 .var "ppl_in", 31 0;
v00000189e1a34f70_0 .var "result", 31 0;
o00000189e19f0bf8 .functor BUFZ 1, C4<z>; HiZ drive
v00000189e1a33d50_0 .net "rst", 0 0, o00000189e19f0bf8;  0 drivers
S_00000189e1896390 .scope module, "fixpmul_10" "fixpmul" 2 24, 3 1 0, S_00000189e1896200;
 .timescale 0 0;
    .port_info 0 /INPUT 32 "a";
    .port_info 1 /INPUT 32 "b";
    .port_info 2 /OUTPUT 32 "o";
v00000189e19116b0_0 .net/s *"_ivl_0", 63 0, L_00000189e1a33cb0;  1 drivers
v00000189e1912970_0 .net/s *"_ivl_2", 63 0, L_00000189e1a34b10;  1 drivers
v00000189e1911b10_0 .net *"_ivl_6", 63 0, L_00000189e1a358d0;  1 drivers
v00000189e1911750_0 .net *"_ivl_8", 47 0, L_00000189e1a34890;  1 drivers
v00000189e1911cf0_0 .net/s "a", 31 0, v00000189e1a35830_0;  1 drivers
v00000189e1911d90_0 .net/s "b", 31 0, v00000189e1a34d90_0;  1 drivers
v00000189e1912e70_0 .net/s "long", 63 0, L_00000189e1a35fb0;  1 drivers
v00000189e1913190_0 .net/s "o", 31 0, L_00000189e1a34930;  alias, 1 drivers
L_00000189e1a33cb0 .extend/s 64, v00000189e1a35830_0;
L_00000189e1a34b10 .extend/s 64, v00000189e1a34d90_0;
L_00000189e1a35fb0 .arith/mult 64, L_00000189e1a33cb0, L_00000189e1a34b10;
L_00000189e1a34890 .part L_00000189e1a35fb0, 16, 48;
L_00000189e1a358d0 .extend/s 64, L_00000189e1a34890;
L_00000189e1a34930 .part L_00000189e1a358d0, 0, 32;
S_00000189e189e5f0 .scope module, "pe1" "pe" 2 25, 4 2 0, S_00000189e1896200;
 .timescale 0 0;
    .port_info 0 /INPUT 32 "in";
    .port_info 1 /INOUT 1 "clk";
    .port_info 2 /INPUT 1 "rst";
    .port_info 3 /INPUT 32 "a1";
    .port_info 4 /INPUT 32 "a2";
    .port_info 5 /INPUT 32 "b1";
    .port_info 6 /INPUT 32 "b2";
    .port_info 7 /OUTPUT 32 "out";
v00000189e194c8f0_0 .net *"_ivl_2", 31 0, L_00000189e1a35150;  1 drivers
v00000189e194c0d0_0 .net "a1", 31 0, v00000189e1a31aa0_0;  1 drivers
v00000189e194cc10_0 .net "a2", 31 0, v00000189e1a2ff20_0;  1 drivers
v00000189e194ce90_0 .net "b1", 31 0, v00000189e1a31d20_0;  1 drivers
v00000189e194b630_0 .net "b2", 31 0, v00000189e1a2fb60_0;  1 drivers
v00000189e194b590_0 .var "buffer0", 31 0;
v00000189e194b1d0_0 .var "buffer1", 31 0;
v00000189e194b310_0 .var "buffer2", 31 0;
v00000189e194b6d0_0 .net "clk", 0 0, o00000189e19f0b38;  alias, 0 drivers
v00000189e194bb30_0 .net "in", 31 0, v00000189e1a35330_0;  1 drivers
v00000189e194c2b0_0 .net "in_1", 31 0, L_00000189e1a35b50;  1 drivers
v00000189e194c670_0 .net "out", 31 0, L_00000189e1a33df0;  alias, 1 drivers
v00000189e194c350_0 .net "out1", 31 0, L_00000189e1a351f0;  1 drivers
v00000189e194c3f0_0 .net "out2", 31 0, L_00000189e1a353d0;  1 drivers
v00000189e194b090_0 .net "out3", 31 0, L_00000189e1a360f0;  1 drivers
v00000189e194c210_0 .net "out4", 31 0, L_00000189e1a34250;  1 drivers
v00000189e194c990_0 .var "reg1", 31 0;
v00000189e194bc70_0 .var "reg2", 31 0;
v00000189e194b810_0 .net "rst", 0 0, o00000189e19f0bf8;  alias, 0 drivers
E_00000189e191d180/0 .event negedge, v00000189e194b810_0;
E_00000189e191d180/1 .event posedge, v00000189e194b6d0_0;
E_00000189e191d180 .event/or E_00000189e191d180/0, E_00000189e191d180/1;
L_00000189e1a35b50 .arith/sum 32, L_00000189e1a351f0, L_00000189e1a353d0;
L_00000189e1a35150 .arith/sum 32, v00000189e194b590_0, L_00000189e1a360f0;
L_00000189e1a33df0 .arith/sum 32, L_00000189e1a35150, L_00000189e1a34250;
S_00000189e189e780 .scope module, "fixpmul_1" "fixpmul" 4 39, 3 1 0, S_00000189e189e5f0;
 .timescale 0 0;
    .port_info 0 /INPUT 32 "a";
    .port_info 1 /INPUT 32 "b";
    .port_info 2 /OUTPUT 32 "o";
v00000189e1912f10_0 .net/s *"_ivl_0", 63 0, L_00000189e1a33ad0;  1 drivers
v00000189e1911e30_0 .net/s *"_ivl_2", 63 0, L_00000189e1a35bf0;  1 drivers
v00000189e1912150_0 .net *"_ivl_6", 63 0, L_00000189e1a33f30;  1 drivers
v00000189e19120b0_0 .net *"_ivl_8", 47 0, L_00000189e1a355b0;  1 drivers
v00000189e19121f0_0 .net/s "a", 31 0, v00000189e1a2ff20_0;  alias, 1 drivers
v00000189e1913230_0 .net/s "b", 31 0, v00000189e194bc70_0;  1 drivers
v00000189e1912470_0 .net/s "long", 63 0, L_00000189e1a33e90;  1 drivers
v00000189e1912fb0_0 .net/s "o", 31 0, L_00000189e1a351f0;  alias, 1 drivers
L_00000189e1a33ad0 .extend/s 64, v00000189e1a2ff20_0;
L_00000189e1a35bf0 .extend/s 64, v00000189e194bc70_0;
L_00000189e1a33e90 .arith/mult 64, L_00000189e1a33ad0, L_00000189e1a35bf0;
L_00000189e1a355b0 .part L_00000189e1a33e90, 16, 48;
L_00000189e1a33f30 .extend/s 64, L_00000189e1a355b0;
L_00000189e1a351f0 .part L_00000189e1a33f30, 0, 32;
S_00000189e189e910 .scope module, "fixpmul_2" "fixpmul" 4 40, 3 1 0, S_00000189e189e5f0;
 .timescale 0 0;
    .port_info 0 /INPUT 32 "a";
    .port_info 1 /INPUT 32 "b";
    .port_info 2 /OUTPUT 32 "o";
v00000189e1912290_0 .net/s *"_ivl_0", 63 0, L_00000189e1a35010;  1 drivers
v00000189e19125b0_0 .net/s *"_ivl_2", 63 0, L_00000189e1a34c50;  1 drivers
v00000189e1912510_0 .net *"_ivl_6", 63 0, L_00000189e1a35290;  1 drivers
v00000189e19114d0_0 .net *"_ivl_8", 47 0, L_00000189e1a344d0;  1 drivers
v00000189e1911890_0 .net/s "a", 31 0, v00000189e1a31aa0_0;  alias, 1 drivers
v00000189e1911610_0 .net/s "b", 31 0, v00000189e194c990_0;  1 drivers
v00000189e19117f0_0 .net/s "long", 63 0, L_00000189e1a34070;  1 drivers
v00000189e19123d0_0 .net/s "o", 31 0, L_00000189e1a353d0;  alias, 1 drivers
L_00000189e1a35010 .extend/s 64, v00000189e1a31aa0_0;
L_00000189e1a34c50 .extend/s 64, v00000189e194c990_0;
L_00000189e1a34070 .arith/mult 64, L_00000189e1a35010, L_00000189e1a34c50;
L_00000189e1a344d0 .part L_00000189e1a34070, 16, 48;
L_00000189e1a35290 .extend/s 64, L_00000189e1a344d0;
L_00000189e1a353d0 .part L_00000189e1a35290, 0, 32;
S_00000189e1a210a0 .scope module, "fixpmul_3" "fixpmul" 4 41, 3 1 0, S_00000189e189e5f0;
 .timescale 0 0;
    .port_info 0 /INPUT 32 "a";
    .port_info 1 /INPUT 32 "b";
    .port_info 2 /OUTPUT 32 "o";
v00000189e1912650_0 .net/s *"_ivl_0", 63 0, L_00000189e1a35e70;  1 drivers
v00000189e19119d0_0 .net/s *"_ivl_2", 63 0, L_00000189e1a36050;  1 drivers
v00000189e1911a70_0 .net *"_ivl_6", 63 0, L_00000189e1a34570;  1 drivers
v00000189e18edda0_0 .net *"_ivl_8", 47 0, L_00000189e1a35f10;  1 drivers
v00000189e18ee200_0 .net/s "a", 31 0, v00000189e1a31d20_0;  alias, 1 drivers
v00000189e18ee980_0 .net/s "b", 31 0, v00000189e194b1d0_0;  1 drivers
v00000189e18ee700_0 .net/s "long", 63 0, L_00000189e1a341b0;  1 drivers
v00000189e18eeca0_0 .net/s "o", 31 0, L_00000189e1a360f0;  alias, 1 drivers
L_00000189e1a35e70 .extend/s 64, v00000189e1a31d20_0;
L_00000189e1a36050 .extend/s 64, v00000189e194b1d0_0;
L_00000189e1a341b0 .arith/mult 64, L_00000189e1a35e70, L_00000189e1a36050;
L_00000189e1a35f10 .part L_00000189e1a341b0, 16, 48;
L_00000189e1a34570 .extend/s 64, L_00000189e1a35f10;
L_00000189e1a360f0 .part L_00000189e1a34570, 0, 32;
S_00000189e1a21230 .scope module, "fixpmul_4" "fixpmul" 4 42, 3 1 0, S_00000189e189e5f0;
 .timescale 0 0;
    .port_info 0 /INPUT 32 "a";
    .port_info 1 /INPUT 32 "b";
    .port_info 2 /OUTPUT 32 "o";
v00000189e18ed300_0 .net/s *"_ivl_0", 63 0, L_00000189e1a35650;  1 drivers
v00000189e18edb20_0 .net/s *"_ivl_2", 63 0, L_00000189e1a35c90;  1 drivers
v00000189e18ee340_0 .net *"_ivl_6", 63 0, L_00000189e1a33b70;  1 drivers
v00000189e18e5120_0 .net *"_ivl_8", 47 0, L_00000189e1a35d30;  1 drivers
v00000189e18e5300_0 .net/s "a", 31 0, v00000189e1a2fb60_0;  alias, 1 drivers
v00000189e194b270_0 .net/s "b", 31 0, v00000189e194b310_0;  1 drivers
v00000189e194be50_0 .net/s "long", 63 0, L_00000189e1a34110;  1 drivers
v00000189e194cd50_0 .net/s "o", 31 0, L_00000189e1a34250;  alias, 1 drivers
L_00000189e1a35650 .extend/s 64, v00000189e1a2fb60_0;
L_00000189e1a35c90 .extend/s 64, v00000189e194b310_0;
L_00000189e1a34110 .arith/mult 64, L_00000189e1a35650, L_00000189e1a35c90;
L_00000189e1a35d30 .part L_00000189e1a34110, 16, 48;
L_00000189e1a33b70 .extend/s 64, L_00000189e1a35d30;
L_00000189e1a34250 .part L_00000189e1a33b70, 0, 32;
S_00000189e1a214d0 .scope module, "pe2" "pe" 2 26, 4 2 0, S_00000189e1896200;
 .timescale 0 0;
    .port_info 0 /INPUT 32 "in";
    .port_info 1 /INOUT 1 "clk";
    .port_info 2 /INPUT 1 "rst";
    .port_info 3 /INPUT 32 "a1";
    .port_info 4 /INPUT 32 "a2";
    .port_info 5 /INPUT 32 "b1";
    .port_info 6 /INPUT 32 "b2";
    .port_info 7 /OUTPUT 32 "out";
v00000189e1a220b0_0 .net *"_ivl_2", 31 0, L_00000189e1a34390;  1 drivers
v00000189e1a23870_0 .net "a1", 31 0, v00000189e1a30ba0_0;  1 drivers
v00000189e1a237d0_0 .net "a2", 31 0, v00000189e1a31b40_0;  1 drivers
v00000189e1a23050_0 .net "b1", 31 0, v00000189e1a30ce0_0;  1 drivers
v00000189e1a22150_0 .net "b2", 31 0, v00000189e1a302e0_0;  1 drivers
v00000189e1a22010_0 .var "buffer0", 31 0;
v00000189e1a22fb0_0 .var "buffer1", 31 0;
v00000189e1a23af0_0 .var "buffer2", 31 0;
v00000189e1a221f0_0 .net "clk", 0 0, o00000189e19f0b38;  alias, 0 drivers
v00000189e1a230f0_0 .net "in", 31 0, L_00000189e1a33df0;  alias, 1 drivers
v00000189e1a23190_0 .net "in_1", 31 0, L_00000189e1a342f0;  1 drivers
v00000189e1a23a50_0 .net "out", 31 0, L_00000189e1a34610;  alias, 1 drivers
v00000189e1a23550_0 .net "out1", 31 0, L_00000189e1a362d0;  1 drivers
v00000189e1a22650_0 .net "out2", 31 0, L_00000189e1a37130;  1 drivers
v00000189e1a228d0_0 .net "out3", 31 0, L_00000189e1a364b0;  1 drivers
v00000189e1a232d0_0 .net "out4", 31 0, L_00000189e1a36730;  1 drivers
v00000189e1a22290_0 .var "reg1", 31 0;
v00000189e1a22bf0_0 .var "reg2", 31 0;
v00000189e1a22330_0 .net "rst", 0 0, o00000189e19f0bf8;  alias, 0 drivers
L_00000189e1a342f0 .arith/sum 32, L_00000189e1a362d0, L_00000189e1a37130;
L_00000189e1a34390 .arith/sum 32, v00000189e1a22010_0, L_00000189e1a364b0;
L_00000189e1a34610 .arith/sum 32, L_00000189e1a34390, L_00000189e1a36730;
S_00000189e1a21660 .scope module, "fixpmul_1" "fixpmul" 4 39, 3 1 0, S_00000189e1a214d0;
 .timescale 0 0;
    .port_info 0 /INPUT 32 "a";
    .port_info 1 /INPUT 32 "b";
    .port_info 2 /OUTPUT 32 "o";
v00000189e194ca30_0 .net/s *"_ivl_0", 63 0, L_00000189e1a36af0;  1 drivers
v00000189e194b770_0 .net/s *"_ivl_2", 63 0, L_00000189e1a36410;  1 drivers
v00000189e194ccb0_0 .net *"_ivl_6", 63 0, L_00000189e1a367d0;  1 drivers
v00000189e194cdf0_0 .net *"_ivl_8", 47 0, L_00000189e1a36910;  1 drivers
v00000189e194c490_0 .net/s "a", 31 0, v00000189e1a31b40_0;  alias, 1 drivers
v00000189e194cf30_0 .net/s "b", 31 0, v00000189e1a22bf0_0;  1 drivers
v00000189e194cad0_0 .net/s "long", 63 0, L_00000189e1a36550;  1 drivers
v00000189e194cb70_0 .net/s "o", 31 0, L_00000189e1a362d0;  alias, 1 drivers
L_00000189e1a36af0 .extend/s 64, v00000189e1a31b40_0;
L_00000189e1a36410 .extend/s 64, v00000189e1a22bf0_0;
L_00000189e1a36550 .arith/mult 64, L_00000189e1a36af0, L_00000189e1a36410;
L_00000189e1a36910 .part L_00000189e1a36550, 16, 48;
L_00000189e1a367d0 .extend/s 64, L_00000189e1a36910;
L_00000189e1a362d0 .part L_00000189e1a367d0, 0, 32;
S_00000189e1a217f0 .scope module, "fixpmul_2" "fixpmul" 4 40, 3 1 0, S_00000189e1a214d0;
 .timescale 0 0;
    .port_info 0 /INPUT 32 "a";
    .port_info 1 /INPUT 32 "b";
    .port_info 2 /OUTPUT 32 "o";
v00000189e194c850_0 .net/s *"_ivl_0", 63 0, L_00000189e1a36d70;  1 drivers
v00000189e194b130_0 .net/s *"_ivl_2", 63 0, L_00000189e1a36ff0;  1 drivers
v00000189e194b8b0_0 .net *"_ivl_6", 63 0, L_00000189e1a36870;  1 drivers
v00000189e194c530_0 .net *"_ivl_8", 47 0, L_00000189e1a371d0;  1 drivers
v00000189e194bef0_0 .net/s "a", 31 0, v00000189e1a30ba0_0;  alias, 1 drivers
v00000189e194b3b0_0 .net/s "b", 31 0, v00000189e1a22290_0;  1 drivers
v00000189e194b450_0 .net/s "long", 63 0, L_00000189e1a37090;  1 drivers
v00000189e194c710_0 .net/s "o", 31 0, L_00000189e1a37130;  alias, 1 drivers
L_00000189e1a36d70 .extend/s 64, v00000189e1a30ba0_0;
L_00000189e1a36ff0 .extend/s 64, v00000189e1a22290_0;
L_00000189e1a37090 .arith/mult 64, L_00000189e1a36d70, L_00000189e1a36ff0;
L_00000189e1a371d0 .part L_00000189e1a37090, 16, 48;
L_00000189e1a36870 .extend/s 64, L_00000189e1a371d0;
L_00000189e1a37130 .part L_00000189e1a36870, 0, 32;
S_00000189e1a21980 .scope module, "fixpmul_3" "fixpmul" 4 41, 3 1 0, S_00000189e1a214d0;
 .timescale 0 0;
    .port_info 0 /INPUT 32 "a";
    .port_info 1 /INPUT 32 "b";
    .port_info 2 /OUTPUT 32 "o";
v00000189e194b950_0 .net/s *"_ivl_0", 63 0, L_00000189e1a365f0;  1 drivers
v00000189e194bd10_0 .net/s *"_ivl_2", 63 0, L_00000189e1a37590;  1 drivers
v00000189e194b4f0_0 .net *"_ivl_6", 63 0, L_00000189e1a37450;  1 drivers
v00000189e194b9f0_0 .net *"_ivl_8", 47 0, L_00000189e1a36690;  1 drivers
v00000189e194ba90_0 .net/s "a", 31 0, v00000189e1a30ce0_0;  alias, 1 drivers
v00000189e194bbd0_0 .net/s "b", 31 0, v00000189e1a22fb0_0;  1 drivers
v00000189e194bdb0_0 .net/s "long", 63 0, L_00000189e1a369b0;  1 drivers
v00000189e194bf90_0 .net/s "o", 31 0, L_00000189e1a364b0;  alias, 1 drivers
L_00000189e1a365f0 .extend/s 64, v00000189e1a30ce0_0;
L_00000189e1a37590 .extend/s 64, v00000189e1a22fb0_0;
L_00000189e1a369b0 .arith/mult 64, L_00000189e1a365f0, L_00000189e1a37590;
L_00000189e1a36690 .part L_00000189e1a369b0, 16, 48;
L_00000189e1a37450 .extend/s 64, L_00000189e1a36690;
L_00000189e1a364b0 .part L_00000189e1a37450, 0, 32;
S_00000189e1a21b10 .scope module, "fixpmul_4" "fixpmul" 4 42, 3 1 0, S_00000189e1a214d0;
 .timescale 0 0;
    .port_info 0 /INPUT 32 "a";
    .port_info 1 /INPUT 32 "b";
    .port_info 2 /OUTPUT 32 "o";
v00000189e194c7b0_0 .net/s *"_ivl_0", 63 0, L_00000189e1a36a50;  1 drivers
v00000189e194c030_0 .net/s *"_ivl_2", 63 0, L_00000189e1a36b90;  1 drivers
v00000189e194c170_0 .net *"_ivl_6", 63 0, L_00000189e1a36370;  1 drivers
v00000189e194c5d0_0 .net *"_ivl_8", 47 0, L_00000189e1a37630;  1 drivers
v00000189e1a22790_0 .net/s "a", 31 0, v00000189e1a302e0_0;  alias, 1 drivers
v00000189e1a23b90_0 .net/s "b", 31 0, v00000189e1a23af0_0;  1 drivers
v00000189e1a239b0_0 .net/s "long", 63 0, L_00000189e1a373b0;  1 drivers
v00000189e1a23910_0 .net/s "o", 31 0, L_00000189e1a36730;  alias, 1 drivers
L_00000189e1a36a50 .extend/s 64, v00000189e1a302e0_0;
L_00000189e1a36b90 .extend/s 64, v00000189e1a23af0_0;
L_00000189e1a373b0 .arith/mult 64, L_00000189e1a36a50, L_00000189e1a36b90;
L_00000189e1a37630 .part L_00000189e1a373b0, 16, 48;
L_00000189e1a36370 .extend/s 64, L_00000189e1a37630;
L_00000189e1a36730 .part L_00000189e1a36370, 0, 32;
S_00000189e1a23dc0 .scope module, "pe3" "pe" 2 27, 4 2 0, S_00000189e1896200;
 .timescale 0 0;
    .port_info 0 /INPUT 32 "in";
    .port_info 1 /INOUT 1 "clk";
    .port_info 2 /INPUT 1 "rst";
    .port_info 3 /INPUT 32 "a1";
    .port_info 4 /INPUT 32 "a2";
    .port_info 5 /INPUT 32 "b1";
    .port_info 6 /INPUT 32 "b2";
    .port_info 7 /OUTPUT 32 "out";
v00000189e1a25e40_0 .net *"_ivl_2", 31 0, L_00000189e1a37270;  1 drivers
v00000189e1a24ea0_0 .net "a1", 31 0, v00000189e1a310a0_0;  1 drivers
v00000189e1a24c20_0 .net "a2", 31 0, v00000189e1a2fd40_0;  1 drivers
v00000189e1a26200_0 .net "b1", 31 0, v00000189e1a30e20_0;  1 drivers
v00000189e1a25f80_0 .net "b2", 31 0, v00000189e1a34430_0;  1 drivers
v00000189e1a247c0_0 .var "buffer0", 31 0;
v00000189e1a25ee0_0 .var "buffer1", 31 0;
v00000189e1a25760_0 .var "buffer2", 31 0;
v00000189e1a25620_0 .net "clk", 0 0, o00000189e19f0b38;  alias, 0 drivers
v00000189e1a245e0_0 .net "in", 31 0, L_00000189e1a34610;  alias, 1 drivers
v00000189e1a260c0_0 .net "in_1", 31 0, L_00000189e1a37810;  1 drivers
v00000189e1a24720_0 .net "out", 31 0, L_00000189e1a37310;  alias, 1 drivers
v00000189e1a25c60_0 .net "out1", 31 0, L_00000189e1a36eb0;  1 drivers
v00000189e1a26020_0 .net "out2", 31 0, L_00000189e1a3cef0;  1 drivers
v00000189e1a24860_0 .net "out3", 31 0, L_00000189e1a3d990;  1 drivers
v00000189e1a24cc0_0 .net "out4", 31 0, L_00000189e1a3ca90;  1 drivers
v00000189e1a24f40_0 .var "reg1", 31 0;
v00000189e1a24fe0_0 .var "reg2", 31 0;
v00000189e1a26160_0 .net "rst", 0 0, o00000189e19f0bf8;  alias, 0 drivers
L_00000189e1a37810 .arith/sum 32, L_00000189e1a36eb0, L_00000189e1a3cef0;
L_00000189e1a37270 .arith/sum 32, v00000189e1a247c0_0, L_00000189e1a3d990;
L_00000189e1a37310 .arith/sum 32, L_00000189e1a37270, L_00000189e1a3ca90;
S_00000189e1a23f50 .scope module, "fixpmul_1" "fixpmul" 4 39, 3 1 0, S_00000189e1a23dc0;
 .timescale 0 0;
    .port_info 0 /INPUT 32 "a";
    .port_info 1 /INPUT 32 "b";
    .port_info 2 /OUTPUT 32 "o";
v00000189e1a223d0_0 .net/s *"_ivl_0", 63 0, L_00000189e1a374f0;  1 drivers
v00000189e1a22dd0_0 .net/s *"_ivl_2", 63 0, L_00000189e1a376d0;  1 drivers
v00000189e1a21cf0_0 .net *"_ivl_6", 63 0, L_00000189e1a36e10;  1 drivers
v00000189e1a23370_0 .net *"_ivl_8", 47 0, L_00000189e1a36cd0;  1 drivers
v00000189e1a21d90_0 .net/s "a", 31 0, v00000189e1a2fd40_0;  alias, 1 drivers
v00000189e1a22e70_0 .net/s "b", 31 0, v00000189e1a24fe0_0;  1 drivers
v00000189e1a21e30_0 .net/s "long", 63 0, L_00000189e1a36c30;  1 drivers
v00000189e1a23690_0 .net/s "o", 31 0, L_00000189e1a36eb0;  alias, 1 drivers
L_00000189e1a374f0 .extend/s 64, v00000189e1a2fd40_0;
L_00000189e1a376d0 .extend/s 64, v00000189e1a24fe0_0;
L_00000189e1a36c30 .arith/mult 64, L_00000189e1a374f0, L_00000189e1a376d0;
L_00000189e1a36cd0 .part L_00000189e1a36c30, 16, 48;
L_00000189e1a36e10 .extend/s 64, L_00000189e1a36cd0;
L_00000189e1a36eb0 .part L_00000189e1a36e10, 0, 32;
S_00000189e1a240e0 .scope module, "fixpmul_2" "fixpmul" 4 40, 3 1 0, S_00000189e1a23dc0;
 .timescale 0 0;
    .port_info 0 /INPUT 32 "a";
    .port_info 1 /INPUT 32 "b";
    .port_info 2 /OUTPUT 32 "o";
v00000189e1a226f0_0 .net/s *"_ivl_0", 63 0, L_00000189e1a37770;  1 drivers
v00000189e1a21ed0_0 .net/s *"_ivl_2", 63 0, L_00000189e1a36190;  1 drivers
v00000189e1a21f70_0 .net *"_ivl_6", 63 0, L_00000189e1a3d850;  1 drivers
v00000189e1a22b50_0 .net *"_ivl_8", 47 0, L_00000189e1a36f50;  1 drivers
v00000189e1a235f0_0 .net/s "a", 31 0, v00000189e1a310a0_0;  alias, 1 drivers
v00000189e1a22470_0 .net/s "b", 31 0, v00000189e1a24f40_0;  1 drivers
v00000189e1a22510_0 .net/s "long", 63 0, L_00000189e1a36230;  1 drivers
v00000189e1a225b0_0 .net/s "o", 31 0, L_00000189e1a3cef0;  alias, 1 drivers
L_00000189e1a37770 .extend/s 64, v00000189e1a310a0_0;
L_00000189e1a36190 .extend/s 64, v00000189e1a24f40_0;
L_00000189e1a36230 .arith/mult 64, L_00000189e1a37770, L_00000189e1a36190;
L_00000189e1a36f50 .part L_00000189e1a36230, 16, 48;
L_00000189e1a3d850 .extend/s 64, L_00000189e1a36f50;
L_00000189e1a3cef0 .part L_00000189e1a3d850, 0, 32;
S_00000189e1a24270 .scope module, "fixpmul_3" "fixpmul" 4 41, 3 1 0, S_00000189e1a23dc0;
 .timescale 0 0;
    .port_info 0 /INPUT 32 "a";
    .port_info 1 /INPUT 32 "b";
    .port_info 2 /OUTPUT 32 "o";
v00000189e1a22830_0 .net/s *"_ivl_0", 63 0, L_00000189e1a3ddf0;  1 drivers
v00000189e1a23230_0 .net/s *"_ivl_2", 63 0, L_00000189e1a3cd10;  1 drivers
v00000189e1a22970_0 .net *"_ivl_6", 63 0, L_00000189e1a3cdb0;  1 drivers
v00000189e1a23410_0 .net *"_ivl_8", 47 0, L_00000189e1a3d530;  1 drivers
v00000189e1a22a10_0 .net/s "a", 31 0, v00000189e1a30e20_0;  alias, 1 drivers
v00000189e1a22f10_0 .net/s "b", 31 0, v00000189e1a25ee0_0;  1 drivers
v00000189e1a22ab0_0 .net/s "long", 63 0, L_00000189e1a3d710;  1 drivers
v00000189e1a22c90_0 .net/s "o", 31 0, L_00000189e1a3d990;  alias, 1 drivers
L_00000189e1a3ddf0 .extend/s 64, v00000189e1a30e20_0;
L_00000189e1a3cd10 .extend/s 64, v00000189e1a25ee0_0;
L_00000189e1a3d710 .arith/mult 64, L_00000189e1a3ddf0, L_00000189e1a3cd10;
L_00000189e1a3d530 .part L_00000189e1a3d710, 16, 48;
L_00000189e1a3cdb0 .extend/s 64, L_00000189e1a3d530;
L_00000189e1a3d990 .part L_00000189e1a3cdb0, 0, 32;
S_00000189e1a24400 .scope module, "fixpmul_4" "fixpmul" 4 42, 3 1 0, S_00000189e1a23dc0;
 .timescale 0 0;
    .port_info 0 /INPUT 32 "a";
    .port_info 1 /INPUT 32 "b";
    .port_info 2 /OUTPUT 32 "o";
v00000189e1a234b0_0 .net/s *"_ivl_0", 63 0, L_00000189e1a3cbd0;  1 drivers
v00000189e1a22d30_0 .net/s *"_ivl_2", 63 0, L_00000189e1a3baf0;  1 drivers
v00000189e1a23730_0 .net *"_ivl_6", 63 0, L_00000189e1a3d350;  1 drivers
v00000189e1a24b80_0 .net *"_ivl_8", 47 0, L_00000189e1a3de90;  1 drivers
v00000189e1a24680_0 .net/s "a", 31 0, v00000189e1a34430_0;  alias, 1 drivers
v00000189e1a24e00_0 .net/s "b", 31 0, v00000189e1a25760_0;  1 drivers
v00000189e1a26480_0 .net/s "long", 63 0, L_00000189e1a3b9b0;  1 drivers
v00000189e1a262a0_0 .net/s "o", 31 0, L_00000189e1a3ca90;  alias, 1 drivers
L_00000189e1a3cbd0 .extend/s 64, v00000189e1a34430_0;
L_00000189e1a3baf0 .extend/s 64, v00000189e1a25760_0;
L_00000189e1a3b9b0 .arith/mult 64, L_00000189e1a3cbd0, L_00000189e1a3baf0;
L_00000189e1a3de90 .part L_00000189e1a3b9b0, 16, 48;
L_00000189e1a3d350 .extend/s 64, L_00000189e1a3de90;
L_00000189e1a3ca90 .part L_00000189e1a3d350, 0, 32;
S_00000189e1a26890 .scope module, "pe4" "pe" 2 28, 4 2 0, S_00000189e1896200;
 .timescale 0 0;
    .port_info 0 /INPUT 32 "in";
    .port_info 1 /INOUT 1 "clk";
    .port_info 2 /INPUT 1 "rst";
    .port_info 3 /INPUT 32 "a1";
    .port_info 4 /INPUT 32 "a2";
    .port_info 5 /INPUT 32 "b1";
    .port_info 6 /INPUT 32 "b2";
    .port_info 7 /OUTPUT 32 "out";
v00000189e1a28ed0_0 .net *"_ivl_2", 31 0, L_00000189e1a3dfd0;  1 drivers
v00000189e1a27ad0_0 .net "a1", 31 0, v00000189e1a30c40_0;  1 drivers
v00000189e1a287f0_0 .net "a2", 31 0, v00000189e1a30560_0;  1 drivers
v00000189e1a29330_0 .net "b1", 31 0, v00000189e1a35970_0;  1 drivers
v00000189e1a28d90_0 .net "b2", 31 0, v00000189e1a34e30_0;  1 drivers
v00000189e1a28890_0 .var "buffer0", 31 0;
v00000189e1a29510_0 .var "buffer1", 31 0;
v00000189e1a27b70_0 .var "buffer2", 31 0;
v00000189e1a29470_0 .net "clk", 0 0, o00000189e19f0b38;  alias, 0 drivers
v00000189e1a289d0_0 .net "in", 31 0, L_00000189e1a37310;  alias, 1 drivers
v00000189e1a27fd0_0 .net "in_1", 31 0, L_00000189e1a3be10;  1 drivers
v00000189e1a27e90_0 .net "out", 31 0, L_00000189e1a3beb0;  alias, 1 drivers
v00000189e1a27990_0 .net "out1", 31 0, L_00000189e1a3c770;  1 drivers
v00000189e1a295b0_0 .net "out2", 31 0, L_00000189e1a3d490;  1 drivers
v00000189e1a28c50_0 .net "out3", 31 0, L_00000189e1a3d5d0;  1 drivers
v00000189e1a27c10_0 .net "out4", 31 0, L_00000189e1a3cb30;  1 drivers
v00000189e1a28cf0_0 .var "reg1", 31 0;
v00000189e1a29290_0 .var "reg2", 31 0;
v00000189e1a28070_0 .net "rst", 0 0, o00000189e19f0bf8;  alias, 0 drivers
L_00000189e1a3be10 .arith/sum 32, L_00000189e1a3c770, L_00000189e1a3d490;
L_00000189e1a3dfd0 .arith/sum 32, v00000189e1a28890_0, L_00000189e1a3d5d0;
L_00000189e1a3beb0 .arith/sum 32, L_00000189e1a3dfd0, L_00000189e1a3cb30;
S_00000189e1a26a20 .scope module, "fixpmul_1" "fixpmul" 4 39, 3 1 0, S_00000189e1a26890;
 .timescale 0 0;
    .port_info 0 /INPUT 32 "a";
    .port_info 1 /INPUT 32 "b";
    .port_info 2 /OUTPUT 32 "o";
v00000189e1a26340_0 .net/s *"_ivl_0", 63 0, L_00000189e1a3bb90;  1 drivers
v00000189e1a263e0_0 .net/s *"_ivl_2", 63 0, L_00000189e1a3cf90;  1 drivers
v00000189e1a256c0_0 .net *"_ivl_6", 63 0, L_00000189e1a3d8f0;  1 drivers
v00000189e1a25940_0 .net *"_ivl_8", 47 0, L_00000189e1a3d170;  1 drivers
v00000189e1a24900_0 .net/s "a", 31 0, v00000189e1a30560_0;  alias, 1 drivers
v00000189e1a249a0_0 .net/s "b", 31 0, v00000189e1a29290_0;  1 drivers
v00000189e1a25800_0 .net/s "long", 63 0, L_00000189e1a3bd70;  1 drivers
v00000189e1a24a40_0 .net/s "o", 31 0, L_00000189e1a3c770;  alias, 1 drivers
L_00000189e1a3bb90 .extend/s 64, v00000189e1a30560_0;
L_00000189e1a3cf90 .extend/s 64, v00000189e1a29290_0;
L_00000189e1a3bd70 .arith/mult 64, L_00000189e1a3bb90, L_00000189e1a3cf90;
L_00000189e1a3d170 .part L_00000189e1a3bd70, 16, 48;
L_00000189e1a3d8f0 .extend/s 64, L_00000189e1a3d170;
L_00000189e1a3c770 .part L_00000189e1a3d8f0, 0, 32;
S_00000189e1a27380 .scope module, "fixpmul_2" "fixpmul" 4 40, 3 1 0, S_00000189e1a26890;
 .timescale 0 0;
    .port_info 0 /INPUT 32 "a";
    .port_info 1 /INPUT 32 "b";
    .port_info 2 /OUTPUT 32 "o";
v00000189e1a24ae0_0 .net/s *"_ivl_0", 63 0, L_00000189e1a3d3f0;  1 drivers
v00000189e1a25300_0 .net/s *"_ivl_2", 63 0, L_00000189e1a3bff0;  1 drivers
v00000189e1a25260_0 .net *"_ivl_6", 63 0, L_00000189e1a3c810;  1 drivers
v00000189e1a24d60_0 .net *"_ivl_8", 47 0, L_00000189e1a3cc70;  1 drivers
v00000189e1a25580_0 .net/s "a", 31 0, v00000189e1a30c40_0;  alias, 1 drivers
v00000189e1a25a80_0 .net/s "b", 31 0, v00000189e1a28cf0_0;  1 drivers
v00000189e1a25bc0_0 .net/s "long", 63 0, L_00000189e1a3da30;  1 drivers
v00000189e1a25080_0 .net/s "o", 31 0, L_00000189e1a3d490;  alias, 1 drivers
L_00000189e1a3d3f0 .extend/s 64, v00000189e1a30c40_0;
L_00000189e1a3bff0 .extend/s 64, v00000189e1a28cf0_0;
L_00000189e1a3da30 .arith/mult 64, L_00000189e1a3d3f0, L_00000189e1a3bff0;
L_00000189e1a3cc70 .part L_00000189e1a3da30, 16, 48;
L_00000189e1a3c810 .extend/s 64, L_00000189e1a3cc70;
L_00000189e1a3d490 .part L_00000189e1a3c810, 0, 32;
S_00000189e1a26ed0 .scope module, "fixpmul_3" "fixpmul" 4 41, 3 1 0, S_00000189e1a26890;
 .timescale 0 0;
    .port_info 0 /INPUT 32 "a";
    .port_info 1 /INPUT 32 "b";
    .port_info 2 /OUTPUT 32 "o";
v00000189e1a258a0_0 .net/s *"_ivl_0", 63 0, L_00000189e1a3bf50;  1 drivers
v00000189e1a25120_0 .net/s *"_ivl_2", 63 0, L_00000189e1a3c630;  1 drivers
v00000189e1a259e0_0 .net *"_ivl_6", 63 0, L_00000189e1a3c9f0;  1 drivers
v00000189e1a25b20_0 .net *"_ivl_8", 47 0, L_00000189e1a3c450;  1 drivers
v00000189e1a25d00_0 .net/s "a", 31 0, v00000189e1a35970_0;  alias, 1 drivers
v00000189e1a251c0_0 .net/s "b", 31 0, v00000189e1a29510_0;  1 drivers
v00000189e1a253a0_0 .net/s "long", 63 0, L_00000189e1a3c6d0;  1 drivers
v00000189e1a25440_0 .net/s "o", 31 0, L_00000189e1a3d5d0;  alias, 1 drivers
L_00000189e1a3bf50 .extend/s 64, v00000189e1a35970_0;
L_00000189e1a3c630 .extend/s 64, v00000189e1a29510_0;
L_00000189e1a3c6d0 .arith/mult 64, L_00000189e1a3bf50, L_00000189e1a3c630;
L_00000189e1a3c450 .part L_00000189e1a3c6d0, 16, 48;
L_00000189e1a3c9f0 .extend/s 64, L_00000189e1a3c450;
L_00000189e1a3d5d0 .part L_00000189e1a3c9f0, 0, 32;
S_00000189e1a26bb0 .scope module, "fixpmul_4" "fixpmul" 4 42, 3 1 0, S_00000189e1a26890;
 .timescale 0 0;
    .port_info 0 /INPUT 32 "a";
    .port_info 1 /INPUT 32 "b";
    .port_info 2 /OUTPUT 32 "o";
v00000189e1a25da0_0 .net/s *"_ivl_0", 63 0, L_00000189e1a3c3b0;  1 drivers
v00000189e1a254e0_0 .net/s *"_ivl_2", 63 0, L_00000189e1a3e110;  1 drivers
v00000189e1a28b10_0 .net *"_ivl_6", 63 0, L_00000189e1a3bc30;  1 drivers
v00000189e1a293d0_0 .net *"_ivl_8", 47 0, L_00000189e1a3c590;  1 drivers
v00000189e1a28bb0_0 .net/s "a", 31 0, v00000189e1a34e30_0;  alias, 1 drivers
v00000189e1a27a30_0 .net/s "b", 31 0, v00000189e1a27b70_0;  1 drivers
v00000189e1a278f0_0 .net/s "long", 63 0, L_00000189e1a3c4f0;  1 drivers
v00000189e1a27f30_0 .net/s "o", 31 0, L_00000189e1a3cb30;  alias, 1 drivers
L_00000189e1a3c3b0 .extend/s 64, v00000189e1a34e30_0;
L_00000189e1a3e110 .extend/s 64, v00000189e1a27b70_0;
L_00000189e1a3c4f0 .arith/mult 64, L_00000189e1a3c3b0, L_00000189e1a3e110;
L_00000189e1a3c590 .part L_00000189e1a3c4f0, 16, 48;
L_00000189e1a3bc30 .extend/s 64, L_00000189e1a3c590;
L_00000189e1a3cb30 .part L_00000189e1a3bc30, 0, 32;
S_00000189e1a26d40 .scope module, "pe5" "pe" 2 29, 4 2 0, S_00000189e1896200;
 .timescale 0 0;
    .port_info 0 /INPUT 32 "in";
    .port_info 1 /INOUT 1 "clk";
    .port_info 2 /INPUT 1 "rst";
    .port_info 3 /INPUT 32 "a1";
    .port_info 4 /INPUT 32 "a2";
    .port_info 5 /INPUT 32 "b1";
    .port_info 6 /INPUT 32 "b2";
    .port_info 7 /OUTPUT 32 "out";
v00000189e1a29a10_0 .net *"_ivl_2", 31 0, L_00000189e1a3c8b0;  1 drivers
v00000189e1a2a4b0_0 .net "a1", 31 0, v00000189e1a30600_0;  1 drivers
v00000189e1a2b630_0 .net "a2", 31 0, v00000189e1a2fde0_0;  1 drivers
v00000189e1a2a550_0 .net "b1", 31 0, v00000189e1a35470_0;  1 drivers
v00000189e1a29f10_0 .net "b2", 31 0, v00000189e1a34a70_0;  1 drivers
v00000189e1a2aeb0_0 .var "buffer0", 31 0;
v00000189e1a2b450_0 .var "buffer1", 31 0;
v00000189e1a2af50_0 .var "buffer2", 31 0;
v00000189e1a29830_0 .net "clk", 0 0, o00000189e19f0b38;  alias, 0 drivers
v00000189e1a2aaf0_0 .net "in", 31 0, L_00000189e1a3beb0;  alias, 1 drivers
v00000189e1a298d0_0 .net "in_1", 31 0, L_00000189e1a3dad0;  1 drivers
v00000189e1a29b50_0 .net "out", 31 0, L_00000189e1a3d670;  alias, 1 drivers
v00000189e1a2ac30_0 .net "out1", 31 0, L_00000189e1a3db70;  1 drivers
v00000189e1a2a2d0_0 .net "out2", 31 0, L_00000189e1a3c090;  1 drivers
v00000189e1a2a0f0_0 .net "out3", 31 0, L_00000189e1a3c270;  1 drivers
v00000189e1a29bf0_0 .net "out4", 31 0, L_00000189e1a3e9d0;  1 drivers
v00000189e1a29970_0 .var "reg1", 31 0;
v00000189e1a2b090_0 .var "reg2", 31 0;
v00000189e1a29fb0_0 .net "rst", 0 0, o00000189e19f0bf8;  alias, 0 drivers
L_00000189e1a3dad0 .arith/sum 32, L_00000189e1a3db70, L_00000189e1a3c090;
L_00000189e1a3c8b0 .arith/sum 32, v00000189e1a2aeb0_0, L_00000189e1a3c270;
L_00000189e1a3d670 .arith/sum 32, L_00000189e1a3c8b0, L_00000189e1a3e9d0;
S_00000189e1a27060 .scope module, "fixpmul_1" "fixpmul" 4 39, 3 1 0, S_00000189e1a26d40;
 .timescale 0 0;
    .port_info 0 /INPUT 32 "a";
    .port_info 1 /INPUT 32 "b";
    .port_info 2 /OUTPUT 32 "o";
v00000189e1a28f70_0 .net/s *"_ivl_0", 63 0, L_00000189e1a3bcd0;  1 drivers
v00000189e1a286b0_0 .net/s *"_ivl_2", 63 0, L_00000189e1a3ce50;  1 drivers
v00000189e1a282f0_0 .net *"_ivl_6", 63 0, L_00000189e1a3d2b0;  1 drivers
v00000189e1a27cb0_0 .net *"_ivl_8", 47 0, L_00000189e1a3d7b0;  1 drivers
v00000189e1a29010_0 .net/s "a", 31 0, v00000189e1a2fde0_0;  alias, 1 drivers
v00000189e1a28930_0 .net/s "b", 31 0, v00000189e1a2b090_0;  1 drivers
v00000189e1a28750_0 .net/s "long", 63 0, L_00000189e1a3d210;  1 drivers
v00000189e1a27710_0 .net/s "o", 31 0, L_00000189e1a3db70;  alias, 1 drivers
L_00000189e1a3bcd0 .extend/s 64, v00000189e1a2fde0_0;
L_00000189e1a3ce50 .extend/s 64, v00000189e1a2b090_0;
L_00000189e1a3d210 .arith/mult 64, L_00000189e1a3bcd0, L_00000189e1a3ce50;
L_00000189e1a3d7b0 .part L_00000189e1a3d210, 16, 48;
L_00000189e1a3d2b0 .extend/s 64, L_00000189e1a3d7b0;
L_00000189e1a3db70 .part L_00000189e1a3d2b0, 0, 32;
S_00000189e1a271f0 .scope module, "fixpmul_2" "fixpmul" 4 40, 3 1 0, S_00000189e1a26d40;
 .timescale 0 0;
    .port_info 0 /INPUT 32 "a";
    .port_info 1 /INPUT 32 "b";
    .port_info 2 /OUTPUT 32 "o";
v00000189e1a290b0_0 .net/s *"_ivl_0", 63 0, L_00000189e1a3ba50;  1 drivers
v00000189e1a27d50_0 .net/s *"_ivl_2", 63 0, L_00000189e1a3dc10;  1 drivers
v00000189e1a27df0_0 .net *"_ivl_6", 63 0, L_00000189e1a3d0d0;  1 drivers
v00000189e1a28110_0 .net *"_ivl_8", 47 0, L_00000189e1a3dd50;  1 drivers
v00000189e1a28a70_0 .net/s "a", 31 0, v00000189e1a30600_0;  alias, 1 drivers
v00000189e1a28e30_0 .net/s "b", 31 0, v00000189e1a29970_0;  1 drivers
v00000189e1a277b0_0 .net/s "long", 63 0, L_00000189e1a3dcb0;  1 drivers
v00000189e1a281b0_0 .net/s "o", 31 0, L_00000189e1a3c090;  alias, 1 drivers
L_00000189e1a3ba50 .extend/s 64, v00000189e1a30600_0;
L_00000189e1a3dc10 .extend/s 64, v00000189e1a29970_0;
L_00000189e1a3dcb0 .arith/mult 64, L_00000189e1a3ba50, L_00000189e1a3dc10;
L_00000189e1a3dd50 .part L_00000189e1a3dcb0, 16, 48;
L_00000189e1a3d0d0 .extend/s 64, L_00000189e1a3dd50;
L_00000189e1a3c090 .part L_00000189e1a3d0d0, 0, 32;
S_00000189e1a27510 .scope module, "fixpmul_3" "fixpmul" 4 41, 3 1 0, S_00000189e1a26d40;
 .timescale 0 0;
    .port_info 0 /INPUT 32 "a";
    .port_info 1 /INPUT 32 "b";
    .port_info 2 /OUTPUT 32 "o";
v00000189e1a29150_0 .net/s *"_ivl_0", 63 0, L_00000189e1a3d030;  1 drivers
v00000189e1a28390_0 .net/s *"_ivl_2", 63 0, L_00000189e1a3df30;  1 drivers
v00000189e1a27850_0 .net *"_ivl_6", 63 0, L_00000189e1a3c1d0;  1 drivers
v00000189e1a28610_0 .net *"_ivl_8", 47 0, L_00000189e1a3e070;  1 drivers
v00000189e1a291f0_0 .net/s "a", 31 0, v00000189e1a35470_0;  alias, 1 drivers
v00000189e1a28250_0 .net/s "b", 31 0, v00000189e1a2b450_0;  1 drivers
v00000189e1a28430_0 .net/s "long", 63 0, L_00000189e1a3c130;  1 drivers
v00000189e1a284d0_0 .net/s "o", 31 0, L_00000189e1a3c270;  alias, 1 drivers
L_00000189e1a3d030 .extend/s 64, v00000189e1a35470_0;
L_00000189e1a3df30 .extend/s 64, v00000189e1a2b450_0;
L_00000189e1a3c130 .arith/mult 64, L_00000189e1a3d030, L_00000189e1a3df30;
L_00000189e1a3e070 .part L_00000189e1a3c130, 16, 48;
L_00000189e1a3c1d0 .extend/s 64, L_00000189e1a3e070;
L_00000189e1a3c270 .part L_00000189e1a3c1d0, 0, 32;
S_00000189e1a26700 .scope module, "fixpmul_4" "fixpmul" 4 42, 3 1 0, S_00000189e1a26d40;
 .timescale 0 0;
    .port_info 0 /INPUT 32 "a";
    .port_info 1 /INPUT 32 "b";
    .port_info 2 /OUTPUT 32 "o";
v00000189e1a28570_0 .net/s *"_ivl_0", 63 0, L_00000189e1a3c310;  1 drivers
v00000189e1a2b590_0 .net/s *"_ivl_2", 63 0, L_00000189e1a3c950;  1 drivers
v00000189e1a2b3b0_0 .net *"_ivl_6", 63 0, L_00000189e1a3e390;  1 drivers
v00000189e1a29ab0_0 .net *"_ivl_8", 47 0, L_00000189e1a3ed90;  1 drivers
v00000189e1a2a230_0 .net/s "a", 31 0, v00000189e1a34a70_0;  alias, 1 drivers
v00000189e1a2b6d0_0 .net/s "b", 31 0, v00000189e1a2af50_0;  1 drivers
v00000189e1a2b4f0_0 .net/s "long", 63 0, L_00000189e1a3ef70;  1 drivers
v00000189e1a2acd0_0 .net/s "o", 31 0, L_00000189e1a3e9d0;  alias, 1 drivers
L_00000189e1a3c310 .extend/s 64, v00000189e1a34a70_0;
L_00000189e1a3c950 .extend/s 64, v00000189e1a2af50_0;
L_00000189e1a3ef70 .arith/mult 64, L_00000189e1a3c310, L_00000189e1a3c950;
L_00000189e1a3ed90 .part L_00000189e1a3ef70, 16, 48;
L_00000189e1a3e390 .extend/s 64, L_00000189e1a3ed90;
L_00000189e1a3e9d0 .part L_00000189e1a3e390, 0, 32;
S_00000189e1a2be80 .scope module, "pe6" "pe" 2 30, 4 2 0, S_00000189e1896200;
 .timescale 0 0;
    .port_info 0 /INPUT 32 "in";
    .port_info 1 /INOUT 1 "clk";
    .port_info 2 /INPUT 1 "rst";
    .port_info 3 /INPUT 32 "a1";
    .port_info 4 /INPUT 32 "a2";
    .port_info 5 /INPUT 32 "b1";
    .port_info 6 /INPUT 32 "b2";
    .port_info 7 /OUTPUT 32 "out";
v00000189e1a2e430_0 .net *"_ivl_2", 31 0, L_00000189e1a3ea70;  1 drivers
v00000189e1a2dc10_0 .net "a1", 31 0, v00000189e1a315a0_0;  1 drivers
v00000189e1a2f150_0 .net "a2", 31 0, v00000189e1a304c0_0;  1 drivers
v00000189e1a2dcb0_0 .net "b1", 31 0, v00000189e1a34750_0;  1 drivers
v00000189e1a2da30_0 .net "b2", 31 0, v00000189e1a346b0_0;  1 drivers
v00000189e1a2e9d0_0 .var "buffer0", 31 0;
v00000189e1a2f510_0 .var "buffer1", 31 0;
v00000189e1a2dad0_0 .var "buffer2", 31 0;
v00000189e1a2f0b0_0 .net "clk", 0 0, o00000189e19f0b38;  alias, 0 drivers
v00000189e1a2e570_0 .net "in", 31 0, L_00000189e1a3d670;  alias, 1 drivers
v00000189e1a2dd50_0 .net "in_1", 31 0, L_00000189e1a3f0b0;  1 drivers
v00000189e1a2f3d0_0 .net "out", 31 0, L_00000189e1a3e570;  alias, 1 drivers
v00000189e1a2f5b0_0 .net "out1", 31 0, L_00000189e1a3f330;  1 drivers
v00000189e1a2e250_0 .net "out2", 31 0, L_00000189e1a3f830;  1 drivers
v00000189e1a2ddf0_0 .net "out3", 31 0, L_00000189e1a3ec50;  1 drivers
v00000189e1a2eb10_0 .net "out4", 31 0, L_00000189e1a3e7f0;  1 drivers
v00000189e1a2f650_0 .var "reg1", 31 0;
v00000189e1a2de90_0 .var "reg2", 31 0;
v00000189e1a2ebb0_0 .net "rst", 0 0, o00000189e19f0bf8;  alias, 0 drivers
L_00000189e1a3f0b0 .arith/sum 32, L_00000189e1a3f330, L_00000189e1a3f830;
L_00000189e1a3ea70 .arith/sum 32, v00000189e1a2e9d0_0, L_00000189e1a3ec50;
L_00000189e1a3e570 .arith/sum 32, L_00000189e1a3ea70, L_00000189e1a3e7f0;
S_00000189e1a2c650 .scope module, "fixpmul_1" "fixpmul" 4 39, 3 1 0, S_00000189e1a2be80;
 .timescale 0 0;
    .port_info 0 /INPUT 32 "a";
    .port_info 1 /INPUT 32 "b";
    .port_info 2 /OUTPUT 32 "o";
v00000189e1a2a690_0 .net/s *"_ivl_0", 63 0, L_00000189e1a3ecf0;  1 drivers
v00000189e1a2a5f0_0 .net/s *"_ivl_2", 63 0, L_00000189e1a3e610;  1 drivers
v00000189e1a2a370_0 .net *"_ivl_6", 63 0, L_00000189e1a3ee30;  1 drivers
v00000189e1a2b130_0 .net *"_ivl_8", 47 0, L_00000189e1a3f150;  1 drivers
v00000189e1a2a730_0 .net/s "a", 31 0, v00000189e1a304c0_0;  alias, 1 drivers
v00000189e1a2a410_0 .net/s "b", 31 0, v00000189e1a2de90_0;  1 drivers
v00000189e1a29c90_0 .net/s "long", 63 0, L_00000189e1a3e6b0;  1 drivers
v00000189e1a2a7d0_0 .net/s "o", 31 0, L_00000189e1a3f330;  alias, 1 drivers
L_00000189e1a3ecf0 .extend/s 64, v00000189e1a304c0_0;
L_00000189e1a3e610 .extend/s 64, v00000189e1a2de90_0;
L_00000189e1a3e6b0 .arith/mult 64, L_00000189e1a3ecf0, L_00000189e1a3e610;
L_00000189e1a3f150 .part L_00000189e1a3e6b0, 16, 48;
L_00000189e1a3ee30 .extend/s 64, L_00000189e1a3f150;
L_00000189e1a3f330 .part L_00000189e1a3ee30, 0, 32;
S_00000189e1a2c7e0 .scope module, "fixpmul_2" "fixpmul" 4 40, 3 1 0, S_00000189e1a2be80;
 .timescale 0 0;
    .port_info 0 /INPUT 32 "a";
    .port_info 1 /INPUT 32 "b";
    .port_info 2 /OUTPUT 32 "o";
v00000189e1a2a870_0 .net/s *"_ivl_0", 63 0, L_00000189e1a3e890;  1 drivers
v00000189e1a29d30_0 .net/s *"_ivl_2", 63 0, L_00000189e1a3f790;  1 drivers
v00000189e1a2a910_0 .net *"_ivl_6", 63 0, L_00000189e1a3f1f0;  1 drivers
v00000189e1a2ab90_0 .net *"_ivl_8", 47 0, L_00000189e1a3f010;  1 drivers
v00000189e1a2a9b0_0 .net/s "a", 31 0, v00000189e1a315a0_0;  alias, 1 drivers
v00000189e1a29dd0_0 .net/s "b", 31 0, v00000189e1a2f650_0;  1 drivers
v00000189e1a2a050_0 .net/s "long", 63 0, L_00000189e1a3f5b0;  1 drivers
v00000189e1a2b1d0_0 .net/s "o", 31 0, L_00000189e1a3f830;  alias, 1 drivers
L_00000189e1a3e890 .extend/s 64, v00000189e1a315a0_0;
L_00000189e1a3f790 .extend/s 64, v00000189e1a2f650_0;
L_00000189e1a3f5b0 .arith/mult 64, L_00000189e1a3e890, L_00000189e1a3f790;
L_00000189e1a3f010 .part L_00000189e1a3f5b0, 16, 48;
L_00000189e1a3f1f0 .extend/s 64, L_00000189e1a3f010;
L_00000189e1a3f830 .part L_00000189e1a3f1f0, 0, 32;
S_00000189e1a2b840 .scope module, "fixpmul_3" "fixpmul" 4 41, 3 1 0, S_00000189e1a2be80;
 .timescale 0 0;
    .port_info 0 /INPUT 32 "a";
    .port_info 1 /INPUT 32 "b";
    .port_info 2 /OUTPUT 32 "o";
v00000189e1a29e70_0 .net/s *"_ivl_0", 63 0, L_00000189e1a3f3d0;  1 drivers
v00000189e1a2a190_0 .net/s *"_ivl_2", 63 0, L_00000189e1a3f470;  1 drivers
v00000189e1a2aa50_0 .net *"_ivl_6", 63 0, L_00000189e1a3e1b0;  1 drivers
v00000189e1a2ad70_0 .net *"_ivl_8", 47 0, L_00000189e1a3eb10;  1 drivers
v00000189e1a2ae10_0 .net/s "a", 31 0, v00000189e1a34750_0;  alias, 1 drivers
v00000189e1a2aff0_0 .net/s "b", 31 0, v00000189e1a2f510_0;  1 drivers
v00000189e1a2b270_0 .net/s "long", 63 0, L_00000189e1a3f510;  1 drivers
v00000189e1a2b310_0 .net/s "o", 31 0, L_00000189e1a3ec50;  alias, 1 drivers
L_00000189e1a3f3d0 .extend/s 64, v00000189e1a34750_0;
L_00000189e1a3f470 .extend/s 64, v00000189e1a2f510_0;
L_00000189e1a3f510 .arith/mult 64, L_00000189e1a3f3d0, L_00000189e1a3f470;
L_00000189e1a3eb10 .part L_00000189e1a3f510, 16, 48;
L_00000189e1a3e1b0 .extend/s 64, L_00000189e1a3eb10;
L_00000189e1a3ec50 .part L_00000189e1a3e1b0, 0, 32;
S_00000189e1a2b9d0 .scope module, "fixpmul_4" "fixpmul" 4 42, 3 1 0, S_00000189e1a2be80;
 .timescale 0 0;
    .port_info 0 /INPUT 32 "a";
    .port_info 1 /INPUT 32 "b";
    .port_info 2 /OUTPUT 32 "o";
v00000189e1a2db70_0 .net/s *"_ivl_0", 63 0, L_00000189e1a3e750;  1 drivers
v00000189e1a2e2f0_0 .net/s *"_ivl_2", 63 0, L_00000189e1a3eed0;  1 drivers
v00000189e1a2f6f0_0 .net *"_ivl_6", 63 0, L_00000189e1a3f650;  1 drivers
v00000189e1a2ef70_0 .net *"_ivl_8", 47 0, L_00000189e1a3f290;  1 drivers
v00000189e1a2e110_0 .net/s "a", 31 0, v00000189e1a346b0_0;  alias, 1 drivers
v00000189e1a2f470_0 .net/s "b", 31 0, v00000189e1a2dad0_0;  1 drivers
v00000189e1a2e750_0 .net/s "long", 63 0, L_00000189e1a3f6f0;  1 drivers
v00000189e1a2ec50_0 .net/s "o", 31 0, L_00000189e1a3e7f0;  alias, 1 drivers
L_00000189e1a3e750 .extend/s 64, v00000189e1a346b0_0;
L_00000189e1a3eed0 .extend/s 64, v00000189e1a2dad0_0;
L_00000189e1a3f6f0 .arith/mult 64, L_00000189e1a3e750, L_00000189e1a3eed0;
L_00000189e1a3f290 .part L_00000189e1a3f6f0, 16, 48;
L_00000189e1a3f650 .extend/s 64, L_00000189e1a3f290;
L_00000189e1a3e7f0 .part L_00000189e1a3f650, 0, 32;
S_00000189e1a2c010 .scope module, "pe7" "pe" 2 31, 4 2 0, S_00000189e1896200;
 .timescale 0 0;
    .port_info 0 /INPUT 32 "in";
    .port_info 1 /INOUT 1 "clk";
    .port_info 2 /INPUT 1 "rst";
    .port_info 3 /INPUT 32 "a1";
    .port_info 4 /INPUT 32 "a2";
    .port_info 5 /INPUT 32 "b1";
    .port_info 6 /INPUT 32 "b2";
    .port_info 7 /OUTPUT 32 "out";
v00000189e1a32f40_0 .net *"_ivl_2", 31 0, L_00000189e1a3e2f0;  1 drivers
v00000189e1a322c0_0 .net "a1", 31 0, v00000189e1a30420_0;  1 drivers
v00000189e1a33760_0 .net "a2", 31 0, v00000189e1a2fe80_0;  1 drivers
v00000189e1a33620_0 .net "b1", 31 0, v00000189e1a34bb0_0;  1 drivers
v00000189e1a33300_0 .net "b2", 31 0, v00000189e1a349d0_0;  1 drivers
v00000189e1a32900_0 .var "buffer0", 31 0;
v00000189e1a33080_0 .var "buffer1", 31 0;
v00000189e1a33800_0 .var "buffer2", 31 0;
v00000189e1a333a0_0 .net "clk", 0 0, o00000189e19f0b38;  alias, 0 drivers
v00000189e1a334e0_0 .net "in", 31 0, L_00000189e1a3e570;  alias, 1 drivers
v00000189e1a32400_0 .net "in_1", 31 0, L_00000189e1a3e250;  1 drivers
v00000189e1a32360_0 .net "out", 31 0, L_00000189e1a3e430;  alias, 1 drivers
v00000189e1a32720_0 .net "out1", 31 0, L_00000189e1a44470;  1 drivers
v00000189e1a33260_0 .net "out2", 31 0, L_00000189e1a44290;  1 drivers
v00000189e1a324a0_0 .net "out3", 31 0, L_00000189e1a457d0;  1 drivers
v00000189e1a32b80_0 .net "out4", 31 0, L_00000189e1a44970;  1 drivers
v00000189e1a327c0_0 .var "reg1", 31 0;
v00000189e1a32e00_0 .var "reg2", 31 0;
v00000189e1a32ae0_0 .net "rst", 0 0, o00000189e19f0bf8;  alias, 0 drivers
L_00000189e1a3e250 .arith/sum 32, L_00000189e1a44470, L_00000189e1a44290;
L_00000189e1a3e2f0 .arith/sum 32, v00000189e1a32900_0, L_00000189e1a457d0;
L_00000189e1a3e430 .arith/sum 32, L_00000189e1a3e2f0, L_00000189e1a44970;
S_00000189e1a2cc90 .scope module, "fixpmul_1" "fixpmul" 4 39, 3 1 0, S_00000189e1a2c010;
 .timescale 0 0;
    .port_info 0 /INPUT 32 "a";
    .port_info 1 /INPUT 32 "b";
    .port_info 2 /OUTPUT 32 "o";
v00000189e1a2df30_0 .net/s *"_ivl_0", 63 0, L_00000189e1a3e4d0;  1 drivers
v00000189e1a2f010_0 .net/s *"_ivl_2", 63 0, L_00000189e1a3ebb0;  1 drivers
v00000189e1a2dfd0_0 .net *"_ivl_6", 63 0, L_00000189e1a452d0;  1 drivers
v00000189e1a2e070_0 .net *"_ivl_8", 47 0, L_00000189e1a45b90;  1 drivers
v00000189e1a2e390_0 .net/s "a", 31 0, v00000189e1a2fe80_0;  alias, 1 drivers
v00000189e1a2f1f0_0 .net/s "b", 31 0, v00000189e1a32e00_0;  1 drivers
v00000189e1a2ecf0_0 .net/s "long", 63 0, L_00000189e1a3e930;  1 drivers
v00000189e1a2e890_0 .net/s "o", 31 0, L_00000189e1a44470;  alias, 1 drivers
L_00000189e1a3e4d0 .extend/s 64, v00000189e1a2fe80_0;
L_00000189e1a3ebb0 .extend/s 64, v00000189e1a32e00_0;
L_00000189e1a3e930 .arith/mult 64, L_00000189e1a3e4d0, L_00000189e1a3ebb0;
L_00000189e1a45b90 .part L_00000189e1a3e930, 16, 48;
L_00000189e1a452d0 .extend/s 64, L_00000189e1a45b90;
L_00000189e1a44470 .part L_00000189e1a452d0, 0, 32;
S_00000189e1a2c330 .scope module, "fixpmul_2" "fixpmul" 4 40, 3 1 0, S_00000189e1a2c010;
 .timescale 0 0;
    .port_info 0 /INPUT 32 "a";
    .port_info 1 /INPUT 32 "b";
    .port_info 2 /OUTPUT 32 "o";
v00000189e1a2e6b0_0 .net/s *"_ivl_0", 63 0, L_00000189e1a459b0;  1 drivers
v00000189e1a2f290_0 .net/s *"_ivl_2", 63 0, L_00000189e1a44e70;  1 drivers
v00000189e1a2ed90_0 .net *"_ivl_6", 63 0, L_00000189e1a446f0;  1 drivers
v00000189e1a2d850_0 .net *"_ivl_8", 47 0, L_00000189e1a43e30;  1 drivers
v00000189e1a2ee30_0 .net/s "a", 31 0, v00000189e1a30420_0;  alias, 1 drivers
v00000189e1a2e1b0_0 .net/s "b", 31 0, v00000189e1a327c0_0;  1 drivers
v00000189e1a2e4d0_0 .net/s "long", 63 0, L_00000189e1a45550;  1 drivers
v00000189e1a2e610_0 .net/s "o", 31 0, L_00000189e1a44290;  alias, 1 drivers
L_00000189e1a459b0 .extend/s 64, v00000189e1a30420_0;
L_00000189e1a44e70 .extend/s 64, v00000189e1a327c0_0;
L_00000189e1a45550 .arith/mult 64, L_00000189e1a459b0, L_00000189e1a44e70;
L_00000189e1a43e30 .part L_00000189e1a45550, 16, 48;
L_00000189e1a446f0 .extend/s 64, L_00000189e1a43e30;
L_00000189e1a44290 .part L_00000189e1a446f0, 0, 32;
S_00000189e1a2d2d0 .scope module, "fixpmul_3" "fixpmul" 4 41, 3 1 0, S_00000189e1a2c010;
 .timescale 0 0;
    .port_info 0 /INPUT 32 "a";
    .port_info 1 /INPUT 32 "b";
    .port_info 2 /OUTPUT 32 "o";
v00000189e1a2e7f0_0 .net/s *"_ivl_0", 63 0, L_00000189e1a45a50;  1 drivers
v00000189e1a2d8f0_0 .net/s *"_ivl_2", 63 0, L_00000189e1a45370;  1 drivers
v00000189e1a2eed0_0 .net *"_ivl_6", 63 0, L_00000189e1a45e10;  1 drivers
v00000189e1a2e930_0 .net *"_ivl_8", 47 0, L_00000189e1a45730;  1 drivers
v00000189e1a2ea70_0 .net/s "a", 31 0, v00000189e1a34bb0_0;  alias, 1 drivers
v00000189e1a2d990_0 .net/s "b", 31 0, v00000189e1a33080_0;  1 drivers
v00000189e1a2f330_0 .net/s "long", 63 0, L_00000189e1a43c50;  1 drivers
v00000189e1a32fe0_0 .net/s "o", 31 0, L_00000189e1a457d0;  alias, 1 drivers
L_00000189e1a45a50 .extend/s 64, v00000189e1a34bb0_0;
L_00000189e1a45370 .extend/s 64, v00000189e1a33080_0;
L_00000189e1a43c50 .arith/mult 64, L_00000189e1a45a50, L_00000189e1a45370;
L_00000189e1a45730 .part L_00000189e1a43c50, 16, 48;
L_00000189e1a45e10 .extend/s 64, L_00000189e1a45730;
L_00000189e1a457d0 .part L_00000189e1a45e10, 0, 32;
S_00000189e1a2bb60 .scope module, "fixpmul_4" "fixpmul" 4 42, 3 1 0, S_00000189e1a2c010;
 .timescale 0 0;
    .port_info 0 /INPUT 32 "a";
    .port_info 1 /INPUT 32 "b";
    .port_info 2 /OUTPUT 32 "o";
v00000189e1a32540_0 .net/s *"_ivl_0", 63 0, L_00000189e1a43a70;  1 drivers
v00000189e1a32ea0_0 .net/s *"_ivl_2", 63 0, L_00000189e1a45190;  1 drivers
v00000189e1a331c0_0 .net *"_ivl_6", 63 0, L_00000189e1a45410;  1 drivers
v00000189e1a33580_0 .net *"_ivl_8", 47 0, L_00000189e1a45230;  1 drivers
v00000189e1a32a40_0 .net/s "a", 31 0, v00000189e1a349d0_0;  alias, 1 drivers
v00000189e1a32680_0 .net/s "b", 31 0, v00000189e1a33800_0;  1 drivers
v00000189e1a329a0_0 .net/s "long", 63 0, L_00000189e1a43f70;  1 drivers
v00000189e1a33440_0 .net/s "o", 31 0, L_00000189e1a44970;  alias, 1 drivers
L_00000189e1a43a70 .extend/s 64, v00000189e1a349d0_0;
L_00000189e1a45190 .extend/s 64, v00000189e1a33800_0;
L_00000189e1a43f70 .arith/mult 64, L_00000189e1a43a70, L_00000189e1a45190;
L_00000189e1a45230 .part L_00000189e1a43f70, 16, 48;
L_00000189e1a45410 .extend/s 64, L_00000189e1a45230;
L_00000189e1a44970 .part L_00000189e1a45410, 0, 32;
S_00000189e1a2ce20 .scope module, "pe8" "pe" 2 32, 4 2 0, S_00000189e1896200;
 .timescale 0 0;
    .port_info 0 /INPUT 32 "in";
    .port_info 1 /INOUT 1 "clk";
    .port_info 2 /INPUT 1 "rst";
    .port_info 3 /INPUT 32 "a1";
    .port_info 4 /INPUT 32 "a2";
    .port_info 5 /INPUT 32 "b1";
    .port_info 6 /INPUT 32 "b2";
    .port_info 7 /OUTPUT 32 "out";
v00000189e1a30920_0 .net *"_ivl_2", 31 0, L_00000189e1a45ff0;  1 drivers
v00000189e1a2ffc0_0 .net "a1", 31 0, v00000189e1a2fa20_0;  1 drivers
v00000189e1a31820_0 .net "a2", 31 0, v00000189e1a31be0_0;  1 drivers
v00000189e1a30100_0 .net "b1", 31 0, v00000189e1a347f0_0;  1 drivers
v00000189e1a30380_0 .net "b2", 31 0, v00000189e1a35dd0_0;  1 drivers
v00000189e1a306a0_0 .var "buffer0", 31 0;
v00000189e1a313c0_0 .var "buffer1", 31 0;
v00000189e1a30d80_0 .var "buffer2", 31 0;
v00000189e1a309c0_0 .net "clk", 0 0, o00000189e19f0b38;  alias, 0 drivers
v00000189e1a301a0_0 .net "in", 31 0, L_00000189e1a3e430;  alias, 1 drivers
v00000189e1a31960_0 .net "in_1", 31 0, L_00000189e1a44510;  1 drivers
v00000189e1a30f60_0 .net "out", 31 0, L_00000189e1a44f10;  alias, 1 drivers
v00000189e1a30b00_0 .net "out1", 31 0, L_00000189e1a448d0;  1 drivers
v00000189e1a2fca0_0 .net "out2", 31 0, L_00000189e1a44010;  1 drivers
v00000189e1a30880_0 .net "out3", 31 0, L_00000189e1a44fb0;  1 drivers
v00000189e1a31500_0 .net "out4", 31 0, L_00000189e1a44330;  1 drivers
v00000189e1a31fa0_0 .var "reg1", 31 0;
v00000189e1a318c0_0 .var "reg2", 31 0;
v00000189e1a31a00_0 .net "rst", 0 0, o00000189e19f0bf8;  alias, 0 drivers
L_00000189e1a44510 .arith/sum 32, L_00000189e1a448d0, L_00000189e1a44010;
L_00000189e1a45ff0 .arith/sum 32, v00000189e1a306a0_0, L_00000189e1a44fb0;
L_00000189e1a44f10 .arith/sum 32, L_00000189e1a45ff0, L_00000189e1a44330;
S_00000189e1a2d460 .scope module, "fixpmul_1" "fixpmul" 4 39, 3 1 0, S_00000189e1a2ce20;
 .timescale 0 0;
    .port_info 0 /INPUT 32 "a";
    .port_info 1 /INPUT 32 "b";
    .port_info 2 /OUTPUT 32 "o";
v00000189e1a32c20_0 .net/s *"_ivl_0", 63 0, L_00000189e1a45c30;  1 drivers
v00000189e1a336c0_0 .net/s *"_ivl_2", 63 0, L_00000189e1a455f0;  1 drivers
v00000189e1a325e0_0 .net *"_ivl_6", 63 0, L_00000189e1a44b50;  1 drivers
v00000189e1a33120_0 .net *"_ivl_8", 47 0, L_00000189e1a44830;  1 drivers
v00000189e1a32180_0 .net/s "a", 31 0, v00000189e1a31be0_0;  alias, 1 drivers
v00000189e1a32220_0 .net/s "b", 31 0, v00000189e1a318c0_0;  1 drivers
v00000189e1a32cc0_0 .net/s "long", 63 0, L_00000189e1a43cf0;  1 drivers
v00000189e1a32860_0 .net/s "o", 31 0, L_00000189e1a448d0;  alias, 1 drivers
L_00000189e1a45c30 .extend/s 64, v00000189e1a31be0_0;
L_00000189e1a455f0 .extend/s 64, v00000189e1a318c0_0;
L_00000189e1a43cf0 .arith/mult 64, L_00000189e1a45c30, L_00000189e1a455f0;
L_00000189e1a44830 .part L_00000189e1a43cf0, 16, 48;
L_00000189e1a44b50 .extend/s 64, L_00000189e1a44830;
L_00000189e1a448d0 .part L_00000189e1a44b50, 0, 32;
S_00000189e1a2c970 .scope module, "fixpmul_2" "fixpmul" 4 40, 3 1 0, S_00000189e1a2ce20;
 .timescale 0 0;
    .port_info 0 /INPUT 32 "a";
    .port_info 1 /INPUT 32 "b";
    .port_info 2 /OUTPUT 32 "o";
v00000189e1a32d60_0 .net/s *"_ivl_0", 63 0, L_00000189e1a43ed0;  1 drivers
v00000189e1a311e0_0 .net/s *"_ivl_2", 63 0, L_00000189e1a441f0;  1 drivers
v00000189e1a31460_0 .net *"_ivl_6", 63 0, L_00000189e1a45eb0;  1 drivers
v00000189e1a30a60_0 .net *"_ivl_8", 47 0, L_00000189e1a46130;  1 drivers
v00000189e1a30740_0 .net/s "a", 31 0, v00000189e1a2fa20_0;  alias, 1 drivers
v00000189e1a320e0_0 .net/s "b", 31 0, v00000189e1a31fa0_0;  1 drivers
v00000189e1a31f00_0 .net/s "long", 63 0, L_00000189e1a44bf0;  1 drivers
v00000189e1a31dc0_0 .net/s "o", 31 0, L_00000189e1a44010;  alias, 1 drivers
L_00000189e1a43ed0 .extend/s 64, v00000189e1a2fa20_0;
L_00000189e1a441f0 .extend/s 64, v00000189e1a31fa0_0;
L_00000189e1a44bf0 .arith/mult 64, L_00000189e1a43ed0, L_00000189e1a441f0;
L_00000189e1a46130 .part L_00000189e1a44bf0, 16, 48;
L_00000189e1a45eb0 .extend/s 64, L_00000189e1a46130;
L_00000189e1a44010 .part L_00000189e1a45eb0, 0, 32;
S_00000189e1a2c1a0 .scope module, "fixpmul_3" "fixpmul" 4 41, 3 1 0, S_00000189e1a2ce20;
 .timescale 0 0;
    .port_info 0 /INPUT 32 "a";
    .port_info 1 /INPUT 32 "b";
    .port_info 2 /OUTPUT 32 "o";
v00000189e1a316e0_0 .net/s *"_ivl_0", 63 0, L_00000189e1a45870;  1 drivers
v00000189e1a31e60_0 .net/s *"_ivl_2", 63 0, L_00000189e1a440b0;  1 drivers
v00000189e1a31780_0 .net *"_ivl_6", 63 0, L_00000189e1a44c90;  1 drivers
v00000189e1a31c80_0 .net *"_ivl_8", 47 0, L_00000189e1a45cd0;  1 drivers
v00000189e1a30060_0 .net/s "a", 31 0, v00000189e1a347f0_0;  alias, 1 drivers
v00000189e1a2fac0_0 .net/s "b", 31 0, v00000189e1a313c0_0;  1 drivers
v00000189e1a31280_0 .net/s "long", 63 0, L_00000189e1a45af0;  1 drivers
v00000189e1a31000_0 .net/s "o", 31 0, L_00000189e1a44fb0;  alias, 1 drivers
L_00000189e1a45870 .extend/s 64, v00000189e1a347f0_0;
L_00000189e1a440b0 .extend/s 64, v00000189e1a313c0_0;
L_00000189e1a45af0 .arith/mult 64, L_00000189e1a45870, L_00000189e1a440b0;
L_00000189e1a45cd0 .part L_00000189e1a45af0, 16, 48;
L_00000189e1a44c90 .extend/s 64, L_00000189e1a45cd0;
L_00000189e1a44fb0 .part L_00000189e1a44c90, 0, 32;
S_00000189e1a2cfb0 .scope module, "fixpmul_4" "fixpmul" 4 42, 3 1 0, S_00000189e1a2ce20;
 .timescale 0 0;
    .port_info 0 /INPUT 32 "a";
    .port_info 1 /INPUT 32 "b";
    .port_info 2 /OUTPUT 32 "o";
v00000189e1a32040_0 .net/s *"_ivl_0", 63 0, L_00000189e1a439d0;  1 drivers
v00000189e1a30ec0_0 .net/s *"_ivl_2", 63 0, L_00000189e1a45d70;  1 drivers
v00000189e1a31320_0 .net *"_ivl_6", 63 0, L_00000189e1a44150;  1 drivers
v00000189e1a2fc00_0 .net *"_ivl_8", 47 0, L_00000189e1a45910;  1 drivers
v00000189e1a2f980_0 .net/s "a", 31 0, v00000189e1a35dd0_0;  alias, 1 drivers
v00000189e1a307e0_0 .net/s "b", 31 0, v00000189e1a30d80_0;  1 drivers
v00000189e1a31140_0 .net/s "long", 63 0, L_00000189e1a44ab0;  1 drivers
v00000189e1a31640_0 .net/s "o", 31 0, L_00000189e1a44330;  alias, 1 drivers
L_00000189e1a439d0 .extend/s 64, v00000189e1a35dd0_0;
L_00000189e1a45d70 .extend/s 64, v00000189e1a30d80_0;
L_00000189e1a44ab0 .arith/mult 64, L_00000189e1a439d0, L_00000189e1a45d70;
L_00000189e1a45910 .part L_00000189e1a44ab0, 16, 48;
L_00000189e1a44150 .extend/s 64, L_00000189e1a45910;
L_00000189e1a44330 .part L_00000189e1a44150, 0, 32;
    .scope S_00000189e189e5f0;
T_0 ;
    %wait E_00000189e191d180;
    %load/vec4 v00000189e194b810_0;
    %nor/r;
    %flag_set/vec4 8;
    %jmp/0xz  T_0.0, 8;
    %pushi/vec4 0, 0, 32;
    %assign/vec4 v00000189e194c990_0, 0;
    %pushi/vec4 0, 0, 32;
    %assign/vec4 v00000189e194bc70_0, 0;
    %pushi/vec4 0, 0, 32;
    %assign/vec4 v00000189e194b590_0, 0;
    %pushi/vec4 0, 0, 32;
    %assign/vec4 v00000189e194b1d0_0, 0;
    %pushi/vec4 0, 0, 32;
    %assign/vec4 v00000189e194b310_0, 0;
    %jmp T_0.1;
T_0.0 ;
    %load/vec4 v00000189e194bb30_0;
    %load/vec4 v00000189e194c2b0_0;
    %sub;
    %assign/vec4 v00000189e194b590_0, 0;
    %load/vec4 v00000189e194c990_0;
    %assign/vec4 v00000189e194b1d0_0, 0;
    %load/vec4 v00000189e194bc70_0;
    %assign/vec4 v00000189e194b310_0, 0;
    %load/vec4 v00000189e194bb30_0;
    %load/vec4 v00000189e194c2b0_0;
    %sub;
    %assign/vec4 v00000189e194c990_0, 0;
    %load/vec4 v00000189e194c990_0;
    %assign/vec4 v00000189e194bc70_0, 0;
T_0.1 ;
    %jmp T_0;
    .thread T_0;
    .scope S_00000189e1a214d0;
T_1 ;
    %wait E_00000189e191d180;
    %load/vec4 v00000189e1a22330_0;
    %nor/r;
    %flag_set/vec4 8;
    %jmp/0xz  T_1.0, 8;
    %pushi/vec4 0, 0, 32;
    %assign/vec4 v00000189e1a22290_0, 0;
    %pushi/vec4 0, 0, 32;
    %assign/vec4 v00000189e1a22bf0_0, 0;
    %pushi/vec4 0, 0, 32;
    %assign/vec4 v00000189e1a22010_0, 0;
    %pushi/vec4 0, 0, 32;
    %assign/vec4 v00000189e1a22fb0_0, 0;
    %pushi/vec4 0, 0, 32;
    %assign/vec4 v00000189e1a23af0_0, 0;
    %jmp T_1.1;
T_1.0 ;
    %load/vec4 v00000189e1a230f0_0;
    %load/vec4 v00000189e1a23190_0;
    %sub;
    %assign/vec4 v00000189e1a22010_0, 0;
    %load/vec4 v00000189e1a22290_0;
    %assign/vec4 v00000189e1a22fb0_0, 0;
    %load/vec4 v00000189e1a22bf0_0;
    %assign/vec4 v00000189e1a23af0_0, 0;
    %load/vec4 v00000189e1a230f0_0;
    %load/vec4 v00000189e1a23190_0;
    %sub;
    %assign/vec4 v00000189e1a22290_0, 0;
    %load/vec4 v00000189e1a22290_0;
    %assign/vec4 v00000189e1a22bf0_0, 0;
T_1.1 ;
    %jmp T_1;
    .thread T_1;
    .scope S_00000189e1a23dc0;
T_2 ;
    %wait E_00000189e191d180;
    %load/vec4 v00000189e1a26160_0;
    %nor/r;
    %flag_set/vec4 8;
    %jmp/0xz  T_2.0, 8;
    %pushi/vec4 0, 0, 32;
    %assign/vec4 v00000189e1a24f40_0, 0;
    %pushi/vec4 0, 0, 32;
    %assign/vec4 v00000189e1a24fe0_0, 0;
    %pushi/vec4 0, 0, 32;
    %assign/vec4 v00000189e1a247c0_0, 0;
    %pushi/vec4 0, 0, 32;
    %assign/vec4 v00000189e1a25ee0_0, 0;
    %pushi/vec4 0, 0, 32;
    %assign/vec4 v00000189e1a25760_0, 0;
    %jmp T_2.1;
T_2.0 ;
    %load/vec4 v00000189e1a245e0_0;
    %load/vec4 v00000189e1a260c0_0;
    %sub;
    %assign/vec4 v00000189e1a247c0_0, 0;
    %load/vec4 v00000189e1a24f40_0;
    %assign/vec4 v00000189e1a25ee0_0, 0;
    %load/vec4 v00000189e1a24fe0_0;
    %assign/vec4 v00000189e1a25760_0, 0;
    %load/vec4 v00000189e1a245e0_0;
    %load/vec4 v00000189e1a260c0_0;
    %sub;
    %assign/vec4 v00000189e1a24f40_0, 0;
    %load/vec4 v00000189e1a24f40_0;
    %assign/vec4 v00000189e1a24fe0_0, 0;
T_2.1 ;
    %jmp T_2;
    .thread T_2;
    .scope S_00000189e1a26890;
T_3 ;
    %wait E_00000189e191d180;
    %load/vec4 v00000189e1a28070_0;
    %nor/r;
    %flag_set/vec4 8;
    %jmp/0xz  T_3.0, 8;
    %pushi/vec4 0, 0, 32;
    %assign/vec4 v00000189e1a28cf0_0, 0;
    %pushi/vec4 0, 0, 32;
    %assign/vec4 v00000189e1a29290_0, 0;
    %pushi/vec4 0, 0, 32;
    %assign/vec4 v00000189e1a28890_0, 0;
    %pushi/vec4 0, 0, 32;
    %assign/vec4 v00000189e1a29510_0, 0;
    %pushi/vec4 0, 0, 32;
    %assign/vec4 v00000189e1a27b70_0, 0;
    %jmp T_3.1;
T_3.0 ;
    %load/vec4 v00000189e1a289d0_0;
    %load/vec4 v00000189e1a27fd0_0;
    %sub;
    %assign/vec4 v00000189e1a28890_0, 0;
    %load/vec4 v00000189e1a28cf0_0;
    %assign/vec4 v00000189e1a29510_0, 0;
    %load/vec4 v00000189e1a29290_0;
    %assign/vec4 v00000189e1a27b70_0, 0;
    %load/vec4 v00000189e1a289d0_0;
    %load/vec4 v00000189e1a27fd0_0;
    %sub;
    %assign/vec4 v00000189e1a28cf0_0, 0;
    %load/vec4 v00000189e1a28cf0_0;
    %assign/vec4 v00000189e1a29290_0, 0;
T_3.1 ;
    %jmp T_3;
    .thread T_3;
    .scope S_00000189e1a26d40;
T_4 ;
    %wait E_00000189e191d180;
    %load/vec4 v00000189e1a29fb0_0;
    %nor/r;
    %flag_set/vec4 8;
    %jmp/0xz  T_4.0, 8;
    %pushi/vec4 0, 0, 32;
    %assign/vec4 v00000189e1a29970_0, 0;
    %pushi/vec4 0, 0, 32;
    %assign/vec4 v00000189e1a2b090_0, 0;
    %pushi/vec4 0, 0, 32;
    %assign/vec4 v00000189e1a2aeb0_0, 0;
    %pushi/vec4 0, 0, 32;
    %assign/vec4 v00000189e1a2b450_0, 0;
    %pushi/vec4 0, 0, 32;
    %assign/vec4 v00000189e1a2af50_0, 0;
    %jmp T_4.1;
T_4.0 ;
    %load/vec4 v00000189e1a2aaf0_0;
    %load/vec4 v00000189e1a298d0_0;
    %sub;
    %assign/vec4 v00000189e1a2aeb0_0, 0;
    %load/vec4 v00000189e1a29970_0;
    %assign/vec4 v00000189e1a2b450_0, 0;
    %load/vec4 v00000189e1a2b090_0;
    %assign/vec4 v00000189e1a2af50_0, 0;
    %load/vec4 v00000189e1a2aaf0_0;
    %load/vec4 v00000189e1a298d0_0;
    %sub;
    %assign/vec4 v00000189e1a29970_0, 0;
    %load/vec4 v00000189e1a29970_0;
    %assign/vec4 v00000189e1a2b090_0, 0;
T_4.1 ;
    %jmp T_4;
    .thread T_4;
    .scope S_00000189e1a2be80;
T_5 ;
    %wait E_00000189e191d180;
    %load/vec4 v00000189e1a2ebb0_0;
    %nor/r;
    %flag_set/vec4 8;
    %jmp/0xz  T_5.0, 8;
    %pushi/vec4 0, 0, 32;
    %assign/vec4 v00000189e1a2f650_0, 0;
    %pushi/vec4 0, 0, 32;
    %assign/vec4 v00000189e1a2de90_0, 0;
    %pushi/vec4 0, 0, 32;
    %assign/vec4 v00000189e1a2e9d0_0, 0;
    %pushi/vec4 0, 0, 32;
    %assign/vec4 v00000189e1a2f510_0, 0;
    %pushi/vec4 0, 0, 32;
    %assign/vec4 v00000189e1a2dad0_0, 0;
    %jmp T_5.1;
T_5.0 ;
    %load/vec4 v00000189e1a2e570_0;
    %load/vec4 v00000189e1a2dd50_0;
    %sub;
    %assign/vec4 v00000189e1a2e9d0_0, 0;
    %load/vec4 v00000189e1a2f650_0;
    %assign/vec4 v00000189e1a2f510_0, 0;
    %load/vec4 v00000189e1a2de90_0;
    %assign/vec4 v00000189e1a2dad0_0, 0;
    %load/vec4 v00000189e1a2e570_0;
    %load/vec4 v00000189e1a2dd50_0;
    %sub;
    %assign/vec4 v00000189e1a2f650_0, 0;
    %load/vec4 v00000189e1a2f650_0;
    %assign/vec4 v00000189e1a2de90_0, 0;
T_5.1 ;
    %jmp T_5;
    .thread T_5;
    .scope S_00000189e1a2c010;
T_6 ;
    %wait E_00000189e191d180;
    %load/vec4 v00000189e1a32ae0_0;
    %nor/r;
    %flag_set/vec4 8;
    %jmp/0xz  T_6.0, 8;
    %pushi/vec4 0, 0, 32;
    %assign/vec4 v00000189e1a327c0_0, 0;
    %pushi/vec4 0, 0, 32;
    %assign/vec4 v00000189e1a32e00_0, 0;
    %pushi/vec4 0, 0, 32;
    %assign/vec4 v00000189e1a32900_0, 0;
    %pushi/vec4 0, 0, 32;
    %assign/vec4 v00000189e1a33080_0, 0;
    %pushi/vec4 0, 0, 32;
    %assign/vec4 v00000189e1a33800_0, 0;
    %jmp T_6.1;
T_6.0 ;
    %load/vec4 v00000189e1a334e0_0;
    %load/vec4 v00000189e1a32400_0;
    %sub;
    %assign/vec4 v00000189e1a32900_0, 0;
    %load/vec4 v00000189e1a327c0_0;
    %assign/vec4 v00000189e1a33080_0, 0;
    %load/vec4 v00000189e1a32e00_0;
    %assign/vec4 v00000189e1a33800_0, 0;
    %load/vec4 v00000189e1a334e0_0;
    %load/vec4 v00000189e1a32400_0;
    %sub;
    %assign/vec4 v00000189e1a327c0_0, 0;
    %load/vec4 v00000189e1a327c0_0;
    %assign/vec4 v00000189e1a32e00_0, 0;
T_6.1 ;
    %jmp T_6;
    .thread T_6;
    .scope S_00000189e1a2ce20;
T_7 ;
    %wait E_00000189e191d180;
    %load/vec4 v00000189e1a31a00_0;
    %nor/r;
    %flag_set/vec4 8;
    %jmp/0xz  T_7.0, 8;
    %pushi/vec4 0, 0, 32;
    %assign/vec4 v00000189e1a31fa0_0, 0;
    %pushi/vec4 0, 0, 32;
    %assign/vec4 v00000189e1a318c0_0, 0;
    %pushi/vec4 0, 0, 32;
    %assign/vec4 v00000189e1a306a0_0, 0;
    %pushi/vec4 0, 0, 32;
    %assign/vec4 v00000189e1a313c0_0, 0;
    %pushi/vec4 0, 0, 32;
    %assign/vec4 v00000189e1a30d80_0, 0;
    %jmp T_7.1;
T_7.0 ;
    %load/vec4 v00000189e1a301a0_0;
    %load/vec4 v00000189e1a31960_0;
    %sub;
    %assign/vec4 v00000189e1a306a0_0, 0;
    %load/vec4 v00000189e1a31fa0_0;
    %assign/vec4 v00000189e1a313c0_0, 0;
    %load/vec4 v00000189e1a318c0_0;
    %assign/vec4 v00000189e1a30d80_0, 0;
    %load/vec4 v00000189e1a301a0_0;
    %load/vec4 v00000189e1a31960_0;
    %sub;
    %assign/vec4 v00000189e1a31fa0_0, 0;
    %load/vec4 v00000189e1a31fa0_0;
    %assign/vec4 v00000189e1a318c0_0, 0;
T_7.1 ;
    %jmp T_7;
    .thread T_7;
    .scope S_00000189e1896200;
T_8 ;
    %wait E_00000189e191d180;
    %load/vec4 v00000189e1a33d50_0;
    %nor/r;
    %flag_set/vec4 8;
    %jmp/0xz  T_8.0, 8;
    %pushi/vec4 5376, 0, 32;
    %store/vec4 v00000189e1a31aa0_0, 0, 32;
    %pushi/vec4 14848, 0, 32;
    %store/vec4 v00000189e1a2ff20_0, 0, 32;
    %pushi/vec4 0, 0, 32;
    %store/vec4 v00000189e1a31d20_0, 0, 32;
    %pushi/vec4 4294854143, 0, 32;
    %store/vec4 v00000189e1a2fb60_0, 0, 32;
    %pushi/vec4 0, 0, 32;
    %store/vec4 v00000189e1a30ba0_0, 0, 32;
    %pushi/vec4 4294929663, 0, 32;
    %store/vec4 v00000189e1a31b40_0, 0, 32;
    %pushi/vec4 0, 0, 32;
    %store/vec4 v00000189e1a30ce0_0, 0, 32;
    %pushi/vec4 4294929663, 0, 32;
    %store/vec4 v00000189e1a302e0_0, 0, 32;
    %pushi/vec4 25600, 0, 32;
    %store/vec4 v00000189e1a310a0_0, 0, 32;
    %pushi/vec4 22272, 0, 32;
    %store/vec4 v00000189e1a2fd40_0, 0, 32;
    %pushi/vec4 148736, 0, 32;
    %store/vec4 v00000189e1a30e20_0, 0, 32;
    %pushi/vec4 87552, 0, 32;
    %store/vec4 v00000189e1a34430_0, 0, 32;
    %pushi/vec4 4294923519, 0, 32;
    %store/vec4 v00000189e1a30c40_0, 0, 32;
    %pushi/vec4 25344, 0, 32;
    %store/vec4 v00000189e1a30560_0, 0, 32;
    %pushi/vec4 4294818815, 0, 32;
    %store/vec4 v00000189e1a35970_0, 0, 32;
    %pushi/vec4 87552, 0, 32;
    %store/vec4 v00000189e1a34e30_0, 0, 32;
    %pushi/vec4 42496, 0, 32;
    %store/vec4 v00000189e1a30600_0, 0, 32;
    %pushi/vec4 36352, 0, 32;
    %store/vec4 v00000189e1a2fde0_0, 0, 32;
    %pushi/vec4 128256, 0, 32;
    %store/vec4 v00000189e1a35470_0, 0, 32;
    %pushi/vec4 65536, 0, 32;
    %store/vec4 v00000189e1a34a70_0, 0, 32;
    %pushi/vec4 4294907391, 0, 32;
    %store/vec4 v00000189e1a315a0_0, 0, 32;
    %pushi/vec4 38400, 0, 32;
    %store/vec4 v00000189e1a304c0_0, 0, 32;
    %pushi/vec4 4294839295, 0, 32;
    %store/vec4 v00000189e1a34750_0, 0, 32;
    %pushi/vec4 65536, 0, 32;
    %store/vec4 v00000189e1a346b0_0, 0, 32;
    %pushi/vec4 55808, 0, 32;
    %store/vec4 v00000189e1a30420_0, 0, 32;
    %pushi/vec4 54016, 0, 32;
    %store/vec4 v00000189e1a2fe80_0, 0, 32;
    %pushi/vec4 111360, 0, 32;
    %store/vec4 v00000189e1a34bb0_0, 0, 32;
    %pushi/vec4 49152, 0, 32;
    %store/vec4 v00000189e1a349d0_0, 0, 32;
    %pushi/vec4 4294892799, 0, 32;
    %store/vec4 v00000189e1a2fa20_0, 0, 32;
    %pushi/vec4 55296, 0, 32;
    %store/vec4 v00000189e1a31be0_0, 0, 32;
    %pushi/vec4 4294856191, 0, 32;
    %store/vec4 v00000189e1a347f0_0, 0, 32;
    %pushi/vec4 49152, 0, 32;
    %store/vec4 v00000189e1a35dd0_0, 0, 32;
    %pushi/vec4 192, 0, 32;
    %store/vec4 v00000189e1a34d90_0, 0, 32;
    %pushi/vec4 0, 0, 32;
    %assign/vec4 v00000189e1a34f70_0, 0;
    %pushi/vec4 0, 0, 16;
    %assign/vec4 v00000189e1a30240_0, 0;
    %pushi/vec4 0, 0, 1;
    %assign/vec4 v00000189e1a356f0_0, 0;
    %pushi/vec4 0, 0, 32;
    %assign/vec4 v00000189e1a35830_0, 0;
    %pushi/vec4 0, 0, 32;
    %assign/vec4 v00000189e1a35330_0, 0;
    %jmp T_8.1;
T_8.0 ;
    %load/vec4 v00000189e1a35510_0;
    %assign/vec4 v00000189e1a34f70_0, 0;
    %load/vec4 v00000189e1a33fd0_0;
    %assign/vec4 v00000189e1a35830_0, 0;
    %load/vec4 v00000189e1a35790_0;
    %assign/vec4 v00000189e1a35330_0, 0;
    %load/vec4 v00000189e1a30240_0;
    %addi 1, 0, 16;
    %assign/vec4 v00000189e1a30240_0, 0;
    %load/vec4 v00000189e1a30240_0;
    %pad/u 32;
    %cmpi/e 10009, 0, 32;
    %jmp/0xz  T_8.2, 4;
    %pushi/vec4 1, 0, 1;
    %assign/vec4 v00000189e1a356f0_0, 0;
T_8.2 ;
T_8.1 ;
    %jmp T_8;
    .thread T_8;
# The file index is used to find the file name in the following table.
:file_names 5;
    "N/A";
    "<interactive>";
    "A2.v";
    "././fixpmul.v";
    "././pe.v";
