#! /c/Source/iverilog-install/bin/vvp
:ivl_version "12.0 (devel)" "(s20150603-1110-g18392a46)";
:ivl_delay_selection "TYPICAL";
:vpi_time_precision - 10;
:vpi_module "C:\iverilog\lib\ivl\system.vpi";
:vpi_module "C:\iverilog\lib\ivl\vhdl_sys.vpi";
:vpi_module "C:\iverilog\lib\ivl\vhdl_textio.vpi";
:vpi_module "C:\iverilog\lib\ivl\v2005_math.vpi";
:vpi_module "C:\iverilog\lib\ivl\va_math.vpi";
S_000001b731b26370 .scope module, "A2_tb" "A2_tb" 2 4;
 .timescale -9 -10;
L_000001b731b0ca30 .functor BUFZ 32, L_000001b731bac900, C4<00000000000000000000000000000000>, C4<00000000000000000000000000000000>, C4<00000000000000000000000000000000>;
v000001b731bab640_0 .net *"_ivl_0", 31 0, L_000001b731bac900;  1 drivers
v000001b731bac360_0 .net "ad", 15 0, v000001b731bab6e0_0;  1 drivers
v000001b731babaa0_0 .var "clk", 0 0;
v000001b731bad4e0_0 .net "data", 31 0, L_000001b731b0ca30;  1 drivers
v000001b731babb40_0 .net "finish_flag", 0 0, v000001b731babbe0_0;  1 drivers
v000001b731bac2c0 .array "mem", 0 10000, 31 0;
v000001b731bacfe0_0 .net "out", 31 0, v000001b731baba00_0;  1 drivers
v000001b731bac860_0 .var "rst", 0 0;
v000001b731bacc20_0 .var "start_flag", 0 0;
v000001b731bad580_0 .var "start_index", 4 0;
L_000001b731bac900 .array/port v000001b731bac2c0, v000001b731bab6e0_0;
S_000001b731a86110 .scope module, "A2" "A2" 2 45, 3 2 0, S_000001b731b26370;
 .timescale -9 -10;
    .port_info 0 /INPUT 1 "clk";
    .port_info 1 /INPUT 1 "rst";
    .port_info 2 /INPUT 32 "data";
    .port_info 3 /OUTPUT 32 "result";
    .port_info 4 /OUTPUT 16 "ad";
    .port_info 5 /OUTPUT 1 "finish_flag";
v000001b731ba9df0_0 .var "a1_0", 31 0;
v000001b731baa1b0_0 .var "a1_1", 31 0;
v000001b731baa6b0_0 .var "a2_0", 31 0;
v000001b731ba9cb0_0 .var "a2_1", 31 0;
v000001b731baa750_0 .var "a3_0", 31 0;
v000001b731ba9e90_0 .var "a3_1", 31 0;
v000001b731baa7f0_0 .var "a4_0", 31 0;
v000001b731baa9d0_0 .var "a4_1", 31 0;
v000001b731baaa70_0 .var "a5_0", 31 0;
v000001b731baab10_0 .var "a5_1", 31 0;
v000001b731baabb0_0 .var "a6_0", 31 0;
v000001b731baac50_0 .var "a6_1", 31 0;
v000001b731babd20_0 .var "a7_0", 31 0;
v000001b731bac400_0 .var "a7_1", 31 0;
v000001b731baccc0_0 .var "a8_0", 31 0;
v000001b731babdc0_0 .var "a8_1", 31 0;
v000001b731bab6e0_0 .var "ad", 15 0;
v000001b731bab320_0 .var "b1_1", 31 0;
v000001b731bad760_0 .var "b1_2", 31 0;
v000001b731bad1c0_0 .var "b2_1", 31 0;
v000001b731babc80_0 .var "b2_2", 31 0;
v000001b731bad3a0_0 .var "b3_1", 31 0;
v000001b731bab500_0 .var "b3_2", 31 0;
v000001b731bac720_0 .var "b4_1", 31 0;
v000001b731bab780_0 .var "b4_2", 31 0;
v000001b731bab460_0 .var "b5_1", 31 0;
v000001b731bac5e0_0 .var "b5_2", 31 0;
v000001b731babe60_0 .var "b6_1", 31 0;
v000001b731bad300_0 .var "b6_2", 31 0;
v000001b731bab5a0_0 .var "b7_1", 31 0;
v000001b731baca40_0 .var "b7_2", 31 0;
v000001b731bacf40_0 .var "b8_1", 31 0;
v000001b731bab8c0_0 .var "b8_2", 31 0;
v000001b731babf00_0 .net "clk", 0 0, v000001b731babaa0_0;  1 drivers
v000001b731bad260_0 .net "data", 31 0, L_000001b731b0ca30;  alias, 1 drivers
v000001b731babbe0_0 .var "finish_flag", 0 0;
v000001b731bac680_0 .var "gm", 31 0;
v000001b731bac4a0_0 .net "out", 31 0, v000001b731ba97b0_0;  1 drivers
v000001b731bac540_0 .net "out_0", 31 0, L_000001b731bad080;  1 drivers
v000001b731babfa0_0 .net "out_1", 31 0, v000001b731b9b250_0;  1 drivers
v000001b731bacb80_0 .net "out_2", 31 0, v000001b731b38b70_0;  1 drivers
v000001b731bac040_0 .net "out_3", 31 0, v000001b731b3bda0_0;  1 drivers
v000001b731bacae0_0 .net "out_4", 31 0, v000001b731b9ea80_0;  1 drivers
v000001b731bab280_0 .net "out_5", 31 0, v000001b731b9fb60_0;  1 drivers
v000001b731bacea0_0 .net "out_6", 31 0, v000001b731ba5770_0;  1 drivers
v000001b731bab000_0 .net "out_7", 31 0, v000001b731ba7c30_0;  1 drivers
v000001b731bac180_0 .var "ppl_0", 31 0;
v000001b731bac0e0_0 .var "ppl_in", 31 0;
v000001b731baba00_0 .var "result", 31 0;
v000001b731bac220_0 .net "rst", 0 0, v000001b731bac860_0;  1 drivers
S_000001b731a862a0 .scope module, "fixpmul_10" "fixpmul" 3 24, 4 1 0, S_000001b731a86110;
 .timescale -9 -10;
    .port_info 0 /INPUT 32 "a";
    .port_info 1 /INPUT 32 "b";
    .port_info 2 /OUTPUT 32 "o";
v000001b731b0edf0_0 .net/s *"_ivl_0", 63 0, L_000001b731bac9a0;  1 drivers
v000001b731b0ead0_0 .net/s *"_ivl_2", 63 0, L_000001b731bad620;  1 drivers
v000001b731b0e530_0 .net *"_ivl_6", 63 0, L_000001b731bab0a0;  1 drivers
v000001b731b0db30_0 .net *"_ivl_8", 47 0, L_000001b731bace00;  1 drivers
v000001b731b0ecb0_0 .net/s "a", 31 0, v000001b731bac0e0_0;  1 drivers
v000001b731b0da90_0 .net/s "b", 31 0, v000001b731bac680_0;  1 drivers
v000001b731b0ed50_0 .net/s "long", 63 0, L_000001b731bacd60;  1 drivers
v000001b731b0f4d0_0 .net/s "o", 31 0, L_000001b731bad080;  alias, 1 drivers
L_000001b731bac9a0 .extend/s 64, v000001b731bac0e0_0;
L_000001b731bad620 .extend/s 64, v000001b731bac680_0;
L_000001b731bacd60 .arith/mult 64, L_000001b731bac9a0, L_000001b731bad620;
L_000001b731bace00 .part L_000001b731bacd60, 16, 48;
L_000001b731bab0a0 .extend/s 64, L_000001b731bace00;
L_000001b731bad080 .part L_000001b731bab0a0, 0, 32;
S_000001b731a86430 .scope module, "pe1" "pe" 3 25, 5 2 0, S_000001b731a86110;
 .timescale -9 -10;
    .port_info 0 /INPUT 32 "in";
    .port_info 1 /INOUT 1 "clk";
    .port_info 2 /INPUT 1 "rst";
    .port_info 3 /INPUT 32 "a1";
    .port_info 4 /INPUT 32 "a2";
    .port_info 5 /INPUT 32 "b1";
    .port_info 6 /INPUT 32 "b2";
    .port_info 7 /OUTPUT 32 "result";
v000001b731b9c150_0 .net *"_ivl_2", 31 0, L_000001b731bab140;  1 drivers
v000001b731b9b610_0 .net "a1", 31 0, v000001b731ba9df0_0;  1 drivers
v000001b731b9c0b0_0 .net "a2", 31 0, v000001b731baa1b0_0;  1 drivers
v000001b731b9b9d0_0 .net "b1", 31 0, v000001b731bab320_0;  1 drivers
v000001b731b9bcf0_0 .net "b2", 31 0, v000001b731bad760_0;  1 drivers
v000001b731b9b390_0 .var "buffer0", 31 0;
v000001b731b9c510_0 .var "buffer1", 31 0;
v000001b731b9ca10_0 .var "buffer2", 31 0;
v000001b731b9b750_0 .net "clk", 0 0, v000001b731babaa0_0;  alias, 1 drivers
v000001b731b9bb10_0 .net "in", 31 0, v000001b731bac180_0;  1 drivers
v000001b731b9cdd0_0 .net "in_1", 31 0, L_000001b731bad120;  1 drivers
v000001b731b9c1f0_0 .net "out", 31 0, L_000001b731bab1e0;  1 drivers
v000001b731b9c010_0 .net "out1", 31 0, L_000001b731bae3e0;  1 drivers
v000001b731b9c290_0 .net "out2", 31 0, L_000001b731bad9e0;  1 drivers
v000001b731b9b930_0 .net "out3", 31 0, L_000001b731baede0;  1 drivers
v000001b731b9c5b0_0 .net "out4", 31 0, L_000001b731bae520;  1 drivers
v000001b731b9bbb0_0 .var "reg1", 31 0;
v000001b731b9c650_0 .var "reg2", 31 0;
v000001b731b9b250_0 .var "result", 31 0;
v000001b731b9b070_0 .net "rst", 0 0, v000001b731bac860_0;  alias, 1 drivers
E_000001b731b216e0/0 .event negedge, v000001b731b9b070_0;
E_000001b731b216e0/1 .event posedge, v000001b731b9b750_0;
E_000001b731b216e0 .event/or E_000001b731b216e0/0, E_000001b731b216e0/1;
L_000001b731bad120 .arith/sum 32, L_000001b731bae3e0, L_000001b731bad9e0;
L_000001b731bab140 .arith/sum 32, v000001b731b9b390_0, L_000001b731baede0;
L_000001b731bab1e0 .arith/sum 32, L_000001b731bab140, L_000001b731bae520;
S_000001b731aa7c50 .scope module, "fixpmul_1" "fixpmul" 5 40, 4 1 0, S_000001b731a86430;
 .timescale -9 -10;
    .port_info 0 /INPUT 32 "a";
    .port_info 1 /INPUT 32 "b";
    .port_info 2 /OUTPUT 32 "o";
v000001b731b0d810_0 .net/s *"_ivl_0", 63 0, L_000001b731badee0;  1 drivers
v000001b731b0ea30_0 .net/s *"_ivl_2", 63 0, L_000001b731bada80;  1 drivers
v000001b731b0dbd0_0 .net *"_ivl_6", 63 0, L_000001b731bae0c0;  1 drivers
v000001b731b0e0d0_0 .net *"_ivl_8", 47 0, L_000001b731bae340;  1 drivers
v000001b731b0e030_0 .net/s "a", 31 0, v000001b731baa1b0_0;  alias, 1 drivers
v000001b731b0def0_0 .net/s "b", 31 0, v000001b731b9c650_0;  1 drivers
v000001b731b0e5d0_0 .net/s "long", 63 0, L_000001b731bae2a0;  1 drivers
v000001b731b0e670_0 .net/s "o", 31 0, L_000001b731bae3e0;  alias, 1 drivers
L_000001b731badee0 .extend/s 64, v000001b731baa1b0_0;
L_000001b731bada80 .extend/s 64, v000001b731b9c650_0;
L_000001b731bae2a0 .arith/mult 64, L_000001b731badee0, L_000001b731bada80;
L_000001b731bae340 .part L_000001b731bae2a0, 16, 48;
L_000001b731bae0c0 .extend/s 64, L_000001b731bae340;
L_000001b731bae3e0 .part L_000001b731bae0c0, 0, 32;
S_000001b731aa7de0 .scope module, "fixpmul_2" "fixpmul" 5 41, 4 1 0, S_000001b731a86430;
 .timescale -9 -10;
    .port_info 0 /INPUT 32 "a";
    .port_info 1 /INPUT 32 "b";
    .port_info 2 /OUTPUT 32 "o";
v000001b731b0e710_0 .net/s *"_ivl_0", 63 0, L_000001b731badf80;  1 drivers
v000001b731b0dd10_0 .net/s *"_ivl_2", 63 0, L_000001b731bade40;  1 drivers
v000001b731b0e850_0 .net *"_ivl_6", 63 0, L_000001b731badbc0;  1 drivers
v000001b731b0eb70_0 .net *"_ivl_8", 47 0, L_000001b731bae020;  1 drivers
v000001b731b0ddb0_0 .net/s "a", 31 0, v000001b731ba9df0_0;  alias, 1 drivers
v000001b731b0df90_0 .net/s "b", 31 0, v000001b731b9bbb0_0;  1 drivers
v000001b731b0e8f0_0 .net/s "long", 63 0, L_000001b731baed40;  1 drivers
v000001b731b0ee90_0 .net/s "o", 31 0, L_000001b731bad9e0;  alias, 1 drivers
L_000001b731badf80 .extend/s 64, v000001b731ba9df0_0;
L_000001b731bade40 .extend/s 64, v000001b731b9bbb0_0;
L_000001b731baed40 .arith/mult 64, L_000001b731badf80, L_000001b731bade40;
L_000001b731bae020 .part L_000001b731baed40, 16, 48;
L_000001b731badbc0 .extend/s 64, L_000001b731bae020;
L_000001b731bad9e0 .part L_000001b731badbc0, 0, 32;
S_000001b731aa7f70 .scope module, "fixpmul_3" "fixpmul" 5 42, 4 1 0, S_000001b731a86430;
 .timescale -9 -10;
    .port_info 0 /INPUT 32 "a";
    .port_info 1 /INPUT 32 "b";
    .port_info 2 /OUTPUT 32 "o";
v000001b731b0ef30_0 .net/s *"_ivl_0", 63 0, L_000001b731badd00;  1 drivers
v000001b731b0d950_0 .net/s *"_ivl_2", 63 0, L_000001b731bae5c0;  1 drivers
v000001b731aea5e0_0 .net *"_ivl_6", 63 0, L_000001b731badc60;  1 drivers
v000001b731aea720_0 .net *"_ivl_8", 47 0, L_000001b731baea20;  1 drivers
v000001b731aea040_0 .net/s "a", 31 0, v000001b731bab320_0;  alias, 1 drivers
v000001b731aeab80_0 .net/s "b", 31 0, v000001b731b9c510_0;  1 drivers
v000001b731ae95a0_0 .net/s "long", 63 0, L_000001b731bad800;  1 drivers
v000001b731ae9780_0 .net/s "o", 31 0, L_000001b731baede0;  alias, 1 drivers
L_000001b731badd00 .extend/s 64, v000001b731bab320_0;
L_000001b731bae5c0 .extend/s 64, v000001b731b9c510_0;
L_000001b731bad800 .arith/mult 64, L_000001b731badd00, L_000001b731bae5c0;
L_000001b731baea20 .part L_000001b731bad800, 16, 48;
L_000001b731badc60 .extend/s 64, L_000001b731baea20;
L_000001b731baede0 .part L_000001b731badc60, 0, 32;
S_000001b731a52a50 .scope module, "fixpmul_4" "fixpmul" 5 43, 4 1 0, S_000001b731a86430;
 .timescale -9 -10;
    .port_info 0 /INPUT 32 "a";
    .port_info 1 /INPUT 32 "b";
    .port_info 2 /OUTPUT 32 "o";
v000001b731ae98c0_0 .net/s *"_ivl_0", 63 0, L_000001b731baee80;  1 drivers
v000001b731ae0d10_0 .net/s *"_ivl_2", 63 0, L_000001b731bae660;  1 drivers
v000001b731ae0130_0 .net *"_ivl_6", 63 0, L_000001b731baec00;  1 drivers
v000001b731b9b570_0 .net *"_ivl_8", 47 0, L_000001b731baeac0;  1 drivers
v000001b731b9b2f0_0 .net/s "a", 31 0, v000001b731bad760_0;  alias, 1 drivers
v000001b731b9ce70_0 .net/s "b", 31 0, v000001b731b9ca10_0;  1 drivers
v000001b731b9c8d0_0 .net/s "long", 63 0, L_000001b731badda0;  1 drivers
v000001b731b9c970_0 .net/s "o", 31 0, L_000001b731bae520;  alias, 1 drivers
L_000001b731baee80 .extend/s 64, v000001b731bad760_0;
L_000001b731bae660 .extend/s 64, v000001b731b9ca10_0;
L_000001b731badda0 .arith/mult 64, L_000001b731baee80, L_000001b731bae660;
L_000001b731baeac0 .part L_000001b731badda0, 16, 48;
L_000001b731baec00 .extend/s 64, L_000001b731baeac0;
L_000001b731bae520 .part L_000001b731baec00, 0, 32;
S_000001b731a52cf0 .scope module, "pe2" "pe" 3 26, 5 2 0, S_000001b731a86110;
 .timescale -9 -10;
    .port_info 0 /INPUT 32 "in";
    .port_info 1 /INOUT 1 "clk";
    .port_info 2 /INPUT 1 "rst";
    .port_info 3 /INPUT 32 "a1";
    .port_info 4 /INPUT 32 "a2";
    .port_info 5 /INPUT 32 "b1";
    .port_info 6 /INPUT 32 "b2";
    .port_info 7 /OUTPUT 32 "result";
v000001b731b38cb0_0 .net *"_ivl_2", 31 0, L_000001b731bad940;  1 drivers
v000001b731b39610_0 .net "a1", 31 0, v000001b731baa6b0_0;  1 drivers
v000001b731b39890_0 .net "a2", 31 0, v000001b731ba9cb0_0;  1 drivers
v000001b731b39430_0 .net "b1", 31 0, v000001b731bad1c0_0;  1 drivers
v000001b731b39a70_0 .net "b2", 31 0, v000001b731babc80_0;  1 drivers
v000001b731b38990_0 .var "buffer0", 31 0;
v000001b731b38490_0 .var "buffer1", 31 0;
v000001b731b39750_0 .var "buffer2", 31 0;
v000001b731b39bb0_0 .net "clk", 0 0, v000001b731babaa0_0;  alias, 1 drivers
v000001b731b39c50_0 .net "in", 31 0, v000001b731b9b250_0;  alias, 1 drivers
v000001b731b38350_0 .net "in_1", 31 0, L_000001b731bad8a0;  1 drivers
v000001b731b39070_0 .net "out", 31 0, L_000001b731bae160;  1 drivers
v000001b731b388f0_0 .net "out1", 31 0, L_000001b731bae7a0;  1 drivers
v000001b731b399d0_0 .net "out2", 31 0, L_000001b731bb1f90;  1 drivers
v000001b731b39d90_0 .net "out3", 31 0, L_000001b731bb1ef0;  1 drivers
v000001b731b38d50_0 .net "out4", 31 0, L_000001b731bb2670;  1 drivers
v000001b731b38530_0 .var "reg1", 31 0;
v000001b731b38c10_0 .var "reg2", 31 0;
v000001b731b38b70_0 .var "result", 31 0;
v000001b731b38210_0 .net "rst", 0 0, v000001b731bac860_0;  alias, 1 drivers
L_000001b731bad8a0 .arith/sum 32, L_000001b731bae7a0, L_000001b731bb1f90;
L_000001b731bad940 .arith/sum 32, v000001b731b38990_0, L_000001b731bb1ef0;
L_000001b731bae160 .arith/sum 32, L_000001b731bad940, L_000001b731bb2670;
S_000001b731aaadb0 .scope module, "fixpmul_1" "fixpmul" 5 40, 4 1 0, S_000001b731a52cf0;
 .timescale -9 -10;
    .port_info 0 /INPUT 32 "a";
    .port_info 1 /INPUT 32 "b";
    .port_info 2 /OUTPUT 32 "o";
v000001b731b9c830_0 .net/s *"_ivl_0", 63 0, L_000001b731bae200;  1 drivers
v000001b731b9c330_0 .net/s *"_ivl_2", 63 0, L_000001b731bae480;  1 drivers
v000001b731b9b110_0 .net *"_ivl_6", 63 0, L_000001b731bae980;  1 drivers
v000001b731b9c3d0_0 .net *"_ivl_8", 47 0, L_000001b731badb20;  1 drivers
v000001b731b9b7f0_0 .net/s "a", 31 0, v000001b731ba9cb0_0;  alias, 1 drivers
v000001b731b9c470_0 .net/s "b", 31 0, v000001b731b38c10_0;  1 drivers
v000001b731b9c6f0_0 .net/s "long", 63 0, L_000001b731bae700;  1 drivers
v000001b731b9b430_0 .net/s "o", 31 0, L_000001b731bae7a0;  alias, 1 drivers
L_000001b731bae200 .extend/s 64, v000001b731ba9cb0_0;
L_000001b731bae480 .extend/s 64, v000001b731b38c10_0;
L_000001b731bae700 .arith/mult 64, L_000001b731bae200, L_000001b731bae480;
L_000001b731badb20 .part L_000001b731bae700, 16, 48;
L_000001b731bae980 .extend/s 64, L_000001b731badb20;
L_000001b731bae7a0 .part L_000001b731bae980, 0, 32;
S_000001b731aaaf40 .scope module, "fixpmul_2" "fixpmul" 5 41, 4 1 0, S_000001b731a52cf0;
 .timescale -9 -10;
    .port_info 0 /INPUT 32 "a";
    .port_info 1 /INPUT 32 "b";
    .port_info 2 /OUTPUT 32 "o";
v000001b731b9b6b0_0 .net/s *"_ivl_0", 63 0, L_000001b731bae840;  1 drivers
v000001b731b9c790_0 .net/s *"_ivl_2", 63 0, L_000001b731bae8e0;  1 drivers
v000001b731b9b890_0 .net *"_ivl_6", 63 0, L_000001b731bb25d0;  1 drivers
v000001b731b9cc90_0 .net *"_ivl_8", 47 0, L_000001b731baeca0;  1 drivers
v000001b731b9bc50_0 .net/s "a", 31 0, v000001b731baa6b0_0;  alias, 1 drivers
v000001b731b9ba70_0 .net/s "b", 31 0, v000001b731b38530_0;  1 drivers
v000001b731b9b1b0_0 .net/s "long", 63 0, L_000001b731baeb60;  1 drivers
v000001b731b9bed0_0 .net/s "o", 31 0, L_000001b731bb1f90;  alias, 1 drivers
L_000001b731bae840 .extend/s 64, v000001b731baa6b0_0;
L_000001b731bae8e0 .extend/s 64, v000001b731b38530_0;
L_000001b731baeb60 .arith/mult 64, L_000001b731bae840, L_000001b731bae8e0;
L_000001b731baeca0 .part L_000001b731baeb60, 16, 48;
L_000001b731bb25d0 .extend/s 64, L_000001b731baeca0;
L_000001b731bb1f90 .part L_000001b731bb25d0, 0, 32;
S_000001b731aab0d0 .scope module, "fixpmul_3" "fixpmul" 5 42, 4 1 0, S_000001b731a52cf0;
 .timescale -9 -10;
    .port_info 0 /INPUT 32 "a";
    .port_info 1 /INPUT 32 "b";
    .port_info 2 /OUTPUT 32 "o";
v000001b731b9bd90_0 .net/s *"_ivl_0", 63 0, L_000001b731bb2c10;  1 drivers
v000001b731b9b4d0_0 .net/s *"_ivl_2", 63 0, L_000001b731bb1a90;  1 drivers
v000001b731b9be30_0 .net *"_ivl_6", 63 0, L_000001b731bb2b70;  1 drivers
v000001b731b9cab0_0 .net *"_ivl_8", 47 0, L_000001b731bb1d10;  1 drivers
v000001b731b9bf70_0 .net/s "a", 31 0, v000001b731bad1c0_0;  alias, 1 drivers
v000001b731b9cb50_0 .net/s "b", 31 0, v000001b731b38490_0;  1 drivers
v000001b731b9cbf0_0 .net/s "long", 63 0, L_000001b731bb1c70;  1 drivers
v000001b731b9cd30_0 .net/s "o", 31 0, L_000001b731bb1ef0;  alias, 1 drivers
L_000001b731bb2c10 .extend/s 64, v000001b731bad1c0_0;
L_000001b731bb1a90 .extend/s 64, v000001b731b38490_0;
L_000001b731bb1c70 .arith/mult 64, L_000001b731bb2c10, L_000001b731bb1a90;
L_000001b731bb1d10 .part L_000001b731bb1c70, 16, 48;
L_000001b731bb2b70 .extend/s 64, L_000001b731bb1d10;
L_000001b731bb1ef0 .part L_000001b731bb2b70, 0, 32;
S_000001b731a8df00 .scope module, "fixpmul_4" "fixpmul" 5 43, 4 1 0, S_000001b731a52cf0;
 .timescale -9 -10;
    .port_info 0 /INPUT 32 "a";
    .port_info 1 /INPUT 32 "b";
    .port_info 2 /OUTPUT 32 "o";
v000001b731b9cf10_0 .net/s *"_ivl_0", 63 0, L_000001b731bb1b30;  1 drivers
v000001b731b394d0_0 .net/s *"_ivl_2", 63 0, L_000001b731bb28f0;  1 drivers
v000001b731b382b0_0 .net *"_ivl_6", 63 0, L_000001b731bb2710;  1 drivers
v000001b731b383f0_0 .net *"_ivl_8", 47 0, L_000001b731bb1bd0;  1 drivers
v000001b731b39570_0 .net/s "a", 31 0, v000001b731babc80_0;  alias, 1 drivers
v000001b731b38a30_0 .net/s "b", 31 0, v000001b731b39750_0;  1 drivers
v000001b731b38ad0_0 .net/s "long", 63 0, L_000001b731bb1e50;  1 drivers
v000001b731b397f0_0 .net/s "o", 31 0, L_000001b731bb2670;  alias, 1 drivers
L_000001b731bb1b30 .extend/s 64, v000001b731babc80_0;
L_000001b731bb28f0 .extend/s 64, v000001b731b39750_0;
L_000001b731bb1e50 .arith/mult 64, L_000001b731bb1b30, L_000001b731bb28f0;
L_000001b731bb1bd0 .part L_000001b731bb1e50, 16, 48;
L_000001b731bb2710 .extend/s 64, L_000001b731bb1bd0;
L_000001b731bb2670 .part L_000001b731bb2710, 0, 32;
S_000001b731a8e1a0 .scope module, "pe3" "pe" 3 27, 5 2 0, S_000001b731a86110;
 .timescale -9 -10;
    .port_info 0 /INPUT 32 "in";
    .port_info 1 /INOUT 1 "clk";
    .port_info 2 /INPUT 1 "rst";
    .port_info 3 /INPUT 32 "a1";
    .port_info 4 /INPUT 32 "a2";
    .port_info 5 /INPUT 32 "b1";
    .port_info 6 /INPUT 32 "b2";
    .port_info 7 /OUTPUT 32 "result";
v000001b731b3b440_0 .net *"_ivl_2", 31 0, L_000001b731bb2990;  1 drivers
v000001b731b3bee0_0 .net "a1", 31 0, v000001b731baa750_0;  1 drivers
v000001b731b3b8a0_0 .net "a2", 31 0, v000001b731ba9e90_0;  1 drivers
v000001b731b3bc60_0 .net "b1", 31 0, v000001b731bad3a0_0;  1 drivers
v000001b731b3a720_0 .net "b2", 31 0, v000001b731bab500_0;  1 drivers
v000001b731b3b300_0 .var "buffer0", 31 0;
v000001b731b3a540_0 .var "buffer1", 31 0;
v000001b731b3a360_0 .var "buffer2", 31 0;
v000001b731b3b120_0 .net "clk", 0 0, v000001b731babaa0_0;  alias, 1 drivers
v000001b731b3b940_0 .net "in", 31 0, v000001b731b38b70_0;  alias, 1 drivers
v000001b731b3b9e0_0 .net "in_1", 31 0, L_000001b731bb1db0;  1 drivers
v000001b731b3a400_0 .net "out", 31 0, L_000001b731bb2030;  1 drivers
v000001b731b3b4e0_0 .net "out1", 31 0, L_000001b731bb19f0;  1 drivers
v000001b731b3a040_0 .net "out2", 31 0, L_000001b731bb2490;  1 drivers
v000001b731b3afe0_0 .net "out3", 31 0, L_000001b731bb1810;  1 drivers
v000001b731b3ad60_0 .net "out4", 31 0, L_000001b731bb0ff0;  1 drivers
v000001b731b3bd00_0 .var "reg1", 31 0;
v000001b731b3a900_0 .var "reg2", 31 0;
v000001b731b3bda0_0 .var "result", 31 0;
v000001b731b3be40_0 .net "rst", 0 0, v000001b731bac860_0;  alias, 1 drivers
L_000001b731bb1db0 .arith/sum 32, L_000001b731bb19f0, L_000001b731bb2490;
L_000001b731bb2990 .arith/sum 32, v000001b731b3b300_0, L_000001b731bb1810;
L_000001b731bb2030 .arith/sum 32, L_000001b731bb2990, L_000001b731bb0ff0;
S_000001b731b9d030 .scope module, "fixpmul_1" "fixpmul" 5 40, 4 1 0, S_000001b731a8e1a0;
 .timescale -9 -10;
    .port_info 0 /INPUT 32 "a";
    .port_info 1 /INPUT 32 "b";
    .port_info 2 /OUTPUT 32 "o";
v000001b731b38df0_0 .net/s *"_ivl_0", 63 0, L_000001b731bb2a30;  1 drivers
v000001b731b38e90_0 .net/s *"_ivl_2", 63 0, L_000001b731bb2850;  1 drivers
v000001b731b39b10_0 .net *"_ivl_6", 63 0, L_000001b731bb2210;  1 drivers
v000001b731b38f30_0 .net *"_ivl_8", 47 0, L_000001b731bb2170;  1 drivers
v000001b731b385d0_0 .net/s "a", 31 0, v000001b731ba9e90_0;  alias, 1 drivers
v000001b731b38670_0 .net/s "b", 31 0, v000001b731b3a900_0;  1 drivers
v000001b731b39110_0 .net/s "long", 63 0, L_000001b731bb20d0;  1 drivers
v000001b731b38710_0 .net/s "o", 31 0, L_000001b731bb19f0;  alias, 1 drivers
L_000001b731bb2a30 .extend/s 64, v000001b731ba9e90_0;
L_000001b731bb2850 .extend/s 64, v000001b731b3a900_0;
L_000001b731bb20d0 .arith/mult 64, L_000001b731bb2a30, L_000001b731bb2850;
L_000001b731bb2170 .part L_000001b731bb20d0, 16, 48;
L_000001b731bb2210 .extend/s 64, L_000001b731bb2170;
L_000001b731bb19f0 .part L_000001b731bb2210, 0, 32;
S_000001b731b9d1c0 .scope module, "fixpmul_2" "fixpmul" 5 41, 4 1 0, S_000001b731a8e1a0;
 .timescale -9 -10;
    .port_info 0 /INPUT 32 "a";
    .port_info 1 /INPUT 32 "b";
    .port_info 2 /OUTPUT 32 "o";
v000001b731b39ed0_0 .net/s *"_ivl_0", 63 0, L_000001b731bb2cb0;  1 drivers
v000001b731b392f0_0 .net/s *"_ivl_2", 63 0, L_000001b731bb23f0;  1 drivers
v000001b731b38030_0 .net *"_ivl_6", 63 0, L_000001b731bb27b0;  1 drivers
v000001b731b39390_0 .net *"_ivl_8", 47 0, L_000001b731bb2350;  1 drivers
v000001b731b391b0_0 .net/s "a", 31 0, v000001b731baa750_0;  alias, 1 drivers
v000001b731b39930_0 .net/s "b", 31 0, v000001b731b3bd00_0;  1 drivers
v000001b731b380d0_0 .net/s "long", 63 0, L_000001b731bb22b0;  1 drivers
v000001b731b38fd0_0 .net/s "o", 31 0, L_000001b731bb2490;  alias, 1 drivers
L_000001b731bb2cb0 .extend/s 64, v000001b731baa750_0;
L_000001b731bb23f0 .extend/s 64, v000001b731b3bd00_0;
L_000001b731bb22b0 .arith/mult 64, L_000001b731bb2cb0, L_000001b731bb23f0;
L_000001b731bb2350 .part L_000001b731bb22b0, 16, 48;
L_000001b731bb27b0 .extend/s 64, L_000001b731bb2350;
L_000001b731bb2490 .part L_000001b731bb27b0, 0, 32;
S_000001b731b9d350 .scope module, "fixpmul_3" "fixpmul" 5 42, 4 1 0, S_000001b731a8e1a0;
 .timescale -9 -10;
    .port_info 0 /INPUT 32 "a";
    .port_info 1 /INPUT 32 "b";
    .port_info 2 /OUTPUT 32 "o";
v000001b731b39cf0_0 .net/s *"_ivl_0", 63 0, L_000001b731bb2530;  1 drivers
v000001b731b39e30_0 .net/s *"_ivl_2", 63 0, L_000001b731bb2ad0;  1 drivers
v000001b731b396b0_0 .net *"_ivl_6", 63 0, L_000001b731bb2e90;  1 drivers
v000001b731b387b0_0 .net *"_ivl_8", 47 0, L_000001b731bb2df0;  1 drivers
v000001b731b39250_0 .net/s "a", 31 0, v000001b731bad3a0_0;  alias, 1 drivers
v000001b731b38170_0 .net/s "b", 31 0, v000001b731b3a540_0;  1 drivers
v000001b731b38850_0 .net/s "long", 63 0, L_000001b731bb2d50;  1 drivers
v000001b731b3ba80_0 .net/s "o", 31 0, L_000001b731bb1810;  alias, 1 drivers
L_000001b731bb2530 .extend/s 64, v000001b731bad3a0_0;
L_000001b731bb2ad0 .extend/s 64, v000001b731b3a540_0;
L_000001b731bb2d50 .arith/mult 64, L_000001b731bb2530, L_000001b731bb2ad0;
L_000001b731bb2df0 .part L_000001b731bb2d50, 16, 48;
L_000001b731bb2e90 .extend/s 64, L_000001b731bb2df0;
L_000001b731bb1810 .part L_000001b731bb2e90, 0, 32;
S_000001b731b3c1e0 .scope module, "fixpmul_4" "fixpmul" 5 43, 4 1 0, S_000001b731a8e1a0;
 .timescale -9 -10;
    .port_info 0 /INPUT 32 "a";
    .port_info 1 /INPUT 32 "b";
    .port_info 2 /OUTPUT 32 "o";
v000001b731b3af40_0 .net/s *"_ivl_0", 63 0, L_000001b731bb1950;  1 drivers
v000001b731b3aa40_0 .net/s *"_ivl_2", 63 0, L_000001b731bb18b0;  1 drivers
v000001b731b3b260_0 .net *"_ivl_6", 63 0, L_000001b731bb02d0;  1 drivers
v000001b731b3bb20_0 .net *"_ivl_8", 47 0, L_000001b731baf970;  1 drivers
v000001b731b3a860_0 .net/s "a", 31 0, v000001b731bab500_0;  alias, 1 drivers
v000001b731b3ac20_0 .net/s "b", 31 0, v000001b731b3a360_0;  1 drivers
v000001b731b3aae0_0 .net/s "long", 63 0, L_000001b731bafd30;  1 drivers
v000001b731b3bbc0_0 .net/s "o", 31 0, L_000001b731bb0ff0;  alias, 1 drivers
L_000001b731bb1950 .extend/s 64, v000001b731bab500_0;
L_000001b731bb18b0 .extend/s 64, v000001b731b3a360_0;
L_000001b731bafd30 .arith/mult 64, L_000001b731bb1950, L_000001b731bb18b0;
L_000001b731baf970 .part L_000001b731bafd30, 16, 48;
L_000001b731bb02d0 .extend/s 64, L_000001b731baf970;
L_000001b731bb0ff0 .part L_000001b731bb02d0, 0, 32;
S_000001b731b3ce60 .scope module, "pe4" "pe" 3 28, 5 2 0, S_000001b731a86110;
 .timescale -9 -10;
    .port_info 0 /INPUT 32 "in";
    .port_info 1 /INOUT 1 "clk";
    .port_info 2 /INPUT 1 "rst";
    .port_info 3 /INPUT 32 "a1";
    .port_info 4 /INPUT 32 "a2";
    .port_info 5 /INPUT 32 "b1";
    .port_info 6 /INPUT 32 "b2";
    .port_info 7 /OUTPUT 32 "result";
v000001b731b9e800_0 .net *"_ivl_2", 31 0, L_000001b731bb14f0;  1 drivers
v000001b731b9de00_0 .net "a1", 31 0, v000001b731baa7f0_0;  1 drivers
v000001b731b9e1c0_0 .net "a2", 31 0, v000001b731baa9d0_0;  1 drivers
v000001b731b9dc20_0 .net "b1", 31 0, v000001b731bac720_0;  1 drivers
v000001b731b9db80_0 .net "b2", 31 0, v000001b731bab780_0;  1 drivers
v000001b731b9f340_0 .var "buffer0", 31 0;
v000001b731b9da40_0 .var "buffer1", 31 0;
v000001b731b9f020_0 .var "buffer2", 31 0;
v000001b731b9e9e0_0 .net "clk", 0 0, v000001b731babaa0_0;  alias, 1 drivers
v000001b731b9e620_0 .net "in", 31 0, v000001b731b3bda0_0;  alias, 1 drivers
v000001b731b9e940_0 .net "in_1", 31 0, L_000001b731baf1f0;  1 drivers
v000001b731b9eda0_0 .net "out", 31 0, L_000001b731bb1770;  1 drivers
v000001b731b9dcc0_0 .net "out1", 31 0, L_000001b731baf6f0;  1 drivers
v000001b731b9e8a0_0 .net "out2", 31 0, L_000001b731bb1450;  1 drivers
v000001b731b9dea0_0 .net "out3", 31 0, L_000001b731bafe70;  1 drivers
v000001b731b9dae0_0 .net "out4", 31 0, L_000001b731bb05f0;  1 drivers
v000001b731b9dd60_0 .var "reg1", 31 0;
v000001b731b9f480_0 .var "reg2", 31 0;
v000001b731b9ea80_0 .var "result", 31 0;
v000001b731b9f0c0_0 .net "rst", 0 0, v000001b731bac860_0;  alias, 1 drivers
L_000001b731baf1f0 .arith/sum 32, L_000001b731baf6f0, L_000001b731bb1450;
L_000001b731bb14f0 .arith/sum 32, v000001b731b9f340_0, L_000001b731bafe70;
L_000001b731bb1770 .arith/sum 32, L_000001b731bb14f0, L_000001b731bb05f0;
S_000001b731b3c690 .scope module, "fixpmul_1" "fixpmul" 5 40, 4 1 0, S_000001b731b3ce60;
 .timescale -9 -10;
    .port_info 0 /INPUT 32 "a";
    .port_info 1 /INPUT 32 "b";
    .port_info 2 /OUTPUT 32 "o";
v000001b731b3a5e0_0 .net/s *"_ivl_0", 63 0, L_000001b731baf830;  1 drivers
v000001b731b3ab80_0 .net/s *"_ivl_2", 63 0, L_000001b731bb11d0;  1 drivers
v000001b731b3a0e0_0 .net *"_ivl_6", 63 0, L_000001b731bafdd0;  1 drivers
v000001b731b3a7c0_0 .net *"_ivl_8", 47 0, L_000001b731bb0b90;  1 drivers
v000001b731b3a180_0 .net/s "a", 31 0, v000001b731baa9d0_0;  alias, 1 drivers
v000001b731b3b1c0_0 .net/s "b", 31 0, v000001b731b9f480_0;  1 drivers
v000001b731b3a220_0 .net/s "long", 63 0, L_000001b731bb0410;  1 drivers
v000001b731b3acc0_0 .net/s "o", 31 0, L_000001b731baf6f0;  alias, 1 drivers
L_000001b731baf830 .extend/s 64, v000001b731baa9d0_0;
L_000001b731bb11d0 .extend/s 64, v000001b731b9f480_0;
L_000001b731bb0410 .arith/mult 64, L_000001b731baf830, L_000001b731bb11d0;
L_000001b731bb0b90 .part L_000001b731bb0410, 16, 48;
L_000001b731bafdd0 .extend/s 64, L_000001b731bb0b90;
L_000001b731baf6f0 .part L_000001b731bafdd0, 0, 32;
S_000001b731b3c370 .scope module, "fixpmul_2" "fixpmul" 5 41, 4 1 0, S_000001b731b3ce60;
 .timescale -9 -10;
    .port_info 0 /INPUT 32 "a";
    .port_info 1 /INPUT 32 "b";
    .port_info 2 /OUTPUT 32 "o";
v000001b731b3a2c0_0 .net/s *"_ivl_0", 63 0, L_000001b731bb0730;  1 drivers
v000001b731b3b3a0_0 .net/s *"_ivl_2", 63 0, L_000001b731baf0b0;  1 drivers
v000001b731b3a4a0_0 .net *"_ivl_6", 63 0, L_000001b731bb0cd0;  1 drivers
v000001b731b3b580_0 .net *"_ivl_8", 47 0, L_000001b731bafc90;  1 drivers
v000001b731b3a680_0 .net/s "a", 31 0, v000001b731baa7f0_0;  alias, 1 drivers
v000001b731b3b620_0 .net/s "b", 31 0, v000001b731b9dd60_0;  1 drivers
v000001b731b3a9a0_0 .net/s "long", 63 0, L_000001b731bafb50;  1 drivers
v000001b731b3b080_0 .net/s "o", 31 0, L_000001b731bb1450;  alias, 1 drivers
L_000001b731bb0730 .extend/s 64, v000001b731baa7f0_0;
L_000001b731baf0b0 .extend/s 64, v000001b731b9dd60_0;
L_000001b731bafb50 .arith/mult 64, L_000001b731bb0730, L_000001b731baf0b0;
L_000001b731bafc90 .part L_000001b731bafb50, 16, 48;
L_000001b731bb0cd0 .extend/s 64, L_000001b731bafc90;
L_000001b731bb1450 .part L_000001b731bb0cd0, 0, 32;
S_000001b731b3c500 .scope module, "fixpmul_3" "fixpmul" 5 42, 4 1 0, S_000001b731b3ce60;
 .timescale -9 -10;
    .port_info 0 /INPUT 32 "a";
    .port_info 1 /INPUT 32 "b";
    .port_info 2 /OUTPUT 32 "o";
v000001b731b3b6c0_0 .net/s *"_ivl_0", 63 0, L_000001b731baf790;  1 drivers
v000001b731b3ae00_0 .net/s *"_ivl_2", 63 0, L_000001b731baf010;  1 drivers
v000001b731b3b760_0 .net *"_ivl_6", 63 0, L_000001b731bb0d70;  1 drivers
v000001b731b3aea0_0 .net *"_ivl_8", 47 0, L_000001b731bafa10;  1 drivers
v000001b731b3b800_0 .net/s "a", 31 0, v000001b731bac720_0;  alias, 1 drivers
v000001b731b9f660_0 .net/s "b", 31 0, v000001b731b9da40_0;  1 drivers
v000001b731b9e080_0 .net/s "long", 63 0, L_000001b731bb0870;  1 drivers
v000001b731b9e120_0 .net/s "o", 31 0, L_000001b731bafe70;  alias, 1 drivers
L_000001b731baf790 .extend/s 64, v000001b731bac720_0;
L_000001b731baf010 .extend/s 64, v000001b731b9da40_0;
L_000001b731bb0870 .arith/mult 64, L_000001b731baf790, L_000001b731baf010;
L_000001b731bafa10 .part L_000001b731bb0870, 16, 48;
L_000001b731bb0d70 .extend/s 64, L_000001b731bafa10;
L_000001b731bafe70 .part L_000001b731bb0d70, 0, 32;
S_000001b731b3c820 .scope module, "fixpmul_4" "fixpmul" 5 43, 4 1 0, S_000001b731b3ce60;
 .timescale -9 -10;
    .port_info 0 /INPUT 32 "a";
    .port_info 1 /INPUT 32 "b";
    .port_info 2 /OUTPUT 32 "o";
v000001b731b9f7a0_0 .net/s *"_ivl_0", 63 0, L_000001b731baf8d0;  1 drivers
v000001b731b9f200_0 .net/s *"_ivl_2", 63 0, L_000001b731baf330;  1 drivers
v000001b731b9f160_0 .net *"_ivl_6", 63 0, L_000001b731baffb0;  1 drivers
v000001b731b9e300_0 .net *"_ivl_8", 47 0, L_000001b731baff10;  1 drivers
v000001b731b9ef80_0 .net/s "a", 31 0, v000001b731bab780_0;  alias, 1 drivers
v000001b731b9e6c0_0 .net/s "b", 31 0, v000001b731b9f020_0;  1 drivers
v000001b731b9e760_0 .net/s "long", 63 0, L_000001b731bb16d0;  1 drivers
v000001b731b9ee40_0 .net/s "o", 31 0, L_000001b731bb05f0;  alias, 1 drivers
L_000001b731baf8d0 .extend/s 64, v000001b731bab780_0;
L_000001b731baf330 .extend/s 64, v000001b731b9f020_0;
L_000001b731bb16d0 .arith/mult 64, L_000001b731baf8d0, L_000001b731baf330;
L_000001b731baff10 .part L_000001b731bb16d0, 16, 48;
L_000001b731baffb0 .extend/s 64, L_000001b731baff10;
L_000001b731bb05f0 .part L_000001b731baffb0, 0, 32;
S_000001b731b3c9b0 .scope module, "pe5" "pe" 3 29, 5 2 0, S_000001b731a86110;
 .timescale -9 -10;
    .port_info 0 /INPUT 32 "in";
    .port_info 1 /INOUT 1 "clk";
    .port_info 2 /INPUT 1 "rst";
    .port_info 3 /INPUT 32 "a1";
    .port_info 4 /INPUT 32 "a2";
    .port_info 5 /INPUT 32 "b1";
    .port_info 6 /INPUT 32 "b2";
    .port_info 7 /OUTPUT 32 "result";
v000001b731ba11e0_0 .net *"_ivl_2", 31 0, L_000001b731bb0910;  1 drivers
v000001b731ba07e0_0 .net "a1", 31 0, v000001b731baaa70_0;  1 drivers
v000001b731ba15a0_0 .net "a2", 31 0, v000001b731baab10_0;  1 drivers
v000001b731ba0b00_0 .net "b1", 31 0, v000001b731bab460_0;  1 drivers
v000001b731ba1460_0 .net "b2", 31 0, v000001b731bac5e0_0;  1 drivers
v000001b731ba1000_0 .var "buffer0", 31 0;
v000001b731ba0d80_0 .var "buffer1", 31 0;
v000001b731ba0060_0 .var "buffer2", 31 0;
v000001b731ba0ec0_0 .net "clk", 0 0, v000001b731babaa0_0;  alias, 1 drivers
v000001b731b9fc00_0 .net "in", 31 0, v000001b731b9ea80_0;  alias, 1 drivers
v000001b731ba0880_0 .net "in_1", 31 0, L_000001b731baf290;  1 drivers
v000001b731b9fd40_0 .net "out", 31 0, L_000001b731bafab0;  1 drivers
v000001b731ba0f60_0 .net "out1", 31 0, L_000001b731bb0370;  1 drivers
v000001b731ba16e0_0 .net "out2", 31 0, L_000001b731bb1270;  1 drivers
v000001b731ba02e0_0 .net "out3", 31 0, L_000001b731bb09b0;  1 drivers
v000001b731ba0380_0 .net "out4", 31 0, L_000001b731bb1090;  1 drivers
v000001b731ba10a0_0 .var "reg1", 31 0;
v000001b731b9fde0_0 .var "reg2", 31 0;
v000001b731b9fb60_0 .var "result", 31 0;
v000001b731ba0420_0 .net "rst", 0 0, v000001b731bac860_0;  alias, 1 drivers
L_000001b731baf290 .arith/sum 32, L_000001b731bb0370, L_000001b731bb1270;
L_000001b731bb0910 .arith/sum 32, v000001b731ba1000_0, L_000001b731bb09b0;
L_000001b731bafab0 .arith/sum 32, L_000001b731bb0910, L_000001b731bb1090;
S_000001b731b3cb40 .scope module, "fixpmul_1" "fixpmul" 5 40, 4 1 0, S_000001b731b3c9b0;
 .timescale -9 -10;
    .port_info 0 /INPUT 32 "a";
    .port_info 1 /INPUT 32 "b";
    .port_info 2 /OUTPUT 32 "o";
v000001b731b9f700_0 .net/s *"_ivl_0", 63 0, L_000001b731bb0c30;  1 drivers
v000001b731b9eb20_0 .net/s *"_ivl_2", 63 0, L_000001b731bafbf0;  1 drivers
v000001b731b9df40_0 .net *"_ivl_6", 63 0, L_000001b731bb0690;  1 drivers
v000001b731b9f2a0_0 .net *"_ivl_8", 47 0, L_000001b731bb00f0;  1 drivers
v000001b731b9ebc0_0 .net/s "a", 31 0, v000001b731baab10_0;  alias, 1 drivers
v000001b731b9dfe0_0 .net/s "b", 31 0, v000001b731b9fde0_0;  1 drivers
v000001b731b9e260_0 .net/s "long", 63 0, L_000001b731bb0050;  1 drivers
v000001b731b9e580_0 .net/s "o", 31 0, L_000001b731bb0370;  alias, 1 drivers
L_000001b731bb0c30 .extend/s 64, v000001b731baab10_0;
L_000001b731bafbf0 .extend/s 64, v000001b731b9fde0_0;
L_000001b731bb0050 .arith/mult 64, L_000001b731bb0c30, L_000001b731bafbf0;
L_000001b731bb00f0 .part L_000001b731bb0050, 16, 48;
L_000001b731bb0690 .extend/s 64, L_000001b731bb00f0;
L_000001b731bb0370 .part L_000001b731bb0690, 0, 32;
S_000001b731b3ccd0 .scope module, "fixpmul_2" "fixpmul" 5 41, 4 1 0, S_000001b731b3c9b0;
 .timescale -9 -10;
    .port_info 0 /INPUT 32 "a";
    .port_info 1 /INPUT 32 "b";
    .port_info 2 /OUTPUT 32 "o";
v000001b731b9f3e0_0 .net/s *"_ivl_0", 63 0, L_000001b731bb0190;  1 drivers
v000001b731b9e3a0_0 .net/s *"_ivl_2", 63 0, L_000001b731bb04b0;  1 drivers
v000001b731b9eee0_0 .net *"_ivl_6", 63 0, L_000001b731bb1130;  1 drivers
v000001b731b9e440_0 .net *"_ivl_8", 47 0, L_000001b731bb0230;  1 drivers
v000001b731b9f520_0 .net/s "a", 31 0, v000001b731baaa70_0;  alias, 1 drivers
v000001b731b9f5c0_0 .net/s "b", 31 0, v000001b731ba10a0_0;  1 drivers
v000001b731b9ec60_0 .net/s "long", 63 0, L_000001b731baf470;  1 drivers
v000001b731b9e4e0_0 .net/s "o", 31 0, L_000001b731bb1270;  alias, 1 drivers
L_000001b731bb0190 .extend/s 64, v000001b731baaa70_0;
L_000001b731bb04b0 .extend/s 64, v000001b731ba10a0_0;
L_000001b731baf470 .arith/mult 64, L_000001b731bb0190, L_000001b731bb04b0;
L_000001b731bb0230 .part L_000001b731baf470, 16, 48;
L_000001b731bb1130 .extend/s 64, L_000001b731bb0230;
L_000001b731bb1270 .part L_000001b731bb1130, 0, 32;
S_000001b731b3c050 .scope module, "fixpmul_3" "fixpmul" 5 42, 4 1 0, S_000001b731b3c9b0;
 .timescale -9 -10;
    .port_info 0 /INPUT 32 "a";
    .port_info 1 /INPUT 32 "b";
    .port_info 2 /OUTPUT 32 "o";
v000001b731b9f840_0 .net/s *"_ivl_0", 63 0, L_000001b731baf3d0;  1 drivers
v000001b731b9ed00_0 .net/s *"_ivl_2", 63 0, L_000001b731baf510;  1 drivers
v000001b731b9f8e0_0 .net *"_ivl_6", 63 0, L_000001b731bb0e10;  1 drivers
v000001b731ba04c0_0 .net *"_ivl_8", 47 0, L_000001b731bb07d0;  1 drivers
v000001b731ba1a00_0 .net/s "a", 31 0, v000001b731bab460_0;  alias, 1 drivers
v000001b731ba0e20_0 .net/s "b", 31 0, v000001b731ba0d80_0;  1 drivers
v000001b731ba1500_0 .net/s "long", 63 0, L_000001b731bb0550;  1 drivers
v000001b731ba09c0_0 .net/s "o", 31 0, L_000001b731bb09b0;  alias, 1 drivers
L_000001b731baf3d0 .extend/s 64, v000001b731bab460_0;
L_000001b731baf510 .extend/s 64, v000001b731ba0d80_0;
L_000001b731bb0550 .arith/mult 64, L_000001b731baf3d0, L_000001b731baf510;
L_000001b731bb07d0 .part L_000001b731bb0550, 16, 48;
L_000001b731bb0e10 .extend/s 64, L_000001b731bb07d0;
L_000001b731bb09b0 .part L_000001b731bb0e10, 0, 32;
S_000001b731ba1b70 .scope module, "fixpmul_4" "fixpmul" 5 43, 4 1 0, S_000001b731b3c9b0;
 .timescale -9 -10;
    .port_info 0 /INPUT 32 "a";
    .port_info 1 /INPUT 32 "b";
    .port_info 2 /OUTPUT 32 "o";
v000001b731ba1640_0 .net/s *"_ivl_0", 63 0, L_000001b731baf5b0;  1 drivers
v000001b731ba18c0_0 .net/s *"_ivl_2", 63 0, L_000001b731bb0a50;  1 drivers
v000001b731ba0240_0 .net *"_ivl_6", 63 0, L_000001b731bb0f50;  1 drivers
v000001b731ba0a60_0 .net *"_ivl_8", 47 0, L_000001b731bb0eb0;  1 drivers
v000001b731ba1960_0 .net/s "a", 31 0, v000001b731bac5e0_0;  alias, 1 drivers
v000001b731b9fca0_0 .net/s "b", 31 0, v000001b731ba0060_0;  1 drivers
v000001b731ba0ce0_0 .net/s "long", 63 0, L_000001b731bb0af0;  1 drivers
v000001b731b9ffc0_0 .net/s "o", 31 0, L_000001b731bb1090;  alias, 1 drivers
L_000001b731baf5b0 .extend/s 64, v000001b731bac5e0_0;
L_000001b731bb0a50 .extend/s 64, v000001b731ba0060_0;
L_000001b731bb0af0 .arith/mult 64, L_000001b731baf5b0, L_000001b731bb0a50;
L_000001b731bb0eb0 .part L_000001b731bb0af0, 16, 48;
L_000001b731bb0f50 .extend/s 64, L_000001b731bb0eb0;
L_000001b731bb1090 .part L_000001b731bb0f50, 0, 32;
S_000001b731ba2340 .scope module, "pe6" "pe" 3 30, 5 2 0, S_000001b731a86110;
 .timescale -9 -10;
    .port_info 0 /INPUT 32 "in";
    .port_info 1 /INOUT 1 "clk";
    .port_info 2 /INPUT 1 "rst";
    .port_info 3 /INPUT 32 "a1";
    .port_info 4 /INPUT 32 "a2";
    .port_info 5 /INPUT 32 "b1";
    .port_info 6 /INPUT 32 "b2";
    .port_info 7 /OUTPUT 32 "result";
v000001b731ba5270_0 .net *"_ivl_2", 31 0, L_000001b731bb13b0;  1 drivers
v000001b731ba4690_0 .net "a1", 31 0, v000001b731baabb0_0;  1 drivers
v000001b731ba3e70_0 .net "a2", 31 0, v000001b731baac50_0;  1 drivers
v000001b731ba4cd0_0 .net "b1", 31 0, v000001b731babe60_0;  1 drivers
v000001b731ba5310_0 .net "b2", 31 0, v000001b731bad300_0;  1 drivers
v000001b731ba4d70_0 .var "buffer0", 31 0;
v000001b731ba4190_0 .var "buffer1", 31 0;
v000001b731ba3d30_0 .var "buffer2", 31 0;
v000001b731ba5a90_0 .net "clk", 0 0, v000001b731babaa0_0;  alias, 1 drivers
v000001b731ba56d0_0 .net "in", 31 0, v000001b731b9fb60_0;  alias, 1 drivers
v000001b731ba45f0_0 .net "in_1", 31 0, L_000001b731bb1310;  1 drivers
v000001b731ba5810_0 .net "out", 31 0, L_000001b731bb1590;  1 drivers
v000001b731ba4050_0 .net "out1", 31 0, L_000001b731bb7e90;  1 drivers
v000001b731ba4f50_0 .net "out2", 31 0, L_000001b731bb7530;  1 drivers
v000001b731ba4370_0 .net "out3", 31 0, L_000001b731bb84d0;  1 drivers
v000001b731ba3fb0_0 .net "out4", 31 0, L_000001b731bb8f70;  1 drivers
v000001b731ba4ff0_0 .var "reg1", 31 0;
v000001b731ba47d0_0 .var "reg2", 31 0;
v000001b731ba5770_0 .var "result", 31 0;
v000001b731ba40f0_0 .net "rst", 0 0, v000001b731bac860_0;  alias, 1 drivers
L_000001b731bb1310 .arith/sum 32, L_000001b731bb7e90, L_000001b731bb7530;
L_000001b731bb13b0 .arith/sum 32, v000001b731ba4d70_0, L_000001b731bb84d0;
L_000001b731bb1590 .arith/sum 32, L_000001b731bb13b0, L_000001b731bb8f70;
S_000001b731ba3920 .scope module, "fixpmul_1" "fixpmul" 5 40, 4 1 0, S_000001b731ba2340;
 .timescale -9 -10;
    .port_info 0 /INPUT 32 "a";
    .port_info 1 /INPUT 32 "b";
    .port_info 2 /OUTPUT 32 "o";
v000001b731ba1140_0 .net/s *"_ivl_0", 63 0, L_000001b731bb1630;  1 drivers
v000001b731ba0560_0 .net/s *"_ivl_2", 63 0, L_000001b731baf150;  1 drivers
v000001b731ba01a0_0 .net *"_ivl_6", 63 0, L_000001b731bb8430;  1 drivers
v000001b731ba0600_0 .net *"_ivl_8", 47 0, L_000001b731bb8890;  1 drivers
v000001b731ba0100_0 .net/s "a", 31 0, v000001b731baac50_0;  alias, 1 drivers
v000001b731ba06a0_0 .net/s "b", 31 0, v000001b731ba47d0_0;  1 drivers
v000001b731ba0740_0 .net/s "long", 63 0, L_000001b731baf650;  1 drivers
v000001b731ba0ba0_0 .net/s "o", 31 0, L_000001b731bb7e90;  alias, 1 drivers
L_000001b731bb1630 .extend/s 64, v000001b731baac50_0;
L_000001b731baf150 .extend/s 64, v000001b731ba47d0_0;
L_000001b731baf650 .arith/mult 64, L_000001b731bb1630, L_000001b731baf150;
L_000001b731bb8890 .part L_000001b731baf650, 16, 48;
L_000001b731bb8430 .extend/s 64, L_000001b731bb8890;
L_000001b731bb7e90 .part L_000001b731bb8430, 0, 32;
S_000001b731ba27f0 .scope module, "fixpmul_2" "fixpmul" 5 41, 4 1 0, S_000001b731ba2340;
 .timescale -9 -10;
    .port_info 0 /INPUT 32 "a";
    .port_info 1 /INPUT 32 "b";
    .port_info 2 /OUTPUT 32 "o";
v000001b731ba0c40_0 .net/s *"_ivl_0", 63 0, L_000001b731bb9150;  1 drivers
v000001b731b9fe80_0 .net/s *"_ivl_2", 63 0, L_000001b731bb9650;  1 drivers
v000001b731ba0920_0 .net *"_ivl_6", 63 0, L_000001b731bb9010;  1 drivers
v000001b731ba1780_0 .net *"_ivl_8", 47 0, L_000001b731bb8d90;  1 drivers
v000001b731ba1280_0 .net/s "a", 31 0, v000001b731baabb0_0;  alias, 1 drivers
v000001b731ba1320_0 .net/s "b", 31 0, v000001b731ba4ff0_0;  1 drivers
v000001b731ba13c0_0 .net/s "long", 63 0, L_000001b731bb7990;  1 drivers
v000001b731ba1820_0 .net/s "o", 31 0, L_000001b731bb7530;  alias, 1 drivers
L_000001b731bb9150 .extend/s 64, v000001b731baabb0_0;
L_000001b731bb9650 .extend/s 64, v000001b731ba4ff0_0;
L_000001b731bb7990 .arith/mult 64, L_000001b731bb9150, L_000001b731bb9650;
L_000001b731bb8d90 .part L_000001b731bb7990, 16, 48;
L_000001b731bb9010 .extend/s 64, L_000001b731bb8d90;
L_000001b731bb7530 .part L_000001b731bb9010, 0, 32;
S_000001b731ba1d00 .scope module, "fixpmul_3" "fixpmul" 5 42, 4 1 0, S_000001b731ba2340;
 .timescale -9 -10;
    .port_info 0 /INPUT 32 "a";
    .port_info 1 /INPUT 32 "b";
    .port_info 2 /OUTPUT 32 "o";
v000001b731b9ff20_0 .net/s *"_ivl_0", 63 0, L_000001b731bb89d0;  1 drivers
v000001b731ba3dd0_0 .net/s *"_ivl_2", 63 0, L_000001b731bb91f0;  1 drivers
v000001b731ba4e10_0 .net *"_ivl_6", 63 0, L_000001b731bb9290;  1 drivers
v000001b731ba59f0_0 .net *"_ivl_8", 47 0, L_000001b731bb8070;  1 drivers
v000001b731ba4730_0 .net/s "a", 31 0, v000001b731babe60_0;  alias, 1 drivers
v000001b731ba53b0_0 .net/s "b", 31 0, v000001b731ba4190_0;  1 drivers
v000001b731ba5450_0 .net/s "long", 63 0, L_000001b731bb9790;  1 drivers
v000001b731ba5590_0 .net/s "o", 31 0, L_000001b731bb84d0;  alias, 1 drivers
L_000001b731bb89d0 .extend/s 64, v000001b731babe60_0;
L_000001b731bb91f0 .extend/s 64, v000001b731ba4190_0;
L_000001b731bb9790 .arith/mult 64, L_000001b731bb89d0, L_000001b731bb91f0;
L_000001b731bb8070 .part L_000001b731bb9790, 16, 48;
L_000001b731bb9290 .extend/s 64, L_000001b731bb8070;
L_000001b731bb84d0 .part L_000001b731bb9290, 0, 32;
S_000001b731ba3150 .scope module, "fixpmul_4" "fixpmul" 5 43, 4 1 0, S_000001b731ba2340;
 .timescale -9 -10;
    .port_info 0 /INPUT 32 "a";
    .port_info 1 /INPUT 32 "b";
    .port_info 2 /OUTPUT 32 "o";
v000001b731ba54f0_0 .net/s *"_ivl_0", 63 0, L_000001b731bb90b0;  1 drivers
v000001b731ba5b30_0 .net/s *"_ivl_2", 63 0, L_000001b731bb7b70;  1 drivers
v000001b731ba42d0_0 .net *"_ivl_6", 63 0, L_000001b731bb9330;  1 drivers
v000001b731ba44b0_0 .net *"_ivl_8", 47 0, L_000001b731bb8ed0;  1 drivers
v000001b731ba4c30_0 .net/s "a", 31 0, v000001b731bad300_0;  alias, 1 drivers
v000001b731ba4230_0 .net/s "b", 31 0, v000001b731ba3d30_0;  1 drivers
v000001b731ba5130_0 .net/s "long", 63 0, L_000001b731bb86b0;  1 drivers
v000001b731ba4eb0_0 .net/s "o", 31 0, L_000001b731bb8f70;  alias, 1 drivers
L_000001b731bb90b0 .extend/s 64, v000001b731bad300_0;
L_000001b731bb7b70 .extend/s 64, v000001b731ba3d30_0;
L_000001b731bb86b0 .arith/mult 64, L_000001b731bb90b0, L_000001b731bb7b70;
L_000001b731bb8ed0 .part L_000001b731bb86b0, 16, 48;
L_000001b731bb9330 .extend/s 64, L_000001b731bb8ed0;
L_000001b731bb8f70 .part L_000001b731bb9330, 0, 32;
S_000001b731ba32e0 .scope module, "pe7" "pe" 3 31, 5 2 0, S_000001b731a86110;
 .timescale -9 -10;
    .port_info 0 /INPUT 32 "in";
    .port_info 1 /INOUT 1 "clk";
    .port_info 2 /INPUT 1 "rst";
    .port_info 3 /INPUT 32 "a1";
    .port_info 4 /INPUT 32 "a2";
    .port_info 5 /INPUT 32 "b1";
    .port_info 6 /INPUT 32 "b2";
    .port_info 7 /OUTPUT 32 "result";
v000001b731ba7e10_0 .net *"_ivl_2", 31 0, L_000001b731bb7850;  1 drivers
v000001b731ba7af0_0 .net "a1", 31 0, v000001b731babd20_0;  1 drivers
v000001b731ba6dd0_0 .net "a2", 31 0, v000001b731bac400_0;  1 drivers
v000001b731ba77d0_0 .net "b1", 31 0, v000001b731bab5a0_0;  1 drivers
v000001b731ba8e50_0 .net "b2", 31 0, v000001b731baca40_0;  1 drivers
v000001b731ba7cd0_0 .var "buffer0", 31 0;
v000001b731ba7b90_0 .var "buffer1", 31 0;
v000001b731ba7190_0 .var "buffer2", 31 0;
v000001b731ba6fb0_0 .net "clk", 0 0, v000001b731babaa0_0;  alias, 1 drivers
v000001b731ba8a90_0 .net "in", 31 0, v000001b731ba5770_0;  alias, 1 drivers
v000001b731ba7910_0 .net "in_1", 31 0, L_000001b731bb7f30;  1 drivers
v000001b731ba72d0_0 .net "out", 31 0, L_000001b731bb93d0;  1 drivers
v000001b731ba8090_0 .net "out1", 31 0, L_000001b731bb95b0;  1 drivers
v000001b731ba7690_0 .net "out2", 31 0, L_000001b731bb7c10;  1 drivers
v000001b731ba84f0_0 .net "out3", 31 0, L_000001b731bb8e30;  1 drivers
v000001b731ba7370_0 .net "out4", 31 0, L_000001b731bb81b0;  1 drivers
v000001b731ba90d0_0 .var "reg1", 31 0;
v000001b731ba8310_0 .var "reg2", 31 0;
v000001b731ba7c30_0 .var "result", 31 0;
v000001b731ba7d70_0 .net "rst", 0 0, v000001b731bac860_0;  alias, 1 drivers
L_000001b731bb7f30 .arith/sum 32, L_000001b731bb95b0, L_000001b731bb7c10;
L_000001b731bb7850 .arith/sum 32, v000001b731ba7cd0_0, L_000001b731bb8e30;
L_000001b731bb93d0 .arith/sum 32, L_000001b731bb7850, L_000001b731bb81b0;
S_000001b731ba2660 .scope module, "fixpmul_1" "fixpmul" 5 40, 4 1 0, S_000001b731ba32e0;
 .timescale -9 -10;
    .port_info 0 /INPUT 32 "a";
    .port_info 1 /INPUT 32 "b";
    .port_info 2 /OUTPUT 32 "o";
v000001b731ba5630_0 .net/s *"_ivl_0", 63 0, L_000001b731bb8570;  1 drivers
v000001b731ba58b0_0 .net/s *"_ivl_2", 63 0, L_000001b731bb9470;  1 drivers
v000001b731ba4550_0 .net *"_ivl_6", 63 0, L_000001b731bb7a30;  1 drivers
v000001b731ba5950_0 .net *"_ivl_8", 47 0, L_000001b731bb72b0;  1 drivers
v000001b731ba4910_0 .net/s "a", 31 0, v000001b731bac400_0;  alias, 1 drivers
v000001b731ba4870_0 .net/s "b", 31 0, v000001b731ba8310_0;  1 drivers
v000001b731ba3c90_0 .net/s "long", 63 0, L_000001b731bb8c50;  1 drivers
v000001b731ba3f10_0 .net/s "o", 31 0, L_000001b731bb95b0;  alias, 1 drivers
L_000001b731bb8570 .extend/s 64, v000001b731bac400_0;
L_000001b731bb9470 .extend/s 64, v000001b731ba8310_0;
L_000001b731bb8c50 .arith/mult 64, L_000001b731bb8570, L_000001b731bb9470;
L_000001b731bb72b0 .part L_000001b731bb8c50, 16, 48;
L_000001b731bb7a30 .extend/s 64, L_000001b731bb72b0;
L_000001b731bb95b0 .part L_000001b731bb7a30, 0, 32;
S_000001b731ba21b0 .scope module, "fixpmul_2" "fixpmul" 5 41, 4 1 0, S_000001b731ba32e0;
 .timescale -9 -10;
    .port_info 0 /INPUT 32 "a";
    .port_info 1 /INPUT 32 "b";
    .port_info 2 /OUTPUT 32 "o";
v000001b731ba5090_0 .net/s *"_ivl_0", 63 0, L_000001b731bb8610;  1 drivers
v000001b731ba51d0_0 .net/s *"_ivl_2", 63 0, L_000001b731bb8750;  1 drivers
v000001b731ba4410_0 .net *"_ivl_6", 63 0, L_000001b731bb8110;  1 drivers
v000001b731ba49b0_0 .net *"_ivl_8", 47 0, L_000001b731bb8bb0;  1 drivers
v000001b731ba4a50_0 .net/s "a", 31 0, v000001b731babd20_0;  alias, 1 drivers
v000001b731ba4af0_0 .net/s "b", 31 0, v000001b731ba90d0_0;  1 drivers
v000001b731ba4b90_0 .net/s "long", 63 0, L_000001b731bb7710;  1 drivers
v000001b731ba8b30_0 .net/s "o", 31 0, L_000001b731bb7c10;  alias, 1 drivers
L_000001b731bb8610 .extend/s 64, v000001b731babd20_0;
L_000001b731bb8750 .extend/s 64, v000001b731ba90d0_0;
L_000001b731bb7710 .arith/mult 64, L_000001b731bb8610, L_000001b731bb8750;
L_000001b731bb8bb0 .part L_000001b731bb7710, 16, 48;
L_000001b731bb8110 .extend/s 64, L_000001b731bb8bb0;
L_000001b731bb7c10 .part L_000001b731bb8110, 0, 32;
S_000001b731ba24d0 .scope module, "fixpmul_3" "fixpmul" 5 42, 4 1 0, S_000001b731ba32e0;
 .timescale -9 -10;
    .port_info 0 /INPUT 32 "a";
    .port_info 1 /INPUT 32 "b";
    .port_info 2 /OUTPUT 32 "o";
v000001b731ba70f0_0 .net/s *"_ivl_0", 63 0, L_000001b731bb9510;  1 drivers
v000001b731ba8f90_0 .net/s *"_ivl_2", 63 0, L_000001b731bb96f0;  1 drivers
v000001b731ba8d10_0 .net *"_ivl_6", 63 0, L_000001b731bb8930;  1 drivers
v000001b731ba7730_0 .net *"_ivl_8", 47 0, L_000001b731bb7fd0;  1 drivers
v000001b731ba83b0_0 .net/s "a", 31 0, v000001b731bab5a0_0;  alias, 1 drivers
v000001b731ba74b0_0 .net/s "b", 31 0, v000001b731ba7b90_0;  1 drivers
v000001b731ba7230_0 .net/s "long", 63 0, L_000001b731bb7350;  1 drivers
v000001b731ba8450_0 .net/s "o", 31 0, L_000001b731bb8e30;  alias, 1 drivers
L_000001b731bb9510 .extend/s 64, v000001b731bab5a0_0;
L_000001b731bb96f0 .extend/s 64, v000001b731ba7b90_0;
L_000001b731bb7350 .arith/mult 64, L_000001b731bb9510, L_000001b731bb96f0;
L_000001b731bb7fd0 .part L_000001b731bb7350, 16, 48;
L_000001b731bb8930 .extend/s 64, L_000001b731bb7fd0;
L_000001b731bb8e30 .part L_000001b731bb8930, 0, 32;
S_000001b731ba1e90 .scope module, "fixpmul_4" "fixpmul" 5 43, 4 1 0, S_000001b731ba32e0;
 .timescale -9 -10;
    .port_info 0 /INPUT 32 "a";
    .port_info 1 /INPUT 32 "b";
    .port_info 2 /OUTPUT 32 "o";
v000001b731ba89f0_0 .net/s *"_ivl_0", 63 0, L_000001b731bb8cf0;  1 drivers
v000001b731ba8db0_0 .net/s *"_ivl_2", 63 0, L_000001b731bb7ad0;  1 drivers
v000001b731ba8810_0 .net *"_ivl_6", 63 0, L_000001b731bb8250;  1 drivers
v000001b731ba7870_0 .net *"_ivl_8", 47 0, L_000001b731bb77b0;  1 drivers
v000001b731ba7a50_0 .net/s "a", 31 0, v000001b731baca40_0;  alias, 1 drivers
v000001b731ba81d0_0 .net/s "b", 31 0, v000001b731ba7190_0;  1 drivers
v000001b731ba8270_0 .net/s "long", 63 0, L_000001b731bb75d0;  1 drivers
v000001b731ba79b0_0 .net/s "o", 31 0, L_000001b731bb81b0;  alias, 1 drivers
L_000001b731bb8cf0 .extend/s 64, v000001b731baca40_0;
L_000001b731bb7ad0 .extend/s 64, v000001b731ba7190_0;
L_000001b731bb75d0 .arith/mult 64, L_000001b731bb8cf0, L_000001b731bb7ad0;
L_000001b731bb77b0 .part L_000001b731bb75d0, 16, 48;
L_000001b731bb8250 .extend/s 64, L_000001b731bb77b0;
L_000001b731bb81b0 .part L_000001b731bb8250, 0, 32;
S_000001b731ba3470 .scope module, "pe8" "pe" 3 32, 5 2 0, S_000001b731a86110;
 .timescale -9 -10;
    .port_info 0 /INPUT 32 "in";
    .port_info 1 /INOUT 1 "clk";
    .port_info 2 /INPUT 1 "rst";
    .port_info 3 /INPUT 32 "a1";
    .port_info 4 /INPUT 32 "a2";
    .port_info 5 /INPUT 32 "b1";
    .port_info 6 /INPUT 32 "b2";
    .port_info 7 /OUTPUT 32 "result";
v000001b731ba95d0_0 .net *"_ivl_2", 31 0, L_000001b731bb7030;  1 drivers
v000001b731ba98f0_0 .net "a1", 31 0, v000001b731baccc0_0;  1 drivers
v000001b731baa610_0 .net "a2", 31 0, v000001b731babdc0_0;  1 drivers
v000001b731baa2f0_0 .net "b1", 31 0, v000001b731bacf40_0;  1 drivers
v000001b731ba9850_0 .net "b2", 31 0, v000001b731bab8c0_0;  1 drivers
v000001b731ba9d50_0 .var "buffer0", 31 0;
v000001b731ba9f30_0 .var "buffer1", 31 0;
v000001b731ba9a30_0 .var "buffer2", 31 0;
v000001b731ba9670_0 .net "clk", 0 0, v000001b731babaa0_0;  alias, 1 drivers
v000001b731baa250_0 .net "in", 31 0, v000001b731ba7c30_0;  alias, 1 drivers
v000001b731baa930_0 .net "in_1", 31 0, L_000001b731bb82f0;  1 drivers
v000001b731baa430_0 .net "out", 31 0, L_000001b731bb87f0;  1 drivers
v000001b731ba9b70_0 .net "out1", 31 0, L_000001b731bb70d0;  1 drivers
v000001b731baa4d0_0 .net "out2", 31 0, L_000001b731bb7df0;  1 drivers
v000001b731ba9fd0_0 .net "out3", 31 0, L_000001b731bba190;  1 drivers
v000001b731baa890_0 .net "out4", 31 0, L_000001b731bba9b0;  1 drivers
v000001b731ba9c10_0 .var "reg1", 31 0;
v000001b731baa570_0 .var "reg2", 31 0;
v000001b731ba97b0_0 .var "result", 31 0;
v000001b731ba9990_0 .net "rst", 0 0, v000001b731bac860_0;  alias, 1 drivers
L_000001b731bb82f0 .arith/sum 32, L_000001b731bb70d0, L_000001b731bb7df0;
L_000001b731bb7030 .arith/sum 32, v000001b731ba9d50_0, L_000001b731bba190;
L_000001b731bb87f0 .arith/sum 32, L_000001b731bb7030, L_000001b731bba9b0;
S_000001b731ba2ca0 .scope module, "fixpmul_1" "fixpmul" 5 40, 4 1 0, S_000001b731ba3470;
 .timescale -9 -10;
    .port_info 0 /INPUT 32 "a";
    .port_info 1 /INPUT 32 "b";
    .port_info 2 /OUTPUT 32 "o";
v000001b731ba7eb0_0 .net/s *"_ivl_0", 63 0, L_000001b731bb8a70;  1 drivers
v000001b731ba7550_0 .net/s *"_ivl_2", 63 0, L_000001b731bb73f0;  1 drivers
v000001b731ba7f50_0 .net *"_ivl_6", 63 0, L_000001b731bb7670;  1 drivers
v000001b731ba8c70_0 .net *"_ivl_8", 47 0, L_000001b731bb8b10;  1 drivers
v000001b731ba8590_0 .net/s "a", 31 0, v000001b731babdc0_0;  alias, 1 drivers
v000001b731ba7ff0_0 .net/s "b", 31 0, v000001b731baa570_0;  1 drivers
v000001b731ba8ef0_0 .net/s "long", 63 0, L_000001b731bb7cb0;  1 drivers
v000001b731ba93f0_0 .net/s "o", 31 0, L_000001b731bb70d0;  alias, 1 drivers
L_000001b731bb8a70 .extend/s 64, v000001b731babdc0_0;
L_000001b731bb73f0 .extend/s 64, v000001b731baa570_0;
L_000001b731bb7cb0 .arith/mult 64, L_000001b731bb8a70, L_000001b731bb73f0;
L_000001b731bb8b10 .part L_000001b731bb7cb0, 16, 48;
L_000001b731bb7670 .extend/s 64, L_000001b731bb8b10;
L_000001b731bb70d0 .part L_000001b731bb7670, 0, 32;
S_000001b731ba3790 .scope module, "fixpmul_2" "fixpmul" 5 41, 4 1 0, S_000001b731ba3470;
 .timescale -9 -10;
    .port_info 0 /INPUT 32 "a";
    .port_info 1 /INPUT 32 "b";
    .port_info 2 /OUTPUT 32 "o";
v000001b731ba9030_0 .net/s *"_ivl_0", 63 0, L_000001b731bb7d50;  1 drivers
v000001b731ba8130_0 .net/s *"_ivl_2", 63 0, L_000001b731bb7210;  1 drivers
v000001b731ba8770_0 .net *"_ivl_6", 63 0, L_000001b731bb78f0;  1 drivers
v000001b731ba7410_0 .net *"_ivl_8", 47 0, L_000001b731bb7490;  1 drivers
v000001b731ba9530_0 .net/s "a", 31 0, v000001b731baccc0_0;  alias, 1 drivers
v000001b731ba8630_0 .net/s "b", 31 0, v000001b731ba9c10_0;  1 drivers
v000001b731ba9170_0 .net/s "long", 63 0, L_000001b731bb7170;  1 drivers
v000001b731ba86d0_0 .net/s "o", 31 0, L_000001b731bb7df0;  alias, 1 drivers
L_000001b731bb7d50 .extend/s 64, v000001b731baccc0_0;
L_000001b731bb7210 .extend/s 64, v000001b731ba9c10_0;
L_000001b731bb7170 .arith/mult 64, L_000001b731bb7d50, L_000001b731bb7210;
L_000001b731bb7490 .part L_000001b731bb7170, 16, 48;
L_000001b731bb78f0 .extend/s 64, L_000001b731bb7490;
L_000001b731bb7df0 .part L_000001b731bb78f0, 0, 32;
S_000001b731ba2980 .scope module, "fixpmul_3" "fixpmul" 5 42, 4 1 0, S_000001b731ba3470;
 .timescale -9 -10;
    .port_info 0 /INPUT 32 "a";
    .port_info 1 /INPUT 32 "b";
    .port_info 2 /OUTPUT 32 "o";
v000001b731ba88b0_0 .net/s *"_ivl_0", 63 0, L_000001b731bb8390;  1 drivers
v000001b731ba75f0_0 .net/s *"_ivl_2", 63 0, L_000001b731bb9970;  1 drivers
v000001b731ba8bd0_0 .net *"_ivl_6", 63 0, L_000001b731bb9bf0;  1 drivers
v000001b731ba8950_0 .net *"_ivl_8", 47 0, L_000001b731bb9a10;  1 drivers
v000001b731ba9210_0 .net/s "a", 31 0, v000001b731bacf40_0;  alias, 1 drivers
v000001b731ba9350_0 .net/s "b", 31 0, v000001b731ba9f30_0;  1 drivers
v000001b731ba92b0_0 .net/s "long", 63 0, L_000001b731bb9d30;  1 drivers
v000001b731ba9490_0 .net/s "o", 31 0, L_000001b731bba190;  alias, 1 drivers
L_000001b731bb8390 .extend/s 64, v000001b731bacf40_0;
L_000001b731bb9970 .extend/s 64, v000001b731ba9f30_0;
L_000001b731bb9d30 .arith/mult 64, L_000001b731bb8390, L_000001b731bb9970;
L_000001b731bb9a10 .part L_000001b731bb9d30, 16, 48;
L_000001b731bb9bf0 .extend/s 64, L_000001b731bb9a10;
L_000001b731bba190 .part L_000001b731bb9bf0, 0, 32;
S_000001b731ba3600 .scope module, "fixpmul_4" "fixpmul" 5 43, 4 1 0, S_000001b731ba3470;
 .timescale -9 -10;
    .port_info 0 /INPUT 32 "a";
    .port_info 1 /INPUT 32 "b";
    .port_info 2 /OUTPUT 32 "o";
v000001b731ba6e70_0 .net/s *"_ivl_0", 63 0, L_000001b731bb9dd0;  1 drivers
v000001b731ba6f10_0 .net/s *"_ivl_2", 63 0, L_000001b731bbaaf0;  1 drivers
v000001b731ba7050_0 .net *"_ivl_6", 63 0, L_000001b731bbad70;  1 drivers
v000001b731baa070_0 .net *"_ivl_8", 47 0, L_000001b731bba7d0;  1 drivers
v000001b731ba9ad0_0 .net/s "a", 31 0, v000001b731bab8c0_0;  alias, 1 drivers
v000001b731baa110_0 .net/s "b", 31 0, v000001b731ba9a30_0;  1 drivers
v000001b731baa390_0 .net/s "long", 63 0, L_000001b731bba230;  1 drivers
v000001b731ba9710_0 .net/s "o", 31 0, L_000001b731bba9b0;  alias, 1 drivers
L_000001b731bb9dd0 .extend/s 64, v000001b731bab8c0_0;
L_000001b731bbaaf0 .extend/s 64, v000001b731ba9a30_0;
L_000001b731bba230 .arith/mult 64, L_000001b731bb9dd0, L_000001b731bbaaf0;
L_000001b731bba7d0 .part L_000001b731bba230, 16, 48;
L_000001b731bbad70 .extend/s 64, L_000001b731bba7d0;
L_000001b731bba9b0 .part L_000001b731bbad70, 0, 32;
S_000001b731ba2b10 .scope module, "output_tb" "output_tb" 2 46, 6 1 0, S_000001b731b26370;
 .timescale -9 -10;
    .port_info 0 /INPUT 1 "clk";
    .port_info 1 /INPUT 1 "rst";
    .port_info 2 /INPUT 32 "data";
    .port_info 3 /INPUT 1 "finish_flag";
    .port_info 4 /INPUT 1 "start_flag";
v000001b731bab3c0_0 .net "clk", 0 0, v000001b731babaa0_0;  alias, 1 drivers
v000001b731bad6c0_0 .net "data", 31 0, v000001b731baba00_0;  alias, 1 drivers
v000001b731bab820_0 .var/i "fid", 31 0;
v000001b731bad440_0 .net "finish_flag", 0 0, v000001b731babbe0_0;  alias, 1 drivers
v000001b731bab960_0 .net "rst", 0 0, v000001b731bac860_0;  alias, 1 drivers
v000001b731bac7c0_0 .net "start_flag", 0 0, v000001b731bacc20_0;  1 drivers
    .scope S_000001b731a86430;
T_0 ;
    %wait E_000001b731b216e0;
    %load/vec4 v000001b731b9b070_0;
    %nor/r;
    %flag_set/vec4 8;
    %jmp/0xz  T_0.0, 8;
    %pushi/vec4 0, 0, 32;
    %assign/vec4 v000001b731b9bbb0_0, 0;
    %pushi/vec4 0, 0, 32;
    %assign/vec4 v000001b731b9c650_0, 0;
    %pushi/vec4 0, 0, 32;
    %assign/vec4 v000001b731b9b390_0, 0;
    %pushi/vec4 0, 0, 32;
    %assign/vec4 v000001b731b9c510_0, 0;
    %pushi/vec4 0, 0, 32;
    %assign/vec4 v000001b731b9ca10_0, 0;
    %pushi/vec4 0, 0, 32;
    %assign/vec4 v000001b731b9b250_0, 0;
    %jmp T_0.1;
T_0.0 ;
    %load/vec4 v000001b731b9bb10_0;
    %load/vec4 v000001b731b9cdd0_0;
    %sub;
    %assign/vec4 v000001b731b9b390_0, 0;
    %load/vec4 v000001b731b9bbb0_0;
    %assign/vec4 v000001b731b9c510_0, 0;
    %load/vec4 v000001b731b9c650_0;
    %assign/vec4 v000001b731b9ca10_0, 0;
    %load/vec4 v000001b731b9bb10_0;
    %load/vec4 v000001b731b9cdd0_0;
    %sub;
    %assign/vec4 v000001b731b9bbb0_0, 0;
    %load/vec4 v000001b731b9bbb0_0;
    %assign/vec4 v000001b731b9c650_0, 0;
    %load/vec4 v000001b731b9c1f0_0;
    %assign/vec4 v000001b731b9b250_0, 0;
T_0.1 ;
    %jmp T_0;
    .thread T_0;
    .scope S_000001b731a52cf0;
T_1 ;
    %wait E_000001b731b216e0;
    %load/vec4 v000001b731b38210_0;
    %nor/r;
    %flag_set/vec4 8;
    %jmp/0xz  T_1.0, 8;
    %pushi/vec4 0, 0, 32;
    %assign/vec4 v000001b731b38530_0, 0;
    %pushi/vec4 0, 0, 32;
    %assign/vec4 v000001b731b38c10_0, 0;
    %pushi/vec4 0, 0, 32;
    %assign/vec4 v000001b731b38990_0, 0;
    %pushi/vec4 0, 0, 32;
    %assign/vec4 v000001b731b38490_0, 0;
    %pushi/vec4 0, 0, 32;
    %assign/vec4 v000001b731b39750_0, 0;
    %pushi/vec4 0, 0, 32;
    %assign/vec4 v000001b731b38b70_0, 0;
    %jmp T_1.1;
T_1.0 ;
    %load/vec4 v000001b731b39c50_0;
    %load/vec4 v000001b731b38350_0;
    %sub;
    %assign/vec4 v000001b731b38990_0, 0;
    %load/vec4 v000001b731b38530_0;
    %assign/vec4 v000001b731b38490_0, 0;
    %load/vec4 v000001b731b38c10_0;
    %assign/vec4 v000001b731b39750_0, 0;
    %load/vec4 v000001b731b39c50_0;
    %load/vec4 v000001b731b38350_0;
    %sub;
    %assign/vec4 v000001b731b38530_0, 0;
    %load/vec4 v000001b731b38530_0;
    %assign/vec4 v000001b731b38c10_0, 0;
    %load/vec4 v000001b731b39070_0;
    %assign/vec4 v000001b731b38b70_0, 0;
T_1.1 ;
    %jmp T_1;
    .thread T_1;
    .scope S_000001b731a8e1a0;
T_2 ;
    %wait E_000001b731b216e0;
    %load/vec4 v000001b731b3be40_0;
    %nor/r;
    %flag_set/vec4 8;
    %jmp/0xz  T_2.0, 8;
    %pushi/vec4 0, 0, 32;
    %assign/vec4 v000001b731b3bd00_0, 0;
    %pushi/vec4 0, 0, 32;
    %assign/vec4 v000001b731b3a900_0, 0;
    %pushi/vec4 0, 0, 32;
    %assign/vec4 v000001b731b3b300_0, 0;
    %pushi/vec4 0, 0, 32;
    %assign/vec4 v000001b731b3a540_0, 0;
    %pushi/vec4 0, 0, 32;
    %assign/vec4 v000001b731b3a360_0, 0;
    %pushi/vec4 0, 0, 32;
    %assign/vec4 v000001b731b3bda0_0, 0;
    %jmp T_2.1;
T_2.0 ;
    %load/vec4 v000001b731b3b940_0;
    %load/vec4 v000001b731b3b9e0_0;
    %sub;
    %assign/vec4 v000001b731b3b300_0, 0;
    %load/vec4 v000001b731b3bd00_0;
    %assign/vec4 v000001b731b3a540_0, 0;
    %load/vec4 v000001b731b3a900_0;
    %assign/vec4 v000001b731b3a360_0, 0;
    %load/vec4 v000001b731b3b940_0;
    %load/vec4 v000001b731b3b9e0_0;
    %sub;
    %assign/vec4 v000001b731b3bd00_0, 0;
    %load/vec4 v000001b731b3bd00_0;
    %assign/vec4 v000001b731b3a900_0, 0;
    %load/vec4 v000001b731b3a400_0;
    %assign/vec4 v000001b731b3bda0_0, 0;
T_2.1 ;
    %jmp T_2;
    .thread T_2;
    .scope S_000001b731b3ce60;
T_3 ;
    %wait E_000001b731b216e0;
    %load/vec4 v000001b731b9f0c0_0;
    %nor/r;
    %flag_set/vec4 8;
    %jmp/0xz  T_3.0, 8;
    %pushi/vec4 0, 0, 32;
    %assign/vec4 v000001b731b9dd60_0, 0;
    %pushi/vec4 0, 0, 32;
    %assign/vec4 v000001b731b9f480_0, 0;
    %pushi/vec4 0, 0, 32;
    %assign/vec4 v000001b731b9f340_0, 0;
    %pushi/vec4 0, 0, 32;
    %assign/vec4 v000001b731b9da40_0, 0;
    %pushi/vec4 0, 0, 32;
    %assign/vec4 v000001b731b9f020_0, 0;
    %pushi/vec4 0, 0, 32;
    %assign/vec4 v000001b731b9ea80_0, 0;
    %jmp T_3.1;
T_3.0 ;
    %load/vec4 v000001b731b9e620_0;
    %load/vec4 v000001b731b9e940_0;
    %sub;
    %assign/vec4 v000001b731b9f340_0, 0;
    %load/vec4 v000001b731b9dd60_0;
    %assign/vec4 v000001b731b9da40_0, 0;
    %load/vec4 v000001b731b9f480_0;
    %assign/vec4 v000001b731b9f020_0, 0;
    %load/vec4 v000001b731b9e620_0;
    %load/vec4 v000001b731b9e940_0;
    %sub;
    %assign/vec4 v000001b731b9dd60_0, 0;
    %load/vec4 v000001b731b9dd60_0;
    %assign/vec4 v000001b731b9f480_0, 0;
    %load/vec4 v000001b731b9eda0_0;
    %assign/vec4 v000001b731b9ea80_0, 0;
T_3.1 ;
    %jmp T_3;
    .thread T_3;
    .scope S_000001b731b3c9b0;
T_4 ;
    %wait E_000001b731b216e0;
    %load/vec4 v000001b731ba0420_0;
    %nor/r;
    %flag_set/vec4 8;
    %jmp/0xz  T_4.0, 8;
    %pushi/vec4 0, 0, 32;
    %assign/vec4 v000001b731ba10a0_0, 0;
    %pushi/vec4 0, 0, 32;
    %assign/vec4 v000001b731b9fde0_0, 0;
    %pushi/vec4 0, 0, 32;
    %assign/vec4 v000001b731ba1000_0, 0;
    %pushi/vec4 0, 0, 32;
    %assign/vec4 v000001b731ba0d80_0, 0;
    %pushi/vec4 0, 0, 32;
    %assign/vec4 v000001b731ba0060_0, 0;
    %pushi/vec4 0, 0, 32;
    %assign/vec4 v000001b731b9fb60_0, 0;
    %jmp T_4.1;
T_4.0 ;
    %load/vec4 v000001b731b9fc00_0;
    %load/vec4 v000001b731ba0880_0;
    %sub;
    %assign/vec4 v000001b731ba1000_0, 0;
    %load/vec4 v000001b731ba10a0_0;
    %assign/vec4 v000001b731ba0d80_0, 0;
    %load/vec4 v000001b731b9fde0_0;
    %assign/vec4 v000001b731ba0060_0, 0;
    %load/vec4 v000001b731b9fc00_0;
    %load/vec4 v000001b731ba0880_0;
    %sub;
    %assign/vec4 v000001b731ba10a0_0, 0;
    %load/vec4 v000001b731ba10a0_0;
    %assign/vec4 v000001b731b9fde0_0, 0;
    %load/vec4 v000001b731b9fd40_0;
    %assign/vec4 v000001b731b9fb60_0, 0;
T_4.1 ;
    %jmp T_4;
    .thread T_4;
    .scope S_000001b731ba2340;
T_5 ;
    %wait E_000001b731b216e0;
    %load/vec4 v000001b731ba40f0_0;
    %nor/r;
    %flag_set/vec4 8;
    %jmp/0xz  T_5.0, 8;
    %pushi/vec4 0, 0, 32;
    %assign/vec4 v000001b731ba4ff0_0, 0;
    %pushi/vec4 0, 0, 32;
    %assign/vec4 v000001b731ba47d0_0, 0;
    %pushi/vec4 0, 0, 32;
    %assign/vec4 v000001b731ba4d70_0, 0;
    %pushi/vec4 0, 0, 32;
    %assign/vec4 v000001b731ba4190_0, 0;
    %pushi/vec4 0, 0, 32;
    %assign/vec4 v000001b731ba3d30_0, 0;
    %pushi/vec4 0, 0, 32;
    %assign/vec4 v000001b731ba5770_0, 0;
    %jmp T_5.1;
T_5.0 ;
    %load/vec4 v000001b731ba56d0_0;
    %load/vec4 v000001b731ba45f0_0;
    %sub;
    %assign/vec4 v000001b731ba4d70_0, 0;
    %load/vec4 v000001b731ba4ff0_0;
    %assign/vec4 v000001b731ba4190_0, 0;
    %load/vec4 v000001b731ba47d0_0;
    %assign/vec4 v000001b731ba3d30_0, 0;
    %load/vec4 v000001b731ba56d0_0;
    %load/vec4 v000001b731ba45f0_0;
    %sub;
    %assign/vec4 v000001b731ba4ff0_0, 0;
    %load/vec4 v000001b731ba4ff0_0;
    %assign/vec4 v000001b731ba47d0_0, 0;
    %load/vec4 v000001b731ba5810_0;
    %assign/vec4 v000001b731ba5770_0, 0;
T_5.1 ;
    %jmp T_5;
    .thread T_5;
    .scope S_000001b731ba32e0;
T_6 ;
    %wait E_000001b731b216e0;
    %load/vec4 v000001b731ba7d70_0;
    %nor/r;
    %flag_set/vec4 8;
    %jmp/0xz  T_6.0, 8;
    %pushi/vec4 0, 0, 32;
    %assign/vec4 v000001b731ba90d0_0, 0;
    %pushi/vec4 0, 0, 32;
    %assign/vec4 v000001b731ba8310_0, 0;
    %pushi/vec4 0, 0, 32;
    %assign/vec4 v000001b731ba7cd0_0, 0;
    %pushi/vec4 0, 0, 32;
    %assign/vec4 v000001b731ba7b90_0, 0;
    %pushi/vec4 0, 0, 32;
    %assign/vec4 v000001b731ba7190_0, 0;
    %pushi/vec4 0, 0, 32;
    %assign/vec4 v000001b731ba7c30_0, 0;
    %jmp T_6.1;
T_6.0 ;
    %load/vec4 v000001b731ba8a90_0;
    %load/vec4 v000001b731ba7910_0;
    %sub;
    %assign/vec4 v000001b731ba7cd0_0, 0;
    %load/vec4 v000001b731ba90d0_0;
    %assign/vec4 v000001b731ba7b90_0, 0;
    %load/vec4 v000001b731ba8310_0;
    %assign/vec4 v000001b731ba7190_0, 0;
    %load/vec4 v000001b731ba8a90_0;
    %load/vec4 v000001b731ba7910_0;
    %sub;
    %assign/vec4 v000001b731ba90d0_0, 0;
    %load/vec4 v000001b731ba90d0_0;
    %assign/vec4 v000001b731ba8310_0, 0;
    %load/vec4 v000001b731ba72d0_0;
    %assign/vec4 v000001b731ba7c30_0, 0;
T_6.1 ;
    %jmp T_6;
    .thread T_6;
    .scope S_000001b731ba3470;
T_7 ;
    %wait E_000001b731b216e0;
    %load/vec4 v000001b731ba9990_0;
    %nor/r;
    %flag_set/vec4 8;
    %jmp/0xz  T_7.0, 8;
    %pushi/vec4 0, 0, 32;
    %assign/vec4 v000001b731ba9c10_0, 0;
    %pushi/vec4 0, 0, 32;
    %assign/vec4 v000001b731baa570_0, 0;
    %pushi/vec4 0, 0, 32;
    %assign/vec4 v000001b731ba9d50_0, 0;
    %pushi/vec4 0, 0, 32;
    %assign/vec4 v000001b731ba9f30_0, 0;
    %pushi/vec4 0, 0, 32;
    %assign/vec4 v000001b731ba9a30_0, 0;
    %pushi/vec4 0, 0, 32;
    %assign/vec4 v000001b731ba97b0_0, 0;
    %jmp T_7.1;
T_7.0 ;
    %load/vec4 v000001b731baa250_0;
    %load/vec4 v000001b731baa930_0;
    %sub;
    %assign/vec4 v000001b731ba9d50_0, 0;
    %load/vec4 v000001b731ba9c10_0;
    %assign/vec4 v000001b731ba9f30_0, 0;
    %load/vec4 v000001b731baa570_0;
    %assign/vec4 v000001b731ba9a30_0, 0;
    %load/vec4 v000001b731baa250_0;
    %load/vec4 v000001b731baa930_0;
    %sub;
    %assign/vec4 v000001b731ba9c10_0, 0;
    %load/vec4 v000001b731ba9c10_0;
    %assign/vec4 v000001b731baa570_0, 0;
    %load/vec4 v000001b731baa430_0;
    %assign/vec4 v000001b731ba97b0_0, 0;
T_7.1 ;
    %jmp T_7;
    .thread T_7;
    .scope S_000001b731a86110;
T_8 ;
    %wait E_000001b731b216e0;
    %load/vec4 v000001b731bac220_0;
    %nor/r;
    %flag_set/vec4 8;
    %jmp/0xz  T_8.0, 8;
    %pushi/vec4 5376, 0, 32;
    %store/vec4 v000001b731ba9df0_0, 0, 32;
    %pushi/vec4 14848, 0, 32;
    %store/vec4 v000001b731baa1b0_0, 0, 32;
    %pushi/vec4 0, 0, 32;
    %store/vec4 v000001b731bab320_0, 0, 32;
    %pushi/vec4 4294854143, 0, 32;
    %store/vec4 v000001b731bad760_0, 0, 32;
    %pushi/vec4 0, 0, 32;
    %store/vec4 v000001b731baa6b0_0, 0, 32;
    %pushi/vec4 4294929663, 0, 32;
    %store/vec4 v000001b731ba9cb0_0, 0, 32;
    %pushi/vec4 0, 0, 32;
    %store/vec4 v000001b731bad1c0_0, 0, 32;
    %pushi/vec4 4294929663, 0, 32;
    %store/vec4 v000001b731babc80_0, 0, 32;
    %pushi/vec4 25600, 0, 32;
    %store/vec4 v000001b731baa750_0, 0, 32;
    %pushi/vec4 22272, 0, 32;
    %store/vec4 v000001b731ba9e90_0, 0, 32;
    %pushi/vec4 148736, 0, 32;
    %store/vec4 v000001b731bad3a0_0, 0, 32;
    %pushi/vec4 87552, 0, 32;
    %store/vec4 v000001b731bab500_0, 0, 32;
    %pushi/vec4 4294923519, 0, 32;
    %store/vec4 v000001b731baa7f0_0, 0, 32;
    %pushi/vec4 25344, 0, 32;
    %store/vec4 v000001b731baa9d0_0, 0, 32;
    %pushi/vec4 4294818815, 0, 32;
    %store/vec4 v000001b731bac720_0, 0, 32;
    %pushi/vec4 87552, 0, 32;
    %store/vec4 v000001b731bab780_0, 0, 32;
    %pushi/vec4 42496, 0, 32;
    %store/vec4 v000001b731baaa70_0, 0, 32;
    %pushi/vec4 36352, 0, 32;
    %store/vec4 v000001b731baab10_0, 0, 32;
    %pushi/vec4 128256, 0, 32;
    %store/vec4 v000001b731bab460_0, 0, 32;
    %pushi/vec4 65536, 0, 32;
    %store/vec4 v000001b731bac5e0_0, 0, 32;
    %pushi/vec4 4294907391, 0, 32;
    %store/vec4 v000001b731baabb0_0, 0, 32;
    %pushi/vec4 38400, 0, 32;
    %store/vec4 v000001b731baac50_0, 0, 32;
    %pushi/vec4 4294839295, 0, 32;
    %store/vec4 v000001b731babe60_0, 0, 32;
    %pushi/vec4 65536, 0, 32;
    %store/vec4 v000001b731bad300_0, 0, 32;
    %pushi/vec4 55808, 0, 32;
    %store/vec4 v000001b731babd20_0, 0, 32;
    %pushi/vec4 54016, 0, 32;
    %store/vec4 v000001b731bac400_0, 0, 32;
    %pushi/vec4 111360, 0, 32;
    %store/vec4 v000001b731bab5a0_0, 0, 32;
    %pushi/vec4 49152, 0, 32;
    %store/vec4 v000001b731baca40_0, 0, 32;
    %pushi/vec4 4294892799, 0, 32;
    %store/vec4 v000001b731baccc0_0, 0, 32;
    %pushi/vec4 55296, 0, 32;
    %store/vec4 v000001b731babdc0_0, 0, 32;
    %pushi/vec4 4294856191, 0, 32;
    %store/vec4 v000001b731bacf40_0, 0, 32;
    %pushi/vec4 49152, 0, 32;
    %store/vec4 v000001b731bab8c0_0, 0, 32;
    %pushi/vec4 192, 0, 32;
    %store/vec4 v000001b731bac680_0, 0, 32;
    %pushi/vec4 0, 0, 32;
    %assign/vec4 v000001b731baba00_0, 0;
    %pushi/vec4 0, 0, 16;
    %assign/vec4 v000001b731bab6e0_0, 0;
    %pushi/vec4 0, 0, 1;
    %assign/vec4 v000001b731babbe0_0, 0;
    %pushi/vec4 0, 0, 32;
    %assign/vec4 v000001b731bac0e0_0, 0;
    %pushi/vec4 0, 0, 32;
    %assign/vec4 v000001b731bac180_0, 0;
    %jmp T_8.1;
T_8.0 ;
    %load/vec4 v000001b731bac4a0_0;
    %assign/vec4 v000001b731baba00_0, 0;
    %load/vec4 v000001b731bad260_0;
    %assign/vec4 v000001b731bac0e0_0, 0;
    %load/vec4 v000001b731bac540_0;
    %assign/vec4 v000001b731bac180_0, 0;
    %load/vec4 v000001b731bab6e0_0;
    %addi 1, 0, 16;
    %assign/vec4 v000001b731bab6e0_0, 0;
    %load/vec4 v000001b731bab6e0_0;
    %pad/u 32;
    %cmpi/e 10018, 0, 32;
    %jmp/0xz  T_8.2, 4;
    %pushi/vec4 1, 0, 1;
    %assign/vec4 v000001b731babbe0_0, 0;
T_8.2 ;
T_8.1 ;
    %jmp T_8;
    .thread T_8;
    .scope S_000001b731ba2b10;
T_9 ;
    %vpi_func 6 10 "$fopen" 32, "s_pb.txt", "w" {0 0 0};
    %store/vec4 v000001b731bab820_0, 0, 32;
    %end;
    .thread T_9;
    .scope S_000001b731ba2b10;
T_10 ;
    %wait E_000001b731b216e0;
    %load/vec4 v000001b731bab960_0;
    %nor/r;
    %flag_set/vec4 8;
    %jmp/0xz  T_10.0, 8;
    %jmp T_10.1;
T_10.0 ;
    %load/vec4 v000001b731bad440_0;
    %nor/r;
    %load/vec4 v000001b731bac7c0_0;
    %and;
    %flag_set/vec4 8;
    %jmp/0xz  T_10.2, 8;
    %vpi_call 6 19 "$fwrite", v000001b731bab820_0, "%h\012", v000001b731bad6c0_0 {0 0 0};
T_10.2 ;
T_10.1 ;
    %jmp T_10;
    .thread T_10;
    .scope S_000001b731b26370;
T_11 ;
    %vpi_call 2 16 "$display", "start a clock pulse" {0 0 0};
    %vpi_call 2 17 "$dumpfile", "wave.vcd" {0 0 0};
    %vpi_call 2 18 "$dumpvars", 32'sb00000000000000000000000000000000, S_000001b731b26370 {0 0 0};
    %vpi_call 2 19 "$readmemb", "s_after_pre.txt", v000001b731bac2c0 {0 0 0};
    %pushi/vec4 0, 0, 1;
    %assign/vec4 v000001b731babaa0_0, 0;
    %pushi/vec4 1, 0, 1;
    %assign/vec4 v000001b731bac860_0, 0;
    %delay 10, 0;
    %pushi/vec4 0, 0, 1;
    %assign/vec4 v000001b731bac860_0, 0;
    %delay 10, 0;
    %pushi/vec4 1, 0, 1;
    %assign/vec4 v000001b731bac860_0, 0;
T_11.0 ;
    %load/vec4 v000001b731babb40_0;
    %nor/r;
    %flag_set/vec4 8;
    %jmp/0xz T_11.1, 8;
    %delay 5, 0;
    %jmp T_11.0;
T_11.1 ;
    %vpi_call 2 26 "$finish" {0 0 0};
    %vpi_call 2 27 "$display", "finish!" {0 0 0};
    %end;
    .thread T_11;
    .scope S_000001b731b26370;
T_12 ;
    %wait E_000001b731b216e0;
    %load/vec4 v000001b731bac860_0;
    %nor/r;
    %flag_set/vec4 8;
    %jmp/0xz  T_12.0, 8;
    %pushi/vec4 0, 0, 1;
    %assign/vec4 v000001b731bacc20_0, 0;
    %pushi/vec4 0, 0, 5;
    %assign/vec4 v000001b731bad580_0, 0;
    %jmp T_12.1;
T_12.0 ;
    %load/vec4 v000001b731bad580_0;
    %pad/u 32;
    %cmpi/u 19, 0, 32;
    %flag_or 5, 4;
    %jmp/0xz  T_12.2, 5;
    %load/vec4 v000001b731bad580_0;
    %addi 1, 0, 5;
    %store/vec4 v000001b731bad580_0, 0, 5;
T_12.2 ;
    %load/vec4 v000001b731bad580_0;
    %pad/u 32;
    %cmpi/e 19, 0, 32;
    %jmp/0xz  T_12.4, 4;
    %pushi/vec4 1, 0, 1;
    %assign/vec4 v000001b731bacc20_0, 0;
T_12.4 ;
T_12.1 ;
    %jmp T_12;
    .thread T_12;
    .scope S_000001b731b26370;
T_13 ;
    %delay 80, 0;
    %load/vec4 v000001b731babaa0_0;
    %inv;
    %store/vec4 v000001b731babaa0_0, 0, 1;
    %jmp T_13;
    .thread T_13;
# The file index is used to find the file name in the following table.
:file_names 7;
    "N/A";
    "<interactive>";
    "A2_tb.v";
    "././A2.v";
    "././fixpmul.v";
    "././pe.v";
    "././output_tb.v";
